#
# There is insufficient memory for the Java Runtime Environment to continue.
# Native memory allocation (malloc) failed to allocate 692976 bytes for Chunk::new
# Possible reasons:
#   The system is out of physical RAM or swap space
#   In 32 bit mode, the process size limit was hit
# Possible solutions:
#   Reduce memory load on the system
#   Increase physical memory or swap space
#   Check if swap backing store is full
#   Use 64 bit Java on a 64 bit OS
#   Decrease Java heap size (-Xmx/-Xms)
#   Decrease number of Java threads
#   Decrease Java thread stack sizes (-Xss)
#   Set larger code cache with -XX:ReservedCodeCacheSize=
# This output file may be truncated or incomplete.
#
#  Out of Memory Error (allocation.cpp:390), pid=4268, tid=0x0000000000002348
#
# JRE version: OpenJDK Runtime Environment (8.0_112-b06) (build 1.8.0_112-release-b06)
# Java VM: OpenJDK 64-Bit Server VM (25.112-b06 mixed mode windows-amd64 compressed oops)
# Failed to write core dump. Minidumps are not enabled by default on client versions of Windows
#

---------------  T H R E A D  ---------------

Current thread (0x000000001985d000):  JavaThread "C2 CompilerThread1" daemon [_thread_in_native, id=9032, stack(0x000000001afd0000,0x000000001b0d0000)]

Stack: [0x000000001afd0000,0x000000001b0d0000]
[error occurred during error reporting (printing stack bounds), id 0xc0000005]

Native frames: (J=compiled Java code, j=interpreted, Vv=VM code, C=native code)


Current CompileTask:
C2:  13099 5118   !   4       com.sun.beans.TypeResolver::resolve (274 bytes)


---------------  P R O C E S S  ---------------

Java Threads: ( => current thread )
  0x000000001d362800 JavaThread "File lock request listener" [_thread_in_native, id=11412, stack(0x000000001f4a0000,0x000000001f5a0000)]
  0x000000001caa0000 JavaThread "Stdin handler" [_thread_blocked, id=14352, stack(0x000000001f1a0000,0x000000001f2a0000)]
  0x000000001ca9f800 JavaThread "Asynchronous log dispatcher for DefaultDaemonConnection: socket connection from /127.0.0.1:60482 to /127.0.0.1:60483" [_thread_blocked, id=2704, stack(0x000000001f0a0000,0x000000001f1a0000)]
  0x000000001c64a000 JavaThread "Daemon worker" [_thread_in_Java, id=11792, stack(0x000000001efa0000,0x000000001f0a0000)]
  0x000000001c706800 JavaThread "Cancel handler" [_thread_blocked, id=16516, stack(0x000000001eea0000,0x000000001efa0000)]
  0x000000001c8ae000 JavaThread "pool-1-thread-1" [_thread_blocked, id=9148, stack(0x000000001eda0000,0x000000001eea0000)]
  0x000000001c8a5000 JavaThread "Handler for socket connection from /127.0.0.1:60482 to /127.0.0.1:60483" [_thread_in_native, id=572, stack(0x000000001eca0000,0x000000001eda0000)]
  0x000000001c821000 JavaThread "Daemon" [_thread_blocked, id=11224, stack(0x000000001eba0000,0x000000001eca0000)]
  0x000000001c679000 JavaThread "Incoming local TCP Connector on port 60482" [_thread_in_native, id=12176, stack(0x000000001d1f0000,0x000000001d2f0000)]
  0x00000000198bb000 JavaThread "Service Thread" daemon [_thread_blocked, id=17272, stack(0x000000001b5d0000,0x000000001b6d0000)]
  0x00000000198ac000 JavaThread "C1 CompilerThread2" daemon [_thread_in_vm, id=8236, stack(0x000000001b0d0000,0x000000001b1d0000)]
=>0x000000001985d000 JavaThread "C2 CompilerThread1" daemon [_thread_in_native, id=9032, stack(0x000000001afd0000,0x000000001b0d0000)]
  0x000000001986b000 JavaThread "C2 CompilerThread0" daemon [_thread_in_native, id=10708, stack(0x000000001aed0000,0x000000001afd0000)]
  0x0000000019869800 JavaThread "Attach Listener" daemon [_thread_blocked, id=12820, stack(0x000000001add0000,0x000000001aed0000)]
  0x0000000019868000 JavaThread "Signal Dispatcher" daemon [_thread_blocked, id=13756, stack(0x000000001acd0000,0x000000001add0000)]
  0x000000001984e000 JavaThread "Finalizer" daemon [_thread_blocked, id=8468, stack(0x000000001aab0000,0x000000001abb0000)]
  0x0000000004bd2000 JavaThread "Reference Handler" daemon [_thread_blocked, id=11340, stack(0x000000001a9b0000,0x000000001aab0000)]
  0x0000000004ae2800 JavaThread "main" [_thread_blocked, id=15316, stack(0x00000000049c0000,0x0000000004ac0000)]

Other Threads:
  0x0000000019825800 VMThread [stack: 0x000000001a8b0000,0x000000001a9b0000] [id=4160]
  0x00000000198bb800 WatcherThread [stack: 0x000000001b6d0000,0x000000001b7d0000] [id=11768]

VM state:not at safepoint (normal execution)

VM Mutex/Monitor currently owned by a thread: None

Heap:
 PSYoungGen      total 71680K, used 7747K [0x00000000d5580000, 0x00000000da080000, 0x0000000100000000)
  eden space 66560K, 3% used [0x00000000d5580000,0x00000000d5818c60,0x00000000d9680000)
  from space 5120K, 99% used [0x00000000d9b80000,0x00000000da078210,0x00000000da080000)
  to   space 5120K, 0% used [0x00000000d9680000,0x00000000d9680000,0x00000000d9b80000)
 ParOldGen       total 60416K, used 31681K [0x0000000080000000, 0x0000000083b00000, 0x00000000d5580000)
  object space 60416K, 52% used [0x0000000080000000,0x0000000081ef05a8,0x0000000083b00000)
 Metaspace       used 47053K, capacity 48558K, committed 48856K, reserved 1091584K
  class space    used 6398K, capacity 6750K, committed 6872K, reserved 1048576K

Card table byte_map: [0x0000000014000000,0x0000000014410000] byte_map_base: 0x0000000013c00000

Marking Bits: (ParMarkBitMap*) 0x000000005da418f0
 Begin Bits: [0x0000000014ac0000, 0x0000000016ac0000)
 End Bits:   [0x0000000016ac0000, 0x0000000018ac0000)

Polling page: 0x00000000031a0000

CodeCache: size=245760Kb used=18485Kb max_used=18485Kb free=227274Kb
 bounds [0x0000000004c40000, 0x0000000005e60000, 0x0000000013c40000]
 total_blobs=5846 nmethods=5110 adapters=648
 compilation: enabled

Compilation events (10 events):
Event: 13.062 Thread 0x00000000198ac000 5464       2       org.gradle.api.internal.project.taskfactory.DefaultTaskClassValidatorExtractor$DefaultTaskPropertyActionContext::setConfigureAction (6 bytes)
Event: 13.062 Thread 0x00000000198ac000 nmethod 5464 0x0000000005e554d0 code [0x0000000005e55620, 0x0000000005e55790]
Event: 13.062 Thread 0x00000000198ac000 5465       2       com.google.common.base.Ticker$1::read (4 bytes)
Event: 13.062 Thread 0x00000000198ac000 nmethod 5465 0x0000000005e55810 code [0x0000000005e55960, 0x0000000005e55ab0]
Event: 13.062 Thread 0x00000000198ac000 5467       2       org.gradle.api.internal.project.taskfactory.InputPropertyAnnotationHandler$1::update (23 bytes)
Event: 13.063 Thread 0x00000000198ac000 nmethod 5467 0x0000000005e55b50 code [0x0000000005e55cc0, 0x0000000005e55ea8]
Event: 13.063 Thread 0x00000000198ac000 5466       2       com.google.common.base.Platform::systemNanoTime (4 bytes)
Event: 13.063 Thread 0x00000000198ac000 nmethod 5466 0x0000000005e56010 code [0x0000000005e56160, 0x0000000005e56290]
Event: 13.064 Thread 0x00000000198ac000 5468       2       org.codehaus.groovy.runtime.metaclass.MetaClassRegistryImpl::getMetaClass (8 bytes)
Event: 13.065 Thread 0x00000000198ac000 nmethod 5468 0x0000000005e56310 code [0x0000000005e56520, 0x0000000005e56af8]

GC Heap History (10 events):
Event: 7.120 GC heap before
{Heap before GC invocations=8 (full 1):
 PSYoungGen      total 71680K, used 51625K [0x00000000d5580000, 0x00000000da080000, 0x0000000100000000)
  eden space 66560K, 69% used [0x00000000d5580000,0x00000000d82ee448,0x00000000d9680000)
  from space 5120K, 99% used [0x00000000d9b80000,0x00000000da07c030,0x00000000da080000)
  to   space 5120K, 0% used [0x00000000d9680000,0x00000000d9680000,0x00000000d9b80000)
 ParOldGen       total 60416K, used 14422K [0x0000000080000000, 0x0000000083b00000, 0x00000000d5580000)
  object space 60416K, 23% used [0x0000000080000000,0x0000000080e15a08,0x0000000083b00000)
 Metaspace       used 34625K, capacity 35256K, committed 35416K, reserved 1079296K
  class space    used 4657K, capacity 4880K, committed 4952K, reserved 1048576K
Event: 7.133 GC heap after
Heap after GC invocations=8 (full 1):
 PSYoungGen      total 71680K, used 5088K [0x00000000d5580000, 0x00000000da080000, 0x0000000100000000)
  eden space 66560K, 0% used [0x00000000d5580000,0x00000000d5580000,0x00000000d9680000)
  from space 5120K, 99% used [0x00000000d9680000,0x00000000d9b78010,0x00000000d9b80000)
  to   space 5120K, 0% used [0x00000000d9b80000,0x00000000d9b80000,0x00000000da080000)
 ParOldGen       total 60416K, used 19470K [0x0000000080000000, 0x0000000083b00000, 0x00000000d5580000)
  object space 60416K, 32% used [0x0000000080000000,0x00000000813039b8,0x0000000083b00000)
 Metaspace       used 34625K, capacity 35256K, committed 35416K, reserved 1079296K
  class space    used 4657K, capacity 4880K, committed 4952K, reserved 1048576K
}
Event: 7.133 GC heap before
{Heap before GC invocations=9 (full 2):
 PSYoungGen      total 71680K, used 5088K [0x00000000d5580000, 0x00000000da080000, 0x0000000100000000)
  eden space 66560K, 0% used [0x00000000d5580000,0x00000000d5580000,0x00000000d9680000)
  from space 5120K, 99% used [0x00000000d9680000,0x00000000d9b78010,0x00000000d9b80000)
  to   space 5120K, 0% used [0x00000000d9b80000,0x00000000d9b80000,0x00000000da080000)
 ParOldGen       total 60416K, used 19470K [0x0000000080000000, 0x0000000083b00000, 0x00000000d5580000)
  object space 60416K, 32% used [0x0000000080000000,0x00000000813039b8,0x0000000083b00000)
 Metaspace       used 34625K, capacity 35256K, committed 35416K, reserved 1079296K
  class space    used 4657K, capacity 4880K, committed 4952K, reserved 1048576K
Event: 7.204 GC heap after
Heap after GC invocations=9 (full 2):
 PSYoungGen      total 71680K, used 0K [0x00000000d5580000, 0x00000000da080000, 0x0000000100000000)
  eden space 66560K, 0% used [0x00000000d5580000,0x00000000d5580000,0x00000000d9680000)
  from space 5120K, 0% used [0x00000000d9680000,0x00000000d9680000,0x00000000d9b80000)
  to   space 5120K, 0% used [0x00000000d9b80000,0x00000000d9b80000,0x00000000da080000)
 ParOldGen       total 60416K, used 17003K [0x0000000080000000, 0x0000000083b00000, 0x00000000d5580000)
  object space 60416K, 28% used [0x0000000080000000,0x000000008109aff0,0x0000000083b00000)
 Metaspace       used 34625K, capacity 35256K, committed 35416K, reserved 1079296K
  class space    used 4657K, capacity 4880K, committed 4952K, reserved 1048576K
}
Event: 8.302 GC heap before
{Heap before GC invocations=10 (full 2):
 PSYoungGen      total 71680K, used 66560K [0x00000000d5580000, 0x00000000da080000, 0x0000000100000000)
  eden space 66560K, 100% used [0x00000000d5580000,0x00000000d9680000,0x00000000d9680000)
  from space 5120K, 0% used [0x00000000d9680000,0x00000000d9680000,0x00000000d9b80000)
  to   space 5120K, 0% used [0x00000000d9b80000,0x00000000d9b80000,0x00000000da080000)
 ParOldGen       total 60416K, used 17003K [0x0000000080000000, 0x0000000083b00000, 0x00000000d5580000)
  object space 60416K, 28% used [0x0000000080000000,0x000000008109aff0,0x0000000083b00000)
 Metaspace       used 37860K, capacity 38628K, committed 38872K, reserved 1083392K
  class space    used 5077K, capacity 5265K, committed 5336K, reserved 1048576K
Event: 8.309 GC heap after
Heap after GC invocations=10 (full 2):
 PSYoungGen      total 71680K, used 5090K [0x00000000d5580000, 0x00000000da080000, 0x0000000100000000)
  eden space 66560K, 0% used [0x00000000d5580000,0x00000000d5580000,0x00000000d9680000)
  from space 5120K, 99% used [0x00000000d9b80000,0x00000000da078a88,0x00000000da080000)
  to   space 5120K, 0% used [0x00000000d9680000,0x00000000d9680000,0x00000000d9b80000)
 ParOldGen       total 60416K, used 19391K [0x0000000080000000, 0x0000000083b00000, 0x00000000d5580000)
  object space 60416K, 32% used [0x0000000080000000,0x00000000812efda0,0x0000000083b00000)
 Metaspace       used 37860K, capacity 38628K, committed 38872K, reserved 1083392K
  class space    used 5077K, capacity 5265K, committed 5336K, reserved 1048576K
}
Event: 11.106 GC heap before
{Heap before GC invocations=11 (full 2):
 PSYoungGen      total 71680K, used 71650K [0x00000000d5580000, 0x00000000da080000, 0x0000000100000000)
  eden space 66560K, 100% used [0x00000000d5580000,0x00000000d9680000,0x00000000d9680000)
  from space 5120K, 99% used [0x00000000d9b80000,0x00000000da078a88,0x00000000da080000)
  to   space 5120K, 0% used [0x00000000d9680000,0x00000000d9680000,0x00000000d9b80000)
 ParOldGen       total 60416K, used 19391K [0x0000000080000000, 0x0000000083b00000, 0x00000000d5580000)
  object space 60416K, 32% used [0x0000000080000000,0x00000000812efda0,0x0000000083b00000)
 Metaspace       used 43035K, capacity 43920K, committed 44248K, reserved 1087488K
  class space    used 5780K, capacity 5991K, committed 6104K, reserved 1048576K
Event: 11.115 GC heap after
Heap after GC invocations=11 (full 2):
 PSYoungGen      total 71680K, used 5091K [0x00000000d5580000, 0x00000000da080000, 0x0000000100000000)
  eden space 66560K, 0% used [0x00000000d5580000,0x00000000d5580000,0x00000000d9680000)
  from space 5120K, 99% used [0x00000000d9680000,0x00000000d9b78c88,0x00000000d9b80000)
  to   space 5120K, 0% used [0x00000000d9b80000,0x00000000d9b80000,0x00000000da080000)
 ParOldGen       total 60416K, used 23668K [0x0000000080000000, 0x0000000083b00000, 0x00000000d5580000)
  object space 60416K, 39% used [0x0000000080000000,0x000000008171d1c8,0x0000000083b00000)
 Metaspace       used 43035K, capacity 43920K, committed 44248K, reserved 1087488K
  class space    used 5780K, capacity 5991K, committed 6104K, reserved 1048576K
}
Event: 13.068 GC heap before
{Heap before GC invocations=12 (full 2):
 PSYoungGen      total 71680K, used 71651K [0x00000000d5580000, 0x00000000da080000, 0x0000000100000000)
  eden space 66560K, 100% used [0x00000000d5580000,0x00000000d9680000,0x00000000d9680000)
  from space 5120K, 99% used [0x00000000d9680000,0x00000000d9b78c88,0x00000000d9b80000)
  to   space 5120K, 0% used [0x00000000d9b80000,0x00000000d9b80000,0x00000000da080000)
 ParOldGen       total 60416K, used 23668K [0x0000000080000000, 0x0000000083b00000, 0x00000000d5580000)
  object space 60416K, 39% used [0x0000000080000000,0x000000008171d1c8,0x0000000083b00000)
 Metaspace       used 47032K, capacity 48510K, committed 48728K, reserved 1091584K
  class space    used 6393K, capacity 6742K, committed 6744K, reserved 1048576K
Event: 13.090 GC heap after
Heap after GC invocations=12 (full 2):
 PSYoungGen      total 71680K, used 5088K [0x00000000d5580000, 0x00000000da080000, 0x0000000100000000)
  eden space 66560K, 0% used [0x00000000d5580000,0x00000000d5580000,0x00000000d9680000)
  from space 5120K, 99% used [0x00000000d9b80000,0x00000000da078210,0x00000000da080000)
  to   space 5120K, 0% used [0x00000000d9680000,0x00000000d9680000,0x00000000d9b80000)
 ParOldGen       total 60416K, used 31681K [0x0000000080000000, 0x0000000083b00000, 0x00000000d5580000)
  object space 60416K, 52% used [0x0000000080000000,0x0000000081ef05a8,0x0000000083b00000)
 Metaspace       used 47032K, capacity 48510K, committed 48728K, reserved 1091584K
  class space    used 6393K, capacity 6742K, committed 6744K, reserved 1048576K
}

Deoptimization events (10 events):
Event: 12.084 Thread 0x000000001c64a000 Uncommon trap: reason=class_check action=maybe_recompile pc=0x0000000005980f38 method=com.google.common.collect.AbstractMapBasedMultimap$WrappedCollection.refreshIfEmpty()V @ 59
Event: 12.084 Thread 0x000000001c64a000 Uncommon trap: reason=class_check action=maybe_recompile pc=0x0000000005980f38 method=com.google.common.collect.AbstractMapBasedMultimap$WrappedCollection.refreshIfEmpty()V @ 59
Event: 12.084 Thread 0x000000001c64a000 Uncommon trap: reason=class_check action=maybe_recompile pc=0x0000000005980f38 method=com.google.common.collect.AbstractMapBasedMultimap$WrappedCollection.refreshIfEmpty()V @ 59
Event: 12.084 Thread 0x000000001c64a000 Uncommon trap: reason=class_check action=maybe_recompile pc=0x0000000005980f38 method=com.google.common.collect.AbstractMapBasedMultimap$WrappedCollection.refreshIfEmpty()V @ 59
Event: 12.224 Thread 0x000000001c64a000 Uncommon trap: reason=unstable_if action=reinterpret pc=0x0000000005b11154 method=java.util.HashMap$HashIterator.<init>(Ljava/util/HashMap;)V @ 45
Event: 12.441 Thread 0x000000001c64a000 Uncommon trap: reason=unstable_if action=reinterpret pc=0x00000000058a9020 method=java.io.WinNTFileSystem.normalizePrefix(Ljava/lang/String;ILjava/lang/StringBuffer;)I @ 62
Event: 12.713 Thread 0x000000001c64a000 Uncommon trap: reason=unstable_if action=reinterpret pc=0x0000000005c3a26c method=java.io.WinNTFileSystem.prefixLength(Ljava/lang/String;)I @ 11
Event: 12.833 Thread 0x000000001c64a000 Uncommon trap: reason=unstable_if action=reinterpret pc=0x000000000542f0c4 method=org.objectweb.asm.Type.getArgumentsAndReturnSizes(Ljava/lang/String;)I @ 47
Event: 12.893 Thread 0x000000001c64a000 Uncommon trap: reason=unstable_if action=reinterpret pc=0x0000000005d992b4 method=java.util.TreeMap.put(Ljava/lang/Object;Ljava/lang/Object;)Ljava/lang/Object; @ 163
Event: 13.090 Thread 0x000000001984e000 Uncommon trap: reason=bimorphic action=maybe_recompile pc=0x0000000005519200 method=java.util.WeakHashMap.eq(Ljava/lang/Object;Ljava/lang/Object;)Z @ 7

Internal exceptions (10 events):
Event: 12.787 Thread 0x000000001c64a000 Exception <a 'java/lang/ClassNotFoundException': com/android/build/gradle/internal/tasks/UninstallTask_DecoratedBeanInfo> (0x00000000d8a5f8a8) thrown at [C:\src\android\AOSP-openjdk\external\jetbrains\jdk\hotspot\src\share\vm\classfile\systemDictionary.cppÁôÁì)@
Event: 12.787 Thread 0x000000001c64a000 Exception <a 'java/lang/ClassNotFoundException': com/android/build/gradle/internal/tasks/UninstallTaskBeanInfo> (0x00000000d8a72a50) thrown at [C:\src\android\AOSP-openjdk\external\jetbrains\jdk\hotspot\src\share\vm\classfile\systemDictionary.cpp, line 210@ù;œ3ì)@
Event: 12.788 Thread 0x000000001c64a000 Exception <a 'java/lang/ClassNotFoundException': com/android/build/gradle/internal/tasks/UninstallTaskCustomizer> (0x00000000d8a85fb8) thrown at [C:\src\android\AOSP-openjdk\external\jetbrains\jdk\hotspot\src\share\vm\classfile\systemDictionary.cpp, line 2¯˘à¨ì)@
Event: 12.788 Thread 0x000000001c64a000 Exception <a 'java/lang/ClassNotFoundException': com/android/build/gradle/internal/tasks/UninstallTask_DecoratedCustomizer> (0x00000000d8ab2088) thrown at [C:\src\android\AOSP-openjdk\external\jetbrains\jdk\hotspot\src\share\vm\classfile\systemDictionary.c~p&1Ë)@
Event: 12.953 Thread 0x000000001c64a000 Exception <a 'java/lang/ClassNotFoundException': com/android/build/gradle/internal/TaskManager$2BeanInfo> (0x00000000d93659c8) thrown at [C:\src\android\AOSP-openjdk\external\jetbrains\jdk\hotspot\src\share\vm\classfile\systemDictionary.cpp, line 210]
Event: 12.954 Thread 0x000000001c64a000 Exception <a 'java/lang/ClassNotFoundException': com/android/build/gradle/internal/TaskManager$2Customizer> (0x00000000d93778f0) thrown at [C:\src\android\AOSP-openjdk\external\jetbrains\jdk\hotspot\src\share\vm\classfile\systemDictionary.cpp, line 210]
Event: 13.065 Thread 0x000000001c64a000 Exception <a 'java/lang/ClassNotFoundException': com/android/build/gradle/tasks/ProcessTestManifest_DecoratedBeanInfo> (0x00000000d95cf1d8) thrown at [C:\src\android\AOSP-openjdk\external\jetbrains\jdk\hotspot\src\share\vm\classfile\systemDictionary.cpp, l
Event: 13.066 Thread 0x000000001c64a000 Exception <a 'java/lang/ClassNotFoundException': com/android/build/gradle/tasks/ProcessTestManifestBeanInfo> (0x00000000d95e1198) thrown at [C:\src\android\AOSP-openjdk\external\jetbrains\jdk\hotspot\src\share\vm\classfile\systemDictionary.cpp, line 210]
Event: 13.066 Thread 0x000000001c64a000 Exception <a 'java/lang/ClassNotFoundException': com/android/build/gradle/tasks/ProcessTestManifestCustomizer> (0x00000000d95f3c98) thrown at [C:\src\android\AOSP-openjdk\external\jetbrains\jdk\hotspot\src\share\vm\classfile\systemDictionary.cpp, line 210]H°Åe"*@
Event: 13.067 Thread 0x000000001c64a000 Exception <a 'java/lang/ClassNotFoundException': com/android/build/gradle/tasks/ProcessTestManifest_DecoratedCustomizer> (0x00000000d9644968) thrown at [C:\src\android\AOSP-openjdk\external\jetbrains\jdk\hotspot\src\share\vm\classfile\systemDictionary.cpp,Õº—U«í)@

Events (10 events):
Event: 13.090 Executing VM operation: RevokeBias
Event: 13.090 Executing VM operation: RevokeBias done
Event: 13.091 loading class com/android/builder/core/VariantConfiguration
Event: 13.091 loading class com/android/builder/core/VariantConfiguration done
Event: 13.091 loading class com/android/build/gradle/tasks/ProcessTestManifest$ConfigAction
Event: 13.091 loading class com/android/build/gradle/tasks/ProcessTestManifest$ConfigAction done
Event: 13.092 loading class com/android/builder/core/VariantConfiguration
Event: 13.092 loading class com/android/builder/core/VariantConfiguration done
Event: 13.092 loading class com/android/builder/core/VariantConfiguration
Event: 13.092 loading class com/android/builder/core/VariantConfiguration done


Dynamic libraries:
0x00007ff70e550000 - 0x00007ff70e581000 	C:\Program Files\Android\Android Studio\jre\bin\java.exe
0x00007ffc0c5d0000 - 0x00007ffc0c7b0000 	C:\WINDOWS\SYSTEM32\ntdll.dll
0x00007ffc0c440000 - 0x00007ffc0c4ee000 	C:\WINDOWS\System32\KERNEL32.DLL
0x00007ffc08a50000 - 0x00007ffc08cb6000 	C:\WINDOWS\System32\KERNELBASE.dll
0x00007ffc0a390000 - 0x00007ffc0a431000 	C:\WINDOWS\System32\ADVAPI32.dll
0x00007ffc0a2f0000 - 0x00007ffc0a38d000 	C:\WINDOWS\System32\msvcrt.dll
0x00007ffc0c150000 - 0x00007ffc0c1ab000 	C:\WINDOWS\System32\sechost.dll
0x00007ffc0c240000 - 0x00007ffc0c35f000 	C:\WINDOWS\System32\RPCRT4.dll
0x00007ffc0a760000 - 0x00007ffc0a8ef000 	C:\WINDOWS\System32\USER32.dll
0x00007ffc09600000 - 0x00007ffc09620000 	C:\WINDOWS\System32\win32u.dll
0x00007ffc0c370000 - 0x00007ffc0c398000 	C:\WINDOWS\System32\GDI32.dll
0x00007ffc09620000 - 0x00007ffc097b3000 	C:\WINDOWS\System32\gdi32full.dll
0x00007ffc09460000 - 0x00007ffc094fb000 	C:\WINDOWS\System32\msvcp_win.dll
0x00007ffc09500000 - 0x00007ffc095f6000 	C:\WINDOWS\System32\ucrtbase.dll
0x00007ffbfd640000 - 0x00007ffbfd8a9000 	C:\WINDOWS\WinSxS\amd64_microsoft.windows.common-controls_6595b64144ccf1df_6.0.16299.431_none_15c7d3ee93659e73\COMCTL32.dll
0x00007ffc0be40000 - 0x00007ffc0c148000 	C:\WINDOWS\System32\combase.dll
0x00007ffc089d0000 - 0x00007ffc08a42000 	C:\WINDOWS\System32\bcryptPrimitives.dll
0x00007ffc0c1b0000 - 0x00007ffc0c1dd000 	C:\WINDOWS\System32\IMM32.DLL
0x000000005e500000 - 0x000000005e5d2000 	C:\Program Files\Android\Android Studio\jre\jre\bin\msvcr100.dll
0x000000005d280000 - 0x000000005dabc000 	C:\Program Files\Android\Android Studio\jre\jre\bin\server\jvm.dll
0x00007ffc0a1e0000 - 0x00007ffc0a1e8000 	C:\WINDOWS\System32\PSAPI.DLL
0x00007ffc075b0000 - 0x00007ffc075b9000 	C:\WINDOWS\SYSTEM32\WSOCK32.dll
0x00007ffc0c3a0000 - 0x00007ffc0c40c000 	C:\WINDOWS\System32\WS2_32.dll
0x00007ffc067c0000 - 0x00007ffc067e3000 	C:\WINDOWS\SYSTEM32\WINMM.dll
0x00007ffc00d90000 - 0x00007ffc00d9a000 	C:\WINDOWS\SYSTEM32\VERSION.dll
0x00007ffc06760000 - 0x00007ffc0678a000 	C:\WINDOWS\SYSTEM32\WINMMBASE.dll
0x00007ffc09410000 - 0x00007ffc0945a000 	C:\WINDOWS\System32\cfgmgr32.dll
0x00007ffbfa120000 - 0x00007ffbfa12f000 	C:\Program Files\Android\Android Studio\jre\jre\bin\verify.dll
0x00007ffbda0a0000 - 0x00007ffbda0c9000 	C:\Program Files\Android\Android Studio\jre\jre\bin\java.dll
0x00007ffbe4d70000 - 0x00007ffbe4d86000 	C:\Program Files\Android\Android Studio\jre\jre\bin\zip.dll
0x00007ffc0aa00000 - 0x00007ffc0be38000 	C:\WINDOWS\System32\SHELL32.dll
0x00007ffc0c4f0000 - 0x00007ffc0c596000 	C:\WINDOWS\System32\shcore.dll
0x00007ffc08cc0000 - 0x00007ffc09407000 	C:\WINDOWS\System32\windows.storage.dll
0x00007ffc0a700000 - 0x00007ffc0a751000 	C:\WINDOWS\System32\shlwapi.dll
0x00007ffc089b0000 - 0x00007ffc089c1000 	C:\WINDOWS\System32\kernel.appcore.dll
0x00007ffc08940000 - 0x00007ffc0898c000 	C:\WINDOWS\System32\powrprof.dll
0x00007ffc08920000 - 0x00007ffc0893b000 	C:\WINDOWS\System32\profapi.dll
0x00007ffbda010000 - 0x00007ffbda02a000 	C:\Program Files\Android\Android Studio\jre\jre\bin\net.dll
0x0000000180000000 - 0x0000000180096000 	C:\WINDOWS\SYSTEM32\pcapwsp.dll
0x00007ffc081b0000 - 0x00007ffc08216000 	C:\WINDOWS\system32\mswsock.dll
0x00007ffbd55a0000 - 0x00007ffbd55b1000 	C:\Program Files\Android\Android Studio\jre\jre\bin\nio.dll
0x00007ffbd1ba0000 - 0x00007ffbd1bbe000 	C:\Users\CFAPAG\.gradle\native\23\windows-amd64\native-platform.dll
0x00007ffc08380000 - 0x00007ffc08397000 	C:\WINDOWS\SYSTEM32\CRYPTSP.dll
0x00007ffc07db0000 - 0x00007ffc07de3000 	C:\WINDOWS\system32\rsaenh.dll
0x00007ffc08480000 - 0x00007ffc084a5000 	C:\WINDOWS\SYSTEM32\bcrypt.dll
0x00007ffc08820000 - 0x00007ffc08849000 	C:\WINDOWS\SYSTEM32\USERENV.dll
0x00007ffc08370000 - 0x00007ffc0837b000 	C:\WINDOWS\SYSTEM32\CRYPTBASE.dll
0x00007ffc07f40000 - 0x00007ffc07f79000 	C:\WINDOWS\SYSTEM32\IPHLPAPI.DLL
0x00007ffc0c360000 - 0x00007ffc0c368000 	C:\WINDOWS\System32\NSI.dll
0x00007ffbfe710000 - 0x00007ffbfe726000 	C:\WINDOWS\SYSTEM32\dhcpcsvc6.DLL
0x00007ffbfee00000 - 0x00007ffbfee1a000 	C:\WINDOWS\SYSTEM32\dhcpcsvc.DLL
0x00007ffbfab00000 - 0x00007ffbfab0d000 	C:\Program Files\Android\Android Studio\jre\jre\bin\management.dll

VM Arguments:
jvm_args: -XX:MaxPermSize=512m -XX:+HeapDumpOnOutOfMemoryError -Xmx2048m -Dfile.encoding=UTF-8 -Duser.country=FR -Duser.language=fr -Duser.variant 
java_command: org.gradle.launcher.daemon.bootstrap.GradleDaemon 3.3
java_class_path (initial): C:\Users\CFAPAG\.gradle\wrapper\dists\gradle-3.3-all\55gk2rcmfc6p2dg9u9ohc3hw9\gradle-3.3\lib\gradle-launcher-3.3.jar
Launcher Type: SUN_STANDARD

Environment Variables:
PATH=C:\ProgramData\Oracle\Java\javapath;C:\Program Files (x86)\Intel\iCLS Client\;C:\Program Files\Intel\iCLS Client\;C:\Windows\system32;C:\Windows;C:\Windows\System32\Wbem;C:\Windows\System32\WindowsPowerShell\v1.0\;C:\Program Files (x86)\Intel\Intel(R) Management Engine Components\DAL;C:\Program Files\Intel\Intel(R) Management Engine Components\DAL;C:\Program Files (x86)\Intel\Intel(R) Management Engine Components\IPT;C:\Program Files\Intel\Intel(R) Management Engine Components\IPT;C:\Program Files (x86)\NVIDIA Corporation\PhysX\Common;C:\WINDOWS\system32;C:\WINDOWS;C:\WINDOWS\System32\Wbem;C:\WINDOWS\System32\WindowsPowerShell\v1.0\;C:\Program Files (x86)\Microsoft SQL Server\Client SDK\ODBC\130\Tools\Binn\;C:\Program Files (x86)\Microsoft SQL Server\130\Tools\Binn\;C:\Program Files (x86)\Microsoft SQL Server\130\DTS\Binn\;C:\Program Files (x86)\Microsoft SQL Server\130\Tools\Binn\ManagementStudio\;C:\Program Files\Microsoft SQL Server\110\Tools\Binn\;C:\Program Files (x86)\Microsoft SDKs\TypeScript\1.0\;C:\Program Files\Microsoft SQL Server\120\Tools\Binn\;C:\Program Files\Microsoft SQL Server\Client SDK\ODBC\130\Tools\Binn\;C:\Program Files\Microsoft SQL Server\130\Tools\Binn\;C:\Program Files\Microsoft SQL Server\130\DTS\Binn\;C:\Program Files\nodejs\;C:\Program Files\Git\cmd;C:\Program Files (x86)\GtkSharp\2.12\bin;C:\Program Files (x86)\Windows Kits\8.1\Windows Performance Toolkit\;C:\Users\CFAPAG\AppData\Local\Microsoft\WindowsApps;C:\Users\CFAPAG\AppData\Roaming\npm;C:\Program Files\SDCC\bin;C:\Users\CFAPAG\AppData\Local\Programs\Python\Python36-32;
USERNAME=CFAPAG
OS=Windows_NT
PROCESSOR_IDENTIFIER=Intel64 Family 6 Model 142 Stepping 9, GenuineIntel



---------------  S Y S T E M  ---------------

OS: Windows 10.0 , 64 bit Build 16299 (10.0.16299.431)

CPU:total 4 (2 cores per cpu, 2 threads per core) family 6 model 142 stepping 9, cmov, cx8, fxsr, mmx, sse, sse2, sse3, ssse3, sse4.1, sse4.2, popcnt, avx, avx2, aes, clmul, erms, 3dnowpref, lzcnt, ht, tsc, tscinvbit, bmi1, bmi2, adx

Memory: 4k page, physical 8268828k(464152k free), swap 12876828k(4572k free)

vm_info: OpenJDK 64-Bit Server VM (25.112-b06) for windows-amd64 JRE (1.8.0_112-release-b06), built on Dec  8 2016 00:54:26 by "builder" with MS VC++ 10.0 (VS2010)

time: Fri Jun 01 07:57:25 2018
elapsed time: 13 seconds (0d 0h 0m 13s)

