#
# There is insufficient memory for the Java Runtime Environment to continue.
# Native memory allocation (malloc) failed to allocate 378192 bytes for Chunk::new
# Possible reasons:
#   The system is out of physical RAM or swap space
#   In 32 bit mode, the process size limit was hit
# Possible solutions:
#   Reduce memory load on the system
#   Increase physical memory or swap space
#   Check if swap backing store is full
#   Use 64 bit Java on a 64 bit OS
#   Decrease Java heap size (-Xmx/-Xms)
#   Decrease number of Java threads
#   Decrease Java thread stack sizes (-Xss)
#   Set larger code cache with -XX:ReservedCodeCacheSize=
# This output file may be truncated or incomplete.
#
#  Out of Memory Error (allocation.cpp:390), pid=6360, tid=0x0000000000002ae8
#
# JRE version: OpenJDK Runtime Environment (8.0_112-b06) (build 1.8.0_112-release-b06)
# Java VM: OpenJDK 64-Bit Server VM (25.112-b06 mixed mode windows-amd64 compressed oops)
# Failed to write core dump. Minidumps are not enabled by default on client versions of Windows
#

---------------  T H R E A D  ---------------

Current thread (0x0000000019049800):  JavaThread "C2 CompilerThread0" daemon [_thread_in_native, id=10984, stack(0x000000001a6c0000,0x000000001a7c0000)]

Stack: [0x000000001a6c0000,0x000000001a7c0000]
[error occurred during error reporting (printing stack bounds), id 0xc0000005]

Native frames: (J=compiled Java code, j=interpreted, Vv=VM code, C=native code)


Current CompileTask:
C2:  11145 3922   !   4       java.lang.reflect.Executable::sharedToString (102 bytes)


---------------  P R O C E S S  ---------------

Java Threads: ( => current thread )
  0x000000001dcfd800 JavaThread "File lock request listener" [_thread_in_native, id=16172, stack(0x000000001ec40000,0x000000001ed40000)]
  0x000000001bb04800 JavaThread "Stdin handler" [_thread_blocked, id=16948, stack(0x000000001d970000,0x000000001da70000)]
  0x000000001c415800 JavaThread "Asynchronous log dispatcher for DefaultDaemonConnection: socket connection from /127.0.0.1:60260 to /127.0.0.1:60261" [_thread_blocked, id=4868, stack(0x000000001d870000,0x000000001d970000)]
  0x000000001be60800 JavaThread "Daemon worker" [_thread_in_vm, id=11056, stack(0x000000001d770000,0x000000001d870000)]
  0x000000001be69000 JavaThread "Cancel handler" [_thread_blocked, id=7752, stack(0x000000001d670000,0x000000001d770000)]
  0x000000001be66800 JavaThread "pool-1-thread-1" [_thread_blocked, id=3504, stack(0x000000001d570000,0x000000001d670000)]
  0x000000001c1f6000 JavaThread "Handler for socket connection from /127.0.0.1:60260 to /127.0.0.1:60261" [_thread_in_native, id=636, stack(0x000000001d470000,0x000000001d570000)]
  0x000000001baee000 JavaThread "Daemon" [_thread_blocked, id=3792, stack(0x000000001d370000,0x000000001d470000)]
  0x000000001c135000 JavaThread "Incoming local TCP Connector on port 60260" [_thread_in_native, id=10988, stack(0x000000001c990000,0x000000001ca90000)]
  0x000000001a9eb800 JavaThread "Service Thread" daemon [_thread_blocked, id=14272, stack(0x000000001adc0000,0x000000001aec0000)]
  0x0000000019042800 JavaThread "C1 CompilerThread2" daemon [_thread_blocked, id=6548, stack(0x000000001a8c0000,0x000000001a9c0000)]
  0x000000001903d800 JavaThread "C2 CompilerThread1" daemon [_thread_in_native, id=11704, stack(0x000000001a7c0000,0x000000001a8c0000)]
=>0x0000000019049800 JavaThread "C2 CompilerThread0" daemon [_thread_in_native, id=10984, stack(0x000000001a6c0000,0x000000001a7c0000)]
  0x0000000019048000 JavaThread "Attach Listener" daemon [_thread_blocked, id=11908, stack(0x000000001a5c0000,0x000000001a6c0000)]
  0x0000000019047000 JavaThread "Signal Dispatcher" daemon [_thread_blocked, id=15116, stack(0x000000001a4c0000,0x000000001a5c0000)]
  0x0000000004368000 JavaThread "Finalizer" daemon [_thread_blocked, id=13868, stack(0x000000001a2a0000,0x000000001a3a0000)]
  0x0000000004362000 JavaThread "Reference Handler" daemon [_thread_blocked, id=16872, stack(0x000000001a1a0000,0x000000001a2a0000)]
  0x0000000004272800 JavaThread "main" [_thread_blocked, id=17264, stack(0x0000000002990000,0x0000000002a90000)]

Other Threads:
  0x0000000019004800 VMThread [stack: 0x000000001a0a0000,0x000000001a1a0000] [id=8364]
  0x000000001a9ed000 WatcherThread [stack: 0x000000001aec0000,0x000000001afc0000] [id=15752]

VM state:not at safepoint (normal execution)

VM Mutex/Monitor currently owned by a thread: None

Heap:
 PSYoungGen      total 102912K, used 51608K [0x00000000d5580000, 0x00000000dc880000, 0x0000000100000000)
  eden space 92160K, 55% used [0x00000000d5580000,0x00000000d87e63b0,0x00000000daf80000)
  from space 10752K, 0% used [0x00000000dbe00000,0x00000000dbe00000,0x00000000dc880000)
  to   space 12800K, 0% used [0x00000000daf80000,0x00000000daf80000,0x00000000dbc00000)
 ParOldGen       total 69632K, used 16892K [0x0000000080000000, 0x0000000084400000, 0x00000000d5580000)
  object space 69632K, 24% used [0x0000000080000000,0x000000008107f290,0x0000000084400000)
 Metaspace       used 37661K, capacity 38404K, committed 38784K, reserved 1083392K
  class space    used 5001K, capacity 5202K, committed 5248K, reserved 1048576K

Card table byte_map: [0x00000000137e0000,0x0000000013bf0000] byte_map_base: 0x00000000133e0000

Marking Bits: (ParMarkBitMap*) 0x000000005da418f0
 Begin Bits: [0x00000000142a0000, 0x00000000162a0000)
 End Bits:   [0x00000000162a0000, 0x00000000182a0000)

Polling page: 0x0000000002a90000

CodeCache: size=245760Kb used=14973Kb max_used=14973Kb free=230787Kb
 bounds [0x0000000004420000, 0x00000000052d0000, 0x0000000013420000]
 total_blobs=4707 nmethods=4001 adapters=618
 compilation: enabled

Compilation events (10 events):
Event: 11.113 Thread 0x0000000019042800 4044       3       org.gradle.internal.serialize.kryo.KryoBackedEncoder::writeBytes (11 bytes)
Event: 11.113 Thread 0x0000000019042800 nmethod 4044 0x00000000052c0d10 code [0x00000000052c0e80, 0x00000000052c1028]
Event: 11.113 Thread 0x0000000019042800 4045       3       com.esotericsoftware.kryo.io.Output::writeBytes (90 bytes)
Event: 11.114 Thread 0x0000000019042800 nmethod 4045 0x00000000052c55d0 code [0x00000000052c5780, 0x00000000052c5d48]
Event: 11.115 Thread 0x0000000019042800 4046       1       org.gradle.api.internal.artifacts.ivyservice.resolveengine.artifact.DefaultArtifactSet$ArtifactSetSnapshot::getVariants (5 bytes)
Event: 11.115 Thread 0x0000000019042800 nmethod 4046 0x00000000052c0a50 code [0x00000000052c0ba0, 0x00000000052c0cb0]
Event: 11.115 Thread 0x0000000019042800 4047       1       org.gradle.api.internal.artifacts.ivyservice.resolveengine.artifact.DefaultArtifactSet$DefaultResolvedVariant::getArtifacts (5 bytes)
Event: 11.115 Thread 0x0000000019042800 nmethod 4047 0x00000000052c5f50 code [0x00000000052c60a0, 0x00000000052c61b0]
Event: 11.120 Thread 0x0000000019042800 4048       3       org.gradle.internal.service.DefaultServiceRegistry::getServiceProvider (55 bytes)
Event: 11.121 Thread 0x0000000019042800 nmethod 4048 0x00000000052c6210 code [0x00000000052c64e0, 0x00000000052c7a68]

GC Heap History (10 events):
Event: 3.396 GC heap before
{Heap before GC invocations=4 (full 1):
 PSYoungGen      total 71680K, used 5115K [0x00000000d5580000, 0x00000000da080000, 0x0000000100000000)
  eden space 66560K, 0% used [0x00000000d5580000,0x00000000d5580000,0x00000000d9680000)
  from space 5120K, 99% used [0x00000000d9680000,0x00000000d9b7efd0,0x00000000d9b80000)
  to   space 5120K, 0% used [0x00000000d9b80000,0x00000000d9b80000,0x00000000da080000)
 ParOldGen       total 87552K, used 8599K [0x0000000080000000, 0x0000000085580000, 0x00000000d5580000)
  object space 87552K, 9% used [0x0000000080000000,0x0000000080865ea8,0x0000000085580000)
 Metaspace       used 20721K, capacity 21114K, committed 21248K, reserved 1067008K
  class space    used 2794K, capacity 2948K, committed 3072K, reserved 1048576K
Event: 3.464 GC heap after
Heap after GC invocations=4 (full 1):
 PSYoungGen      total 71680K, used 0K [0x00000000d5580000, 0x00000000da080000, 0x0000000100000000)
  eden space 66560K, 0% used [0x00000000d5580000,0x00000000d5580000,0x00000000d9680000)
  from space 5120K, 0% used [0x00000000d9680000,0x00000000d9680000,0x00000000d9b80000)
  to   space 5120K, 0% used [0x00000000d9b80000,0x00000000d9b80000,0x00000000da080000)
 ParOldGen       total 69632K, used 12427K [0x0000000080000000, 0x0000000084400000, 0x00000000d5580000)
  object space 69632K, 17% used [0x0000000080000000,0x0000000080c22cf0,0x0000000084400000)
 Metaspace       used 20721K, capacity 21114K, committed 21248K, reserved 1067008K
  class space    used 2794K, capacity 2948K, committed 3072K, reserved 1048576K
}
Event: 5.454 GC heap before
{Heap before GC invocations=5 (full 1):
 PSYoungGen      total 71680K, used 66560K [0x00000000d5580000, 0x00000000da080000, 0x0000000100000000)
  eden space 66560K, 100% used [0x00000000d5580000,0x00000000d9680000,0x00000000d9680000)
  from space 5120K, 0% used [0x00000000d9680000,0x00000000d9680000,0x00000000d9b80000)
  to   space 5120K, 0% used [0x00000000d9b80000,0x00000000d9b80000,0x00000000da080000)
 ParOldGen       total 69632K, used 12427K [0x0000000080000000, 0x0000000084400000, 0x00000000d5580000)
  object space 69632K, 17% used [0x0000000080000000,0x0000000080c22cf0,0x0000000084400000)
 Metaspace       used 26490K, capacity 26992K, committed 27136K, reserved 1073152K
  class space    used 3659K, capacity 3786K, committed 3840K, reserved 1048576K
Event: 5.462 GC heap after
Heap after GC invocations=5 (full 1):
 PSYoungGen      total 71680K, used 5091K [0x00000000d5580000, 0x00000000dc000000, 0x0000000100000000)
  eden space 66560K, 0% used [0x00000000d5580000,0x00000000d5580000,0x00000000d9680000)
  from space 5120K, 99% used [0x00000000d9b80000,0x00000000da078c48,0x00000000da080000)
  to   space 5120K, 0% used [0x00000000d9680000,0x00000000d9680000,0x00000000d9b80000)
 ParOldGen       total 69632K, used 15585K [0x0000000080000000, 0x0000000084400000, 0x00000000d5580000)
  object space 69632K, 22% used [0x0000000080000000,0x0000000080f387e8,0x0000000084400000)
 Metaspace       used 26490K, capacity 26992K, committed 27136K, reserved 1073152K
  class space    used 3659K, capacity 3786K, committed 3840K, reserved 1048576K
}
Event: 7.721 GC heap before
{Heap before GC invocations=6 (full 1):
 PSYoungGen      total 71680K, used 71651K [0x00000000d5580000, 0x00000000dc000000, 0x0000000100000000)
  eden space 66560K, 100% used [0x00000000d5580000,0x00000000d9680000,0x00000000d9680000)
  from space 5120K, 99% used [0x00000000d9b80000,0x00000000da078c48,0x00000000da080000)
  to   space 5120K, 0% used [0x00000000d9680000,0x00000000d9680000,0x00000000d9b80000)
 ParOldGen       total 69632K, used 15585K [0x0000000080000000, 0x0000000084400000, 0x00000000d5580000)
  object space 69632K, 22% used [0x0000000080000000,0x0000000080f387e8,0x0000000084400000)
 Metaspace       used 29829K, capacity 30428K, committed 30720K, reserved 1075200K
  class space    used 4071K, capacity 4246K, committed 4352K, reserved 1048576K
Event: 7.728 GC heap after
Heap after GC invocations=6 (full 1):
 PSYoungGen      total 71680K, used 5092K [0x00000000d5580000, 0x00000000dca00000, 0x0000000100000000)
  eden space 66560K, 0% used [0x00000000d5580000,0x00000000d5580000,0x00000000d9680000)
  from space 5120K, 99% used [0x00000000d9680000,0x00000000d9b79030,0x00000000d9b80000)
  to   space 12288K, 0% used [0x00000000dbe00000,0x00000000dbe00000,0x00000000dca00000)
 ParOldGen       total 69632K, used 17335K [0x0000000080000000, 0x0000000084400000, 0x00000000d5580000)
  object space 69632K, 24% used [0x0000000080000000,0x00000000810edd08,0x0000000084400000)
 Metaspace       used 29829K, capacity 30428K, committed 30720K, reserved 1075200K
  class space    used 4071K, capacity 4246K, committed 4352K, reserved 1048576K
}
Event: 10.478 GC heap before
{Heap before GC invocations=7 (full 1):
 PSYoungGen      total 71680K, used 38132K [0x00000000d5580000, 0x00000000dca00000, 0x0000000100000000)
  eden space 66560K, 49% used [0x00000000d5580000,0x00000000d75c43a8,0x00000000d9680000)
  from space 5120K, 99% used [0x00000000d9680000,0x00000000d9b79030,0x00000000d9b80000)
  to   space 12288K, 0% used [0x00000000dbe00000,0x00000000dbe00000,0x00000000dca00000)
 ParOldGen       total 69632K, used 17335K [0x0000000080000000, 0x0000000084400000, 0x00000000d5580000)
  object space 69632K, 24% used [0x0000000080000000,0x00000000810edd08,0x0000000084400000)
 Metaspace       used 34626K, capacity 35296K, committed 35416K, reserved 1079296K
  class space    used 4612K, capacity 4804K, committed 4864K, reserved 1048576K
Event: 10.491 GC heap after
Heap after GC invocations=7 (full 1):
 PSYoungGen      total 102912K, used 10381K [0x00000000d5580000, 0x00000000dc880000, 0x0000000100000000)
  eden space 92160K, 0% used [0x00000000d5580000,0x00000000d5580000,0x00000000daf80000)
  from space 10752K, 96% used [0x00000000dbe00000,0x00000000dc823740,0x00000000dc880000)
  to   space 12800K, 0% used [0x00000000daf80000,0x00000000daf80000,0x00000000dbc00000)
 ParOldGen       total 69632K, used 17343K [0x0000000080000000, 0x0000000084400000, 0x00000000d5580000)
  object space 69632K, 24% used [0x0000000080000000,0x00000000810efd08,0x0000000084400000)
 Metaspace       used 34626K, capacity 35296K, committed 35416K, reserved 1079296K
  class space    used 4612K, capacity 4804K, committed 4864K, reserved 1048576K
}
Event: 10.491 GC heap before
{Heap before GC invocations=8 (full 2):
 PSYoungGen      total 102912K, used 10381K [0x00000000d5580000, 0x00000000dc880000, 0x0000000100000000)
  eden space 92160K, 0% used [0x00000000d5580000,0x00000000d5580000,0x00000000daf80000)
  from space 10752K, 96% used [0x00000000dbe00000,0x00000000dc823740,0x00000000dc880000)
  to   space 12800K, 0% used [0x00000000daf80000,0x00000000daf80000,0x00000000dbc00000)
 ParOldGen       total 69632K, used 17343K [0x0000000080000000, 0x0000000084400000, 0x00000000d5580000)
  object space 69632K, 24% used [0x0000000080000000,0x00000000810efd08,0x0000000084400000)
 Metaspace       used 34626K, capacity 35296K, committed 35416K, reserved 1079296K
  class space    used 4612K, capacity 4804K, committed 4864K, reserved 1048576K
Event: 10.563 GC heap after
Heap after GC invocations=8 (full 2):
 PSYoungGen      total 102912K, used 0K [0x00000000d5580000, 0x00000000dc880000, 0x0000000100000000)
  eden space 92160K, 0% used [0x00000000d5580000,0x00000000d5580000,0x00000000daf80000)
  from space 10752K, 0% used [0x00000000dbe00000,0x00000000dbe00000,0x00000000dc880000)
  to   space 12800K, 0% used [0x00000000daf80000,0x00000000daf80000,0x00000000dbc00000)
 ParOldGen       total 69632K, used 16892K [0x0000000080000000, 0x0000000084400000, 0x00000000d5580000)
  object space 69632K, 24% used [0x0000000080000000,0x000000008107f290,0x0000000084400000)
 Metaspace       used 34599K, capacity 35208K, committed 35416K, reserved 1079296K
  class space    used 4604K, capacity 4796K, committed 4864K, reserved 1048576K
}

Deoptimization events (10 events):
Event: 10.320 Thread 0x000000001be60800 Uncommon trap: reason=unloaded action=reinterpret pc=0x0000000005138264 method=java.util.regex.Pattern.newSingle(I)Ljava/util/regex/Pattern$CharProperty; @ 63
Event: 10.334 Thread 0x000000001be60800 Uncommon trap: reason=unstable_if action=reinterpret pc=0x0000000004dbe890 method=java.lang.Integer.valueOf(I)Ljava/lang/Integer; @ 3
Event: 10.664 Thread 0x000000001be60800 Uncommon trap: reason=bimorphic action=maybe_recompile pc=0x0000000004bcf264 method=java.security.MessageDigest$Delegate.engineUpdate([BII)V @ 7
Event: 10.664 Thread 0x000000001be60800 Uncommon trap: reason=bimorphic action=maybe_recompile pc=0x0000000004bcf264 method=java.security.MessageDigest$Delegate.engineUpdate([BII)V @ 7
Event: 10.664 Thread 0x000000001be60800 Uncommon trap: reason=bimorphic action=maybe_recompile pc=0x0000000004bb9d84 method=sun.security.provider.DigestBase.engineUpdate([BII)V @ 128
Event: 10.915 Thread 0x000000001be60800 Uncommon trap: reason=unstable_if action=reinterpret pc=0x0000000004d44fb8 method=java.util.HashMap.putVal(ILjava/lang/Object;Ljava/lang/Object;ZZ)Ljava/lang/Object; @ 162
Event: 10.915 Thread 0x000000001be60800 Uncommon trap: reason=unstable_if action=reinterpret pc=0x0000000004d21728 method=java.util.HashMap.putVal(ILjava/lang/Object;Ljava/lang/Object;ZZ)Ljava/lang/Object; @ 162
Event: 10.915 Thread 0x000000001be60800 Uncommon trap: reason=unstable_if action=reinterpret pc=0x00000000046d07d4 method=java.util.HashMap.resize()[Ljava/util/HashMap$Node; @ 206
Event: 10.997 Thread 0x000000001be60800 Uncommon trap: reason=unstable_if action=reinterpret pc=0x0000000005251208 method=java.lang.reflect.Modifier.toString(I)Ljava/lang/String; @ 123
Event: 11.003 Thread 0x000000001be60800 Uncommon trap: reason=unstable_if action=reinterpret pc=0x00000000052639c4 method=java.lang.reflect.Modifier.toString(I)Ljava/lang/String; @ 123

Internal exceptions (10 events):
Event: 9.554 Thread 0x000000001be60800 Exception <a 'java/security/PrivilegedActionException'> (0x00000000d59727f0) thrown at [C:\src\android\AOSP-openjdk\external\jetbrains\jdk\hotspot\src\share\vm\prims\jvm.cpp, line 1390]
Event: 9.554 Thread 0x000000001be60800 Exception <a 'java/security/PrivilegedActionException'> (0x00000000d5972dd0) thrown at [C:\src\android\AOSP-openjdk\external\jetbrains\jdk\hotspot\src\share\vm\prims\jvm.cpp, line 1390]
Event: 9.566 Thread 0x000000001be60800 Exception <a 'java/security/PrivilegedActionException'> (0x00000000d5a8f978) thrown at [C:\src\android\AOSP-openjdk\external\jetbrains\jdk\hotspot\src\share\vm\prims\jvm.cpp, line 1390]
Event: 9.566 Thread 0x000000001be60800 Exception <a 'java/security/PrivilegedActionException'> (0x00000000d5a8ff58) thrown at [C:\src\android\AOSP-openjdk\external\jetbrains\jdk\hotspot\src\share\vm\prims\jvm.cpp, line 1390]
Event: 9.566 Thread 0x000000001be60800 Exception <a 'java/security/PrivilegedActionException'> (0x00000000d5a91a20) thrown at [C:\src\android\AOSP-openjdk\external\jetbrains\jdk\hotspot\src\share\vm\prims\jvm.cpp, line 1390]
Event: 9.566 Thread 0x000000001be60800 Exception <a 'java/security/PrivilegedActionException'> (0x00000000d5a92000) thrown at [C:\src\android\AOSP-openjdk\external\jetbrains\jdk\hotspot\src\share\vm\prims\jvm.cpp, line 1390]
Event: 9.570 Thread 0x000000001be60800 Exception <a 'java/lang/ClassNotFoundException': build_d4kibyr8uf89o2xo2nco24mhuBeanInfo> (0x00000000d5ae1090) thrown at [C:\src\android\AOSP-openjdk\external\jetbrains\jdk\hotspot\src\share\vm\classfile\systemDictionary.cpp, line 210]
Event: 9.570 Thread 0x000000001be60800 Exception <a 'java/lang/ClassNotFoundException': build_d4kibyr8uf89o2xo2nco24mhuCustomizer> (0x00000000d5aefef8) thrown at [C:\src\android\AOSP-openjdk\external\jetbrains\jdk\hotspot\src\share\vm\classfile\systemDictionary.cpp, line 210]
Event: 10.265 Thread 0x000000001be60800 Exception <a 'java/lang/ClassNotFoundException': build_d7je6ffon8y81j60atf7a4yuvBeanInfo> (0x00000000d6ae7168) thrown at [C:\src\android\AOSP-openjdk\external\jetbrains\jdk\hotspot\src\share\vm\classfile\systemDictionary.cpp, line 210]
Event: 10.266 Thread 0x000000001be60800 Exception <a 'java/lang/ClassNotFoundException': build_d7je6ffon8y81j60atf7a4yuvCustomizer> (0x00000000d6af7398) thrown at [C:\src\android\AOSP-openjdk\external\jetbrains\jdk\hotspot\src\share\vm\classfile\systemDictionary.cpp, line 210]

Events (10 events):
Event: 11.135 loading class org/gradle/execution/taskgraph/TaskExecutionPlan
Event: 11.135 loading class org/gradle/execution/taskgraph/TaskExecutionPlan done
Event: 11.135 loading class org/gradle/execution/taskgraph/DefaultTaskGraphExecuter$TaskGraphState
Event: 11.135 loading class org/gradle/execution/taskgraph/DefaultTaskGraphExecuter$TaskGraphState done
Event: 11.136 loading class org/gradle/api/execution/internal/InternalTaskExecutionListener
Event: 11.136 loading class org/gradle/api/execution/internal/InternalTaskExecutionListener done
Event: 11.137 loading class org/gradle/api/execution/internal/TaskOperationInternal
Event: 11.137 loading class org/gradle/api/execution/internal/TaskOperationInternal done
Event: 11.138 loading class org/gradle/execution/taskgraph/DefaultTaskExecutionPlan
Event: 11.138 loading class org/gradle/execution/taskgraph/DefaultTaskExecutionPlan done


Dynamic libraries:
0x00007ff70e550000 - 0x00007ff70e581000 	C:\Program Files\Android\Android Studio\jre\bin\java.exe
0x00007ffc0c5d0000 - 0x00007ffc0c7b0000 	C:\WINDOWS\SYSTEM32\ntdll.dll
0x00007ffc0c440000 - 0x00007ffc0c4ee000 	C:\WINDOWS\System32\KERNEL32.DLL
0x00007ffc08a50000 - 0x00007ffc08cb6000 	C:\WINDOWS\System32\KERNELBASE.dll
0x00007ffc0a390000 - 0x00007ffc0a431000 	C:\WINDOWS\System32\ADVAPI32.dll
0x00007ffc0a2f0000 - 0x00007ffc0a38d000 	C:\WINDOWS\System32\msvcrt.dll
0x00007ffc0c150000 - 0x00007ffc0c1ab000 	C:\WINDOWS\System32\sechost.dll
0x00007ffc0c240000 - 0x00007ffc0c35f000 	C:\WINDOWS\System32\RPCRT4.dll
0x00007ffc0a760000 - 0x00007ffc0a8ef000 	C:\WINDOWS\System32\USER32.dll
0x00007ffc09600000 - 0x00007ffc09620000 	C:\WINDOWS\System32\win32u.dll
0x00007ffc0c370000 - 0x00007ffc0c398000 	C:\WINDOWS\System32\GDI32.dll
0x00007ffc09620000 - 0x00007ffc097b3000 	C:\WINDOWS\System32\gdi32full.dll
0x00007ffc09460000 - 0x00007ffc094fb000 	C:\WINDOWS\System32\msvcp_win.dll
0x00007ffc09500000 - 0x00007ffc095f6000 	C:\WINDOWS\System32\ucrtbase.dll
0x00007ffbfd640000 - 0x00007ffbfd8a9000 	C:\WINDOWS\WinSxS\amd64_microsoft.windows.common-controls_6595b64144ccf1df_6.0.16299.431_none_15c7d3ee93659e73\COMCTL32.dll
0x00007ffc0be40000 - 0x00007ffc0c148000 	C:\WINDOWS\System32\combase.dll
0x00007ffc089d0000 - 0x00007ffc08a42000 	C:\WINDOWS\System32\bcryptPrimitives.dll
0x00007ffc0c1b0000 - 0x00007ffc0c1dd000 	C:\WINDOWS\System32\IMM32.DLL
0x000000005e500000 - 0x000000005e5d2000 	C:\Program Files\Android\Android Studio\jre\jre\bin\msvcr100.dll
0x000000005d280000 - 0x000000005dabc000 	C:\Program Files\Android\Android Studio\jre\jre\bin\server\jvm.dll
0x00007ffc0a1e0000 - 0x00007ffc0a1e8000 	C:\WINDOWS\System32\PSAPI.DLL
0x00007ffc075b0000 - 0x00007ffc075b9000 	C:\WINDOWS\SYSTEM32\WSOCK32.dll
0x00007ffc067c0000 - 0x00007ffc067e3000 	C:\WINDOWS\SYSTEM32\WINMM.dll
0x00007ffc00d90000 - 0x00007ffc00d9a000 	C:\WINDOWS\SYSTEM32\VERSION.dll
0x00007ffc0c3a0000 - 0x00007ffc0c40c000 	C:\WINDOWS\System32\WS2_32.dll
0x00007ffc06760000 - 0x00007ffc0678a000 	C:\WINDOWS\SYSTEM32\winmmbase.dll
0x00007ffc09410000 - 0x00007ffc0945a000 	C:\WINDOWS\System32\cfgmgr32.dll
0x00007ffbfa120000 - 0x00007ffbfa12f000 	C:\Program Files\Android\Android Studio\jre\jre\bin\verify.dll
0x00007ffbda0a0000 - 0x00007ffbda0c9000 	C:\Program Files\Android\Android Studio\jre\jre\bin\java.dll
0x00007ffbe4d70000 - 0x00007ffbe4d86000 	C:\Program Files\Android\Android Studio\jre\jre\bin\zip.dll
0x00007ffc0aa00000 - 0x00007ffc0be38000 	C:\WINDOWS\System32\SHELL32.dll
0x00007ffc0c4f0000 - 0x00007ffc0c596000 	C:\WINDOWS\System32\shcore.dll
0x00007ffc08cc0000 - 0x00007ffc09407000 	C:\WINDOWS\System32\windows.storage.dll
0x00007ffc0a700000 - 0x00007ffc0a751000 	C:\WINDOWS\System32\shlwapi.dll
0x00007ffc089b0000 - 0x00007ffc089c1000 	C:\WINDOWS\System32\kernel.appcore.dll
0x00007ffc08940000 - 0x00007ffc0898c000 	C:\WINDOWS\System32\powrprof.dll
0x00007ffc08920000 - 0x00007ffc0893b000 	C:\WINDOWS\System32\profapi.dll
0x00007ffbda010000 - 0x00007ffbda02a000 	C:\Program Files\Android\Android Studio\jre\jre\bin\net.dll
0x0000000180000000 - 0x0000000180096000 	C:\WINDOWS\SYSTEM32\pcapwsp.dll
0x00007ffc081b0000 - 0x00007ffc08216000 	C:\WINDOWS\system32\mswsock.dll
0x00007ffbd55a0000 - 0x00007ffbd55b1000 	C:\Program Files\Android\Android Studio\jre\jre\bin\nio.dll
0x00007ffbd1ba0000 - 0x00007ffbd1bbe000 	C:\Users\CFAPAG\.gradle\native\23\windows-amd64\native-platform.dll
0x00007ffc08380000 - 0x00007ffc08397000 	C:\WINDOWS\SYSTEM32\CRYPTSP.dll
0x00007ffc07db0000 - 0x00007ffc07de3000 	C:\WINDOWS\system32\rsaenh.dll
0x00007ffc08480000 - 0x00007ffc084a5000 	C:\WINDOWS\SYSTEM32\bcrypt.dll
0x00007ffc08820000 - 0x00007ffc08849000 	C:\WINDOWS\SYSTEM32\USERENV.dll
0x00007ffc08370000 - 0x00007ffc0837b000 	C:\WINDOWS\SYSTEM32\CRYPTBASE.dll
0x00007ffc07f40000 - 0x00007ffc07f79000 	C:\WINDOWS\SYSTEM32\IPHLPAPI.DLL
0x00007ffc0c360000 - 0x00007ffc0c368000 	C:\WINDOWS\System32\NSI.dll
0x00007ffbfe710000 - 0x00007ffbfe726000 	C:\WINDOWS\SYSTEM32\dhcpcsvc6.DLL
0x00007ffbfee00000 - 0x00007ffbfee1a000 	C:\WINDOWS\SYSTEM32\dhcpcsvc.DLL
0x00007ffbfab00000 - 0x00007ffbfab0d000 	C:\Program Files\Android\Android Studio\jre\jre\bin\management.dll

VM Arguments:
jvm_args: -XX:MaxPermSize=512m -XX:+HeapDumpOnOutOfMemoryError -Xmx2048m -Dfile.encoding=UTF-8 -Duser.country=FR -Duser.language=fr -Duser.variant 
java_command: org.gradle.launcher.daemon.bootstrap.GradleDaemon 3.3
java_class_path (initial): C:\Users\CFAPAG\.gradle\wrapper\dists\gradle-3.3-all\55gk2rcmfc6p2dg9u9ohc3hw9\gradle-3.3\lib\gradle-launcher-3.3.jar
Launcher Type: SUN_STANDARD

Environment Variables:
PATH=C:\ProgramData\Oracle\Java\javapath;C:\Program Files (x86)\Intel\iCLS Client\;C:\Program Files\Intel\iCLS Client\;C:\Windows\system32;C:\Windows;C:\Windows\System32\Wbem;C:\Windows\System32\WindowsPowerShell\v1.0\;C:\Program Files (x86)\Intel\Intel(R) Management Engine Components\DAL;C:\Program Files\Intel\Intel(R) Management Engine Components\DAL;C:\Program Files (x86)\Intel\Intel(R) Management Engine Components\IPT;C:\Program Files\Intel\Intel(R) Management Engine Components\IPT;C:\Program Files (x86)\NVIDIA Corporation\PhysX\Common;C:\WINDOWS\system32;C:\WINDOWS;C:\WINDOWS\System32\Wbem;C:\WINDOWS\System32\WindowsPowerShell\v1.0\;C:\Program Files (x86)\Microsoft SQL Server\Client SDK\ODBC\130\Tools\Binn\;C:\Program Files (x86)\Microsoft SQL Server\130\Tools\Binn\;C:\Program Files (x86)\Microsoft SQL Server\130\DTS\Binn\;C:\Program Files (x86)\Microsoft SQL Server\130\Tools\Binn\ManagementStudio\;C:\Program Files\Microsoft SQL Server\110\Tools\Binn\;C:\Program Files (x86)\Microsoft SDKs\TypeScript\1.0\;C:\Program Files\Microsoft SQL Server\120\Tools\Binn\;C:\Program Files\Microsoft SQL Server\Client SDK\ODBC\130\Tools\Binn\;C:\Program Files\Microsoft SQL Server\130\Tools\Binn\;C:\Program Files\Microsoft SQL Server\130\DTS\Binn\;C:\Program Files\nodejs\;C:\Program Files\Git\cmd;C:\Program Files (x86)\GtkSharp\2.12\bin;C:\Program Files (x86)\Windows Kits\8.1\Windows Performance Toolkit\;C:\Users\CFAPAG\AppData\Local\Microsoft\WindowsApps;C:\Users\CFAPAG\AppData\Roaming\npm;C:\Program Files\SDCC\bin;C:\Users\CFAPAG\AppData\Local\Programs\Python\Python36-32;
USERNAME=CFAPAG
OS=Windows_NT
PROCESSOR_IDENTIFIER=Intel64 Family 6 Model 142 Stepping 9, GenuineIntel



---------------  S Y S T E M  ---------------

OS: Windows 10.0 , 64 bit Build 16299 (10.0.16299.431)

CPU:total 4 (2 cores per cpu, 2 threads per core) family 6 model 142 stepping 9, cmov, cx8, fxsr, mmx, sse, sse2, sse3, ssse3, sse4.1, sse4.2, popcnt, avx, avx2, aes, clmul, erms, 3dnowpref, lzcnt, ht, tsc, tscinvbit, bmi1, bmi2, adx

Memory: 4k page, physical 8268828k(449920k free), swap 12876828k(4668k free)

vm_info: OpenJDK 64-Bit Server VM (25.112-b06) for windows-amd64 JRE (1.8.0_112-release-b06), built on Dec  8 2016 00:54:26 by "builder" with MS VC++ 10.0 (VS2010)

time: Fri Jun 01 07:54:52 2018
elapsed time: 11 seconds (0d 0h 0m 11s)

