#
# There is insufficient memory for the Java Runtime Environment to continue.
# Native memory allocation (malloc) failed to allocate 1750896 bytes for Chunk::new
# Possible reasons:
#   The system is out of physical RAM or swap space
#   In 32 bit mode, the process size limit was hit
# Possible solutions:
#   Reduce memory load on the system
#   Increase physical memory or swap space
#   Check if swap backing store is full
#   Use 64 bit Java on a 64 bit OS
#   Decrease Java heap size (-Xmx/-Xms)
#   Decrease number of Java threads
#   Decrease Java thread stack sizes (-Xss)
#   Set larger code cache with -XX:ReservedCodeCacheSize=
# This output file may be truncated or incomplete.
#
#  Out of Memory Error (allocation.cpp:390), pid=15688, tid=0x000000000000281c
#
# JRE version: OpenJDK Runtime Environment (8.0_112-b06) (build 1.8.0_112-release-b06)
# Java VM: OpenJDK 64-Bit Server VM (25.112-b06 mixed mode windows-amd64 compressed oops)
# Failed to write core dump. Minidumps are not enabled by default on client versions of Windows
#

---------------  T H R E A D  ---------------

Current thread (0x0000000019c6a000):  JavaThread "C2 CompilerThread0" daemon [_thread_in_native, id=10268, stack(0x000000001b2f0000,0x000000001b3f0000)]

Stack: [0x000000001b2f0000,0x000000001b3f0000]
[error occurred during error reporting (printing stack bounds), id 0xc0000005]

Native frames: (J=compiled Java code, j=interpreted, Vv=VM code, C=native code)


Current CompileTask:
C2:   7466 4165       4       sun.reflect.generics.parser.SignatureParser::parseFieldTypeSignature (73 bytes)


---------------  P R O C E S S  ---------------

Java Threads: ( => current thread )
  0x000000001ea36800 JavaThread "File lock request listener" [_thread_in_native, id=5216, stack(0x000000001f8d0000,0x000000001f9d0000)]
  0x000000001d6cf000 JavaThread "Stdin handler" [_thread_blocked, id=1112, stack(0x000000001e600000,0x000000001e700000)]
  0x000000001cd04000 JavaThread "Asynchronous log dispatcher for DefaultDaemonConnection: socket connection from /127.0.0.1:60795 to /127.0.0.1:60796" [_thread_blocked, id=14508, stack(0x000000001e500000,0x000000001e600000)]
  0x000000001cb48800 JavaThread "Daemon worker" [_thread_in_vm, id=6052, stack(0x000000001e400000,0x000000001e500000)]
  0x000000001d15c800 JavaThread "Cancel handler" [_thread_blocked, id=10776, stack(0x000000001e300000,0x000000001e400000)]
  0x000000001cb45000 JavaThread "pool-1-thread-1" [_thread_blocked, id=14108, stack(0x000000001e200000,0x000000001e300000)]
  0x000000001cf95800 JavaThread "Handler for socket connection from /127.0.0.1:60795 to /127.0.0.1:60796" [_thread_in_native, id=17112, stack(0x000000001e100000,0x000000001e200000)]
  0x000000001be3b800 JavaThread "Daemon" [_thread_blocked, id=14932, stack(0x000000001e000000,0x000000001e100000)]
  0x000000001cb1a800 JavaThread "Incoming local TCP Connector on port 60795" [_thread_in_native, id=12724, stack(0x000000001c5a0000,0x000000001c6a0000)]
  0x0000000019cbd800 JavaThread "Service Thread" daemon [_thread_blocked, id=15924, stack(0x000000001b9f0000,0x000000001baf0000)]
  0x0000000019c65000 JavaThread "C1 CompilerThread2" daemon [_thread_blocked, id=8440, stack(0x000000001b4f0000,0x000000001b5f0000)]
  0x0000000019c5d000 JavaThread "C2 CompilerThread1" daemon [_thread_in_native, id=6656, stack(0x000000001b3f0000,0x000000001b4f0000)]
=>0x0000000019c6a000 JavaThread "C2 CompilerThread0" daemon [_thread_in_native, id=10268, stack(0x000000001b2f0000,0x000000001b3f0000)]
  0x0000000019c68800 JavaThread "Attach Listener" daemon [_thread_blocked, id=14668, stack(0x000000001b1f0000,0x000000001b2f0000)]
  0x0000000019c67800 JavaThread "Signal Dispatcher" daemon [_thread_blocked, id=3380, stack(0x000000001b0f0000,0x000000001b1f0000)]
  0x0000000019c4e000 JavaThread "Finalizer" daemon [_thread_blocked, id=9088, stack(0x000000001aed0000,0x000000001afd0000)]
  0x0000000005032000 JavaThread "Reference Handler" daemon [_thread_blocked, id=11256, stack(0x000000001add0000,0x000000001aed0000)]
  0x0000000004f42800 JavaThread "main" [_thread_blocked, id=13112, stack(0x0000000004d40000,0x0000000004e40000)]

Other Threads:
  0x0000000019c25800 VMThread [stack: 0x000000001acd0000,0x000000001add0000] [id=4092]
  0x000000001b614000 WatcherThread [stack: 0x000000001baf0000,0x000000001bbf0000] [id=15544]

VM state:not at safepoint (normal execution)

VM Mutex/Monitor currently owned by a thread: None

Heap:
 PSYoungGen      total 107520K, used 92624K [0x00000000d5580000, 0x00000000df480000, 0x0000000100000000)
  eden space 96768K, 95% used [0x00000000d5580000,0x00000000daff42a0,0x00000000db400000)
  from space 10752K, 0% used [0x00000000db400000,0x00000000db400000,0x00000000dbe80000)
  to   space 11776K, 0% used [0x00000000de900000,0x00000000de900000,0x00000000df480000)
 ParOldGen       total 65536K, used 16754K [0x0000000080000000, 0x0000000084000000, 0x00000000d5580000)
  object space 65536K, 25% used [0x0000000080000000,0x000000008105ca38,0x0000000084000000)
 Metaspace       used 42582K, capacity 43414K, committed 43608K, reserved 1087488K
  class space    used 5746K, capacity 5966K, committed 5976K, reserved 1048576K

Card table byte_map: [0x0000000014400000,0x0000000014810000] byte_map_base: 0x0000000014000000

Marking Bits: (ParMarkBitMap*) 0x000000005da418f0
 Begin Bits: [0x0000000014ec0000, 0x0000000016ec0000)
 End Bits:   [0x0000000016ec0000, 0x0000000018ec0000)

Polling page: 0x00000000031f0000

CodeCache: size=245760Kb used=14009Kb max_used=15257Kb free=231750Kb
 bounds [0x0000000005040000, 0x0000000005f40000, 0x0000000014040000]
 total_blobs=4567 nmethods=3839 adapters=640
 compilation: enabled

Compilation events (10 events):
Event: 7.446 Thread 0x0000000019c5d000 4336       4       java.lang.StringBuilder::charAt (6 bytes)
Event: 7.447 Thread 0x0000000019c5d000 nmethod 4336 0x0000000005222050 code [0x00000000052221a0, 0x0000000005222278]
Event: 7.447 Thread 0x0000000019c5d000 4341       4       java.util.regex.Pattern$Behind::match (137 bytes)
Event: 7.448 Thread 0x0000000019c65000 4343       3       java.util.regex.Pattern$NotBehind::match (137 bytes)
Event: 7.449 Thread 0x0000000019c65000 nmethod 4343 0x000000000527b590 code [0x000000000527b740, 0x000000000527bd98]
Event: 7.456 Thread 0x0000000019c65000 4346       3       com.sun.org.apache.xerces.internal.impl.validation.ValidationState::getSymbol (21 bytes)
Event: 7.456 Thread 0x0000000019c65000 nmethod 4346 0x000000000553aa90 code [0x000000000553ac00, 0x000000000553ae98]
Event: 7.456 Thread 0x0000000019c5d000 nmethod 4341 0x00000000051b2b50 code [0x00000000051b2ce0, 0x00000000051b33c8]
Event: 7.456 Thread 0x0000000019c5d000 4344       4       java.util.regex.Pattern$NotBehind::match (137 bytes)
Event: 7.457 Thread 0x0000000019c65000 4347   !   3       com.sun.org.apache.xerces.internal.impl.dv.xs.XSSimpleTypeDecl::getActualValue (927 bytes)

GC Heap History (10 events):
Event: 3.008 GC heap before
{Heap before GC invocations=5 (full 1):
 PSYoungGen      total 71680K, used 5120K [0x00000000d5580000, 0x00000000da080000, 0x0000000100000000)
  eden space 66560K, 0% used [0x00000000d5580000,0x00000000d5580000,0x00000000d9680000)
  from space 5120K, 100% used [0x00000000d9b80000,0x00000000da080000,0x00000000da080000)
  to   space 5120K, 0% used [0x00000000d9680000,0x00000000d9680000,0x00000000d9b80000)
 ParOldGen       total 87552K, used 8199K [0x0000000080000000, 0x0000000085580000, 0x00000000d5580000)
  object space 87552K, 9% used [0x0000000080000000,0x0000000080801c40,0x0000000085580000)
 Metaspace       used 20735K, capacity 21114K, committed 21248K, reserved 1067008K
  class space    used 2794K, capacity 2948K, committed 3072K, reserved 1048576K
Event: 3.050 GC heap after
Heap after GC invocations=5 (full 1):
 PSYoungGen      total 71680K, used 0K [0x00000000d5580000, 0x00000000da080000, 0x0000000100000000)
  eden space 66560K, 0% used [0x00000000d5580000,0x00000000d5580000,0x00000000d9680000)
  from space 5120K, 0% used [0x00000000d9b80000,0x00000000d9b80000,0x00000000da080000)
  to   space 5120K, 0% used [0x00000000d9680000,0x00000000d9680000,0x00000000d9b80000)
 ParOldGen       total 65536K, used 9310K [0x0000000080000000, 0x0000000084000000, 0x00000000d5580000)
  object space 65536K, 14% used [0x0000000080000000,0x0000000080917868,0x0000000084000000)
 Metaspace       used 20735K, capacity 21114K, committed 21248K, reserved 1067008K
  class space    used 2794K, capacity 2948K, committed 3072K, reserved 1048576K
}
Event: 4.317 GC heap before
{Heap before GC invocations=6 (full 1):
 PSYoungGen      total 71680K, used 66560K [0x00000000d5580000, 0x00000000da080000, 0x0000000100000000)
  eden space 66560K, 100% used [0x00000000d5580000,0x00000000d9680000,0x00000000d9680000)
  from space 5120K, 0% used [0x00000000d9b80000,0x00000000d9b80000,0x00000000da080000)
  to   space 5120K, 0% used [0x00000000d9680000,0x00000000d9680000,0x00000000d9b80000)
 ParOldGen       total 65536K, used 9310K [0x0000000080000000, 0x0000000084000000, 0x00000000d5580000)
  object space 65536K, 14% used [0x0000000080000000,0x0000000080917868,0x0000000084000000)
 Metaspace       used 26505K, capacity 26986K, committed 27136K, reserved 1073152K
  class space    used 3656K, capacity 3784K, committed 3840K, reserved 1048576K
Event: 4.327 GC heap after
Heap after GC invocations=6 (full 1):
 PSYoungGen      total 71680K, used 5100K [0x00000000d5580000, 0x00000000dca00000, 0x0000000100000000)
  eden space 66560K, 0% used [0x00000000d5580000,0x00000000d5580000,0x00000000d9680000)
  from space 5120K, 99% used [0x00000000d9680000,0x00000000d9b7b3c8,0x00000000d9b80000)
  to   space 11264K, 0% used [0x00000000dbf00000,0x00000000dbf00000,0x00000000dca00000)
 ParOldGen       total 65536K, used 12390K [0x0000000080000000, 0x0000000084000000, 0x00000000d5580000)
  object space 65536K, 18% used [0x0000000080000000,0x0000000080c19ab8,0x0000000084000000)
 Metaspace       used 26505K, capacity 26986K, committed 27136K, reserved 1073152K
  class space    used 3656K, capacity 3784K, committed 3840K, reserved 1048576K
}
Event: 5.189 GC heap before
{Heap before GC invocations=7 (full 1):
 PSYoungGen      total 71680K, used 71660K [0x00000000d5580000, 0x00000000dca00000, 0x0000000100000000)
  eden space 66560K, 100% used [0x00000000d5580000,0x00000000d9680000,0x00000000d9680000)
  from space 5120K, 99% used [0x00000000d9680000,0x00000000d9b7b3c8,0x00000000d9b80000)
  to   space 11264K, 0% used [0x00000000dbf00000,0x00000000dbf00000,0x00000000dca00000)
 ParOldGen       total 65536K, used 12390K [0x0000000080000000, 0x0000000084000000, 0x00000000d5580000)
  object space 65536K, 18% used [0x0000000080000000,0x0000000080c19ab8,0x0000000084000000)
 Metaspace       used 29843K, capacity 30428K, committed 30720K, reserved 1075200K
  class space    used 4067K, capacity 4246K, committed 4352K, reserved 1048576K
Event: 5.199 GC heap after
Heap after GC invocations=7 (full 1):
 PSYoungGen      total 107008K, used 7121K [0x00000000d5580000, 0x00000000dc900000, 0x0000000100000000)
  eden space 96768K, 0% used [0x00000000d5580000,0x00000000d5580000,0x00000000db400000)
  from space 10240K, 69% used [0x00000000dbf00000,0x00000000dc5f4698,0x00000000dc900000)
  to   space 10752K, 0% used [0x00000000db400000,0x00000000db400000,0x00000000dbe80000)
 ParOldGen       total 65536K, used 12398K [0x0000000080000000, 0x0000000084000000, 0x00000000d5580000)
  object space 65536K, 18% used [0x0000000080000000,0x0000000080c1bab8,0x0000000084000000)
 Metaspace       used 29843K, capacity 30428K, committed 30720K, reserved 1075200K
  class space    used 4067K, capacity 4246K, committed 4352K, reserved 1048576K
}
Event: 6.190 GC heap before
{Heap before GC invocations=8 (full 1):
 PSYoungGen      total 107008K, used 49114K [0x00000000d5580000, 0x00000000dc900000, 0x0000000100000000)
  eden space 96768K, 43% used [0x00000000d5580000,0x00000000d7e824f8,0x00000000db400000)
  from space 10240K, 69% used [0x00000000dbf00000,0x00000000dc5f4698,0x00000000dc900000)
  to   space 10752K, 0% used [0x00000000db400000,0x00000000db400000,0x00000000dbe80000)
 ParOldGen       total 65536K, used 12398K [0x0000000080000000, 0x0000000084000000, 0x00000000d5580000)
  object space 65536K, 18% used [0x0000000080000000,0x0000000080c1bab8,0x0000000084000000)
 Metaspace       used 34565K, capacity 35250K, committed 35416K, reserved 1079296K
  class space    used 4652K, capacity 4879K, committed 4952K, reserved 1048576K
Event: 6.199 GC heap after
Heap after GC invocations=8 (full 1):
 PSYoungGen      total 107520K, used 10438K [0x00000000d5580000, 0x00000000df480000, 0x0000000100000000)
  eden space 96768K, 0% used [0x00000000d5580000,0x00000000d5580000,0x00000000db400000)
  from space 10752K, 97% used [0x00000000db400000,0x00000000dbe31918,0x00000000dbe80000)
  to   space 11776K, 0% used [0x00000000de900000,0x00000000de900000,0x00000000df480000)
 ParOldGen       total 65536K, used 12470K [0x0000000080000000, 0x0000000084000000, 0x00000000d5580000)
  object space 65536K, 19% used [0x0000000080000000,0x0000000080c2dac8,0x0000000084000000)
 Metaspace       used 34565K, capacity 35250K, committed 35416K, reserved 1079296K
  class space    used 4652K, capacity 4879K, committed 4952K, reserved 1048576K
}
Event: 6.199 GC heap before
{Heap before GC invocations=9 (full 2):
 PSYoungGen      total 107520K, used 10438K [0x00000000d5580000, 0x00000000df480000, 0x0000000100000000)
  eden space 96768K, 0% used [0x00000000d5580000,0x00000000d5580000,0x00000000db400000)
  from space 10752K, 97% used [0x00000000db400000,0x00000000dbe31918,0x00000000dbe80000)
  to   space 11776K, 0% used [0x00000000de900000,0x00000000de900000,0x00000000df480000)
 ParOldGen       total 65536K, used 12470K [0x0000000080000000, 0x0000000084000000, 0x00000000d5580000)
  object space 65536K, 19% used [0x0000000080000000,0x0000000080c2dac8,0x0000000084000000)
 Metaspace       used 34565K, capacity 35250K, committed 35416K, reserved 1079296K
  class space    used 4652K, capacity 4879K, committed 4952K, reserved 1048576K
Event: 6.274 GC heap after
Heap after GC invocations=9 (full 2):
 PSYoungGen      total 107520K, used 0K [0x00000000d5580000, 0x00000000df480000, 0x0000000100000000)
  eden space 96768K, 0% used [0x00000000d5580000,0x00000000d5580000,0x00000000db400000)
  from space 10752K, 0% used [0x00000000db400000,0x00000000db400000,0x00000000dbe80000)
  to   space 11776K, 0% used [0x00000000de900000,0x00000000de900000,0x00000000df480000)
 ParOldGen       total 65536K, used 16754K [0x0000000080000000, 0x0000000084000000, 0x00000000d5580000)
  object space 65536K, 25% used [0x0000000080000000,0x000000008105ca38,0x0000000084000000)
 Metaspace       used 34565K, capacity 35250K, committed 35416K, reserved 1079296K
  class space    used 4652K, capacity 4879K, committed 4952K, reserved 1048576K
}

Deoptimization events (10 events):
Event: 7.179 Thread 0x000000001cb48800 Uncommon trap: reason=class_check action=maybe_recompile pc=0x0000000005d11550 method=java.util.AbstractList$Itr.hasNext()Z @ 8
Event: 7.179 Thread 0x000000001cb48800 Uncommon trap: reason=class_check action=maybe_recompile pc=0x0000000005d11550 method=java.util.AbstractList$Itr.hasNext()Z @ 8
Event: 7.180 Thread 0x000000001cb48800 Uncommon trap: reason=class_check action=maybe_recompile pc=0x0000000005c805c4 method=java.util.AbstractList$Itr.next()Ljava/lang/Object; @ 14
Event: 7.180 Thread 0x000000001cb48800 Uncommon trap: reason=class_check action=maybe_recompile pc=0x0000000005d11550 method=java.util.AbstractList$Itr.hasNext()Z @ 8
Event: 7.186 Thread 0x000000001cb48800 Uncommon trap: reason=class_check action=maybe_recompile pc=0x0000000005c805c4 method=java.util.AbstractList$Itr.next()Ljava/lang/Object; @ 14
Event: 7.192 Thread 0x000000001cb48800 Uncommon trap: reason=class_check action=maybe_recompile pc=0x0000000005c805c4 method=java.util.AbstractList$Itr.next()Ljava/lang/Object; @ 14
Event: 7.373 Thread 0x000000001cb48800 Uncommon trap: reason=unstable_if action=reinterpret pc=0x0000000005b19d34 method=com.sun.org.apache.xerces.internal.utils.XMLLimitAnalyzer.addValue(ILjava/lang/String;I)V @ 68
Event: 7.373 Thread 0x000000001cb48800 Uncommon trap: reason=unstable_if action=reinterpret pc=0x0000000005a7f9d0 method=com.sun.org.apache.xerces.internal.utils.XMLSecurityManager.isOverLimit(ILcom/sun/org/apache/xerces/internal/utils/XMLLimitAnalyzer;)Z @ 38
Event: 7.416 Thread 0x000000001cb48800 Uncommon trap: reason=unstable_if action=reinterpret pc=0x0000000005c8d17c method=java.util.WeakHashMap.remove(Ljava/lang/Object;)Ljava/lang/Object; @ 94
Event: 7.455 Thread 0x000000001cb48800 Uncommon trap: reason=unstable_if action=reinterpret pc=0x0000000005a23684 method=java.lang.CharacterDataLatin1.digit(II)I @ 31

Internal exceptions (10 events):
Event: 7.129 Thread 0x000000001cb48800 Exception <a 'sun/nio/fs/WindowsException'> (0x00000000da7c6260) thrown at [C:\src\android\AOSP-openjdk\external\jetbrains\jdk\hotspot\src\share\vm\prims\jni.cpp, line 709]
Event: 7.130 Thread 0x000000001cb48800 Exception <a 'sun/nio/fs/WindowsException'> (0x00000000da7c6e48) thrown at [C:\src\android\AOSP-openjdk\external\jetbrains\jdk\hotspot\src\share\vm\prims\jni.cpp, line 709]
Event: 7.130 Thread 0x000000001cb48800 Exception <a 'sun/nio/fs/WindowsException'> (0x00000000da7c8a60) thrown at [C:\src\android\AOSP-openjdk\external\jetbrains\jdk\hotspot\src\share\vm\prims\jni.cpp, line 709]
Event: 7.130 Thread 0x000000001cb48800 Exception <a 'sun/nio/fs/WindowsException'> (0x00000000da7c9688) thrown at [C:\src\android\AOSP-openjdk\external\jetbrains\jdk\hotspot\src\share\vm\prims\jni.cpp, line 709]
Event: 7.130 Thread 0x000000001cb48800 Exception <a 'sun/nio/fs/WindowsException'> (0x00000000da7cc438) thrown at [C:\src\android\AOSP-openjdk\external\jetbrains\jdk\hotspot\src\share\vm\prims\jni.cpp, line 709]
Event: 7.130 Thread 0x000000001cb48800 Exception <a 'sun/nio/fs/WindowsException'> (0x00000000da7cd098) thrown at [C:\src\android\AOSP-openjdk\external\jetbrains\jdk\hotspot\src\share\vm\prims\jni.cpp, line 709]
Event: 7.130 Thread 0x000000001cb48800 Exception <a 'sun/nio/fs/WindowsException'> (0x00000000da7ced28) thrown at [C:\src\android\AOSP-openjdk\external\jetbrains\jdk\hotspot\src\share\vm\prims\jni.cpp, line 709]
Event: 7.130 Thread 0x000000001cb48800 Exception <a 'sun/nio/fs/WindowsException'> (0x00000000da7cf9c8) thrown at [C:\src\android\AOSP-openjdk\external\jetbrains\jdk\hotspot\src\share\vm\prims\jni.cpp, line 709]
Event: 7.140 Thread 0x000000001cb48800 Exception <a 'java/lang/ClassNotFoundException': com/sun/org/glassfish/hk2/osgiresourcelocator/ServiceLoader> (0x00000000da825398) thrown at [C:\src\android\AOSP-openjdk\external\jetbrains\jdk\hotspot\src\share\vm\classfile\systemDictionary.cpp, line 210]
Event: 7.149 Thread 0x000000001cb48800 Exception <a 'java/lang/NullPointerException'> (0x00000000da859fc0) thrown at [C:\src\android\AOSP-openjdk\external\jetbrains\jdk\hotspot\src\share\vm\interpreter\linkResolver.cpp, line 1280]

Events (10 events):
Event: 7.454 loading class com/sun/org/apache/xerces/internal/impl/xpath/regex/RegularExpression$StringTarget done
Event: 7.454 loading class com/sun/org/apache/xerces/internal/impl/xpath/regex/RegularExpression$ClosureContext
Event: 7.454 loading class com/sun/org/apache/xerces/internal/impl/xpath/regex/RegularExpression$ClosureContext done
Event: 7.455 loading class com/sun/xml/internal/bind/DatatypeConverterImpl
Event: 7.455 loading class javax/xml/bind/DatatypeConverterInterface
Event: 7.455 loading class javax/xml/bind/DatatypeConverterInterface done
Event: 7.455 loading class com/sun/xml/internal/bind/DatatypeConverterImpl done
Event: 7.455 Thread 0x000000001cb48800 Uncommon trap: trap_request=0xffffff65 fr.pc=0x0000000005a23684
Event: 7.455 Thread 0x000000001cb48800 DEOPT PACKING pc=0x0000000005a23684 sp=0x000000001e4fbfa0
Event: 7.455 Thread 0x000000001cb48800 DEOPT UNPACKING pc=0x000000000508556a sp=0x000000001e4fbdd0 mode 2


Dynamic libraries:
0x00007ff70e550000 - 0x00007ff70e581000 	C:\Program Files\Android\Android Studio\jre\bin\java.exe
0x00007ffc0c5d0000 - 0x00007ffc0c7b0000 	C:\WINDOWS\SYSTEM32\ntdll.dll
0x00007ffc0c440000 - 0x00007ffc0c4ee000 	C:\WINDOWS\System32\KERNEL32.DLL
0x00007ffc08a50000 - 0x00007ffc08cb6000 	C:\WINDOWS\System32\KERNELBASE.dll
0x00007ffc0a390000 - 0x00007ffc0a431000 	C:\WINDOWS\System32\ADVAPI32.dll
0x00007ffc0a2f0000 - 0x00007ffc0a38d000 	C:\WINDOWS\System32\msvcrt.dll
0x00007ffc0c150000 - 0x00007ffc0c1ab000 	C:\WINDOWS\System32\sechost.dll
0x00007ffc0c240000 - 0x00007ffc0c35f000 	C:\WINDOWS\System32\RPCRT4.dll
0x00007ffc0a760000 - 0x00007ffc0a8ef000 	C:\WINDOWS\System32\USER32.dll
0x00007ffc09600000 - 0x00007ffc09620000 	C:\WINDOWS\System32\win32u.dll
0x00007ffc0c370000 - 0x00007ffc0c398000 	C:\WINDOWS\System32\GDI32.dll
0x00007ffc09620000 - 0x00007ffc097b3000 	C:\WINDOWS\System32\gdi32full.dll
0x00007ffc09460000 - 0x00007ffc094fb000 	C:\WINDOWS\System32\msvcp_win.dll
0x00007ffc09500000 - 0x00007ffc095f6000 	C:\WINDOWS\System32\ucrtbase.dll
0x00007ffbfd640000 - 0x00007ffbfd8a9000 	C:\WINDOWS\WinSxS\amd64_microsoft.windows.common-controls_6595b64144ccf1df_6.0.16299.431_none_15c7d3ee93659e73\COMCTL32.dll
0x00007ffc0be40000 - 0x00007ffc0c148000 	C:\WINDOWS\System32\combase.dll
0x00007ffc089d0000 - 0x00007ffc08a42000 	C:\WINDOWS\System32\bcryptPrimitives.dll
0x00007ffc0c1b0000 - 0x00007ffc0c1dd000 	C:\WINDOWS\System32\IMM32.DLL
0x000000005e500000 - 0x000000005e5d2000 	C:\Program Files\Android\Android Studio\jre\jre\bin\msvcr100.dll
0x000000005d280000 - 0x000000005dabc000 	C:\Program Files\Android\Android Studio\jre\jre\bin\server\jvm.dll
0x00007ffc0a1e0000 - 0x00007ffc0a1e8000 	C:\WINDOWS\System32\PSAPI.DLL
0x00007ffc067c0000 - 0x00007ffc067e3000 	C:\WINDOWS\SYSTEM32\WINMM.dll
0x00007ffc075b0000 - 0x00007ffc075b9000 	C:\WINDOWS\SYSTEM32\WSOCK32.dll
0x00007ffc0c3a0000 - 0x00007ffc0c40c000 	C:\WINDOWS\System32\WS2_32.dll
0x00007ffc00d90000 - 0x00007ffc00d9a000 	C:\WINDOWS\SYSTEM32\VERSION.dll
0x00007ffc06760000 - 0x00007ffc0678a000 	C:\WINDOWS\SYSTEM32\winmmbase.dll
0x00007ffc09410000 - 0x00007ffc0945a000 	C:\WINDOWS\System32\cfgmgr32.dll
0x00007ffbfa120000 - 0x00007ffbfa12f000 	C:\Program Files\Android\Android Studio\jre\jre\bin\verify.dll
0x00007ffbda0a0000 - 0x00007ffbda0c9000 	C:\Program Files\Android\Android Studio\jre\jre\bin\java.dll
0x00007ffbe4d70000 - 0x00007ffbe4d86000 	C:\Program Files\Android\Android Studio\jre\jre\bin\zip.dll
0x00007ffc0aa00000 - 0x00007ffc0be38000 	C:\WINDOWS\System32\SHELL32.dll
0x00007ffc0c4f0000 - 0x00007ffc0c596000 	C:\WINDOWS\System32\shcore.dll
0x00007ffc08cc0000 - 0x00007ffc09407000 	C:\WINDOWS\System32\windows.storage.dll
0x00007ffc0a700000 - 0x00007ffc0a751000 	C:\WINDOWS\System32\shlwapi.dll
0x00007ffc089b0000 - 0x00007ffc089c1000 	C:\WINDOWS\System32\kernel.appcore.dll
0x00007ffc08940000 - 0x00007ffc0898c000 	C:\WINDOWS\System32\powrprof.dll
0x00007ffc08920000 - 0x00007ffc0893b000 	C:\WINDOWS\System32\profapi.dll
0x00007ffbda010000 - 0x00007ffbda02a000 	C:\Program Files\Android\Android Studio\jre\jre\bin\net.dll
0x0000000180000000 - 0x0000000180096000 	C:\WINDOWS\SYSTEM32\pcapwsp.dll
0x00007ffc081b0000 - 0x00007ffc08216000 	C:\WINDOWS\system32\mswsock.dll
0x00007ffbd55a0000 - 0x00007ffbd55b1000 	C:\Program Files\Android\Android Studio\jre\jre\bin\nio.dll
0x00007ffbd1ba0000 - 0x00007ffbd1bbe000 	C:\Users\CFAPAG\.gradle\native\23\windows-amd64\native-platform.dll
0x00007ffc08380000 - 0x00007ffc08397000 	C:\WINDOWS\SYSTEM32\CRYPTSP.dll
0x00007ffc07db0000 - 0x00007ffc07de3000 	C:\WINDOWS\system32\rsaenh.dll
0x00007ffc08480000 - 0x00007ffc084a5000 	C:\WINDOWS\SYSTEM32\bcrypt.dll
0x00007ffc08820000 - 0x00007ffc08849000 	C:\WINDOWS\SYSTEM32\USERENV.dll
0x00007ffc08370000 - 0x00007ffc0837b000 	C:\WINDOWS\SYSTEM32\CRYPTBASE.dll
0x00007ffc07f40000 - 0x00007ffc07f79000 	C:\WINDOWS\SYSTEM32\IPHLPAPI.DLL
0x00007ffc0c360000 - 0x00007ffc0c368000 	C:\WINDOWS\System32\NSI.dll
0x00007ffbfe710000 - 0x00007ffbfe726000 	C:\WINDOWS\SYSTEM32\dhcpcsvc6.DLL
0x00007ffbfee00000 - 0x00007ffbfee1a000 	C:\WINDOWS\SYSTEM32\dhcpcsvc.DLL
0x00007ffbfab00000 - 0x00007ffbfab0d000 	C:\Program Files\Android\Android Studio\jre\jre\bin\management.dll

VM Arguments:
jvm_args: -XX:MaxPermSize=512m -XX:+HeapDumpOnOutOfMemoryError -Xmx2048m -Dfile.encoding=UTF-8 -Duser.country=FR -Duser.language=fr -Duser.variant 
java_command: org.gradle.launcher.daemon.bootstrap.GradleDaemon 3.3
java_class_path (initial): C:\Users\CFAPAG\.gradle\wrapper\dists\gradle-3.3-all\55gk2rcmfc6p2dg9u9ohc3hw9\gradle-3.3\lib\gradle-launcher-3.3.jar
Launcher Type: SUN_STANDARD

Environment Variables:
PATH=C:\ProgramData\Oracle\Java\javapath;C:\Program Files (x86)\Intel\iCLS Client\;C:\Program Files\Intel\iCLS Client\;C:\Windows\system32;C:\Windows;C:\Windows\System32\Wbem;C:\Windows\System32\WindowsPowerShell\v1.0\;C:\Program Files (x86)\Intel\Intel(R) Management Engine Components\DAL;C:\Program Files\Intel\Intel(R) Management Engine Components\DAL;C:\Program Files (x86)\Intel\Intel(R) Management Engine Components\IPT;C:\Program Files\Intel\Intel(R) Management Engine Components\IPT;C:\Program Files (x86)\NVIDIA Corporation\PhysX\Common;C:\WINDOWS\system32;C:\WINDOWS;C:\WINDOWS\System32\Wbem;C:\WINDOWS\System32\WindowsPowerShell\v1.0\;C:\Program Files (x86)\Microsoft SQL Server\Client SDK\ODBC\130\Tools\Binn\;C:\Program Files (x86)\Microsoft SQL Server\130\Tools\Binn\;C:\Program Files (x86)\Microsoft SQL Server\130\DTS\Binn\;C:\Program Files (x86)\Microsoft SQL Server\130\Tools\Binn\ManagementStudio\;C:\Program Files\Microsoft SQL Server\110\Tools\Binn\;C:\Program Files (x86)\Microsoft SDKs\TypeScript\1.0\;C:\Program Files\Microsoft SQL Server\120\Tools\Binn\;C:\Program Files\Microsoft SQL Server\Client SDK\ODBC\130\Tools\Binn\;C:\Program Files\Microsoft SQL Server\130\Tools\Binn\;C:\Program Files\Microsoft SQL Server\130\DTS\Binn\;C:\Program Files\nodejs\;C:\Program Files\Git\cmd;C:\Program Files (x86)\GtkSharp\2.12\bin;C:\Program Files (x86)\Windows Kits\8.1\Windows Performance Toolkit\;C:\Users\CFAPAG\AppData\Local\Microsoft\WindowsApps;C:\Users\CFAPAG\AppData\Roaming\npm;C:\Program Files\SDCC\bin;C:\Users\CFAPAG\AppData\Local\Programs\Python\Python36-32;
USERNAME=CFAPAG
OS=Windows_NT
PROCESSOR_IDENTIFIER=Intel64 Family 6 Model 142 Stepping 9, GenuineIntel



---------------  S Y S T E M  ---------------

OS: Windows 10.0 , 64 bit Build 16299 (10.0.16299.431)

CPU:total 4 (2 cores per cpu, 2 threads per core) family 6 model 142 stepping 9, cmov, cx8, fxsr, mmx, sse, sse2, sse3, ssse3, sse4.1, sse4.2, popcnt, avx, avx2, aes, clmul, erms, 3dnowpref, lzcnt, ht, tsc, tscinvbit, bmi1, bmi2, adx

Memory: 4k page, physical 8268828k(686388k free), swap 12876828k(5284k free)

vm_info: OpenJDK 64-Bit Server VM (25.112-b06) for windows-amd64 JRE (1.8.0_112-release-b06), built on Dec  8 2016 00:54:26 by "builder" with MS VC++ 10.0 (VS2010)

time: Fri Jun 01 08:00:36 2018
elapsed time: 7 seconds (0d 0h 0m 7s)

