#
# There is insufficient memory for the Java Runtime Environment to continue.
# Native memory allocation (malloc) failed to allocate 1153456 bytes for Chunk::new
# Possible reasons:
#   The system is out of physical RAM or swap space
#   In 32 bit mode, the process size limit was hit
# Possible solutions:
#   Reduce memory load on the system
#   Increase physical memory or swap space
#   Check if swap backing store is full
#   Use 64 bit Java on a 64 bit OS
#   Decrease Java heap size (-Xmx/-Xms)
#   Decrease number of Java threads
#   Decrease Java thread stack sizes (-Xss)
#   Set larger code cache with -XX:ReservedCodeCacheSize=
# This output file may be truncated or incomplete.
#
#  Out of Memory Error (allocation.cpp:390), pid=16224, tid=0x0000000000003044
#
# JRE version: OpenJDK Runtime Environment (8.0_112-b06) (build 1.8.0_112-release-b06)
# Java VM: OpenJDK 64-Bit Server VM (25.112-b06 mixed mode windows-amd64 compressed oops)
# Failed to write core dump. Minidumps are not enabled by default on client versions of Windows
#

---------------  T H R E A D  ---------------

Current thread (0x000000001934b000):  JavaThread "C2 CompilerThread0" daemon [_thread_in_native, id=12356, stack(0x000000001a9b0000,0x000000001aab0000)]

Stack: [0x000000001a9b0000,0x000000001aab0000]
[error occurred during error reporting (printing stack bounds), id 0xc0000005]

Native frames: (J=compiled Java code, j=interpreted, Vv=VM code, C=native code)


Current CompileTask:
C2:  35781 10930       4       com.android.dx.ssa.SsaConverter::placePhiFunctions (394 bytes)


---------------  P R O C E S S  ---------------

Java Threads: ( => current thread )
  0x000000001e9b6000 JavaThread "pool-21-thread-1" [_thread_new, id=14192, stack(0x0000000000000000,0x0000000000000000)]
  0x000000001e9b4800 JavaThread "pool-40-thread-4" [_thread_in_Java, id=6596, stack(0x0000000029b70000,0x0000000029c70000)]
  0x000000001e9b1800 JavaThread "pool-40-thread-3" [_thread_blocked, id=9856, stack(0x0000000029a70000,0x0000000029b70000)]
  0x000000001e9ae800 JavaThread "pool-40-thread-2" [_thread_in_Java, id=14032, stack(0x0000000029970000,0x0000000029a70000)]
  0x000000001e9ad800 JavaThread "pool-41-thread-1" [_thread_blocked, id=14736, stack(0x0000000029870000,0x0000000029970000)]
  0x000000001ece0800 JavaThread "pool-40-thread-1" [_thread_in_Java, id=7464, stack(0x0000000029770000,0x0000000029870000)]
  0x000000001ece3800 JavaThread "pool-25-thread-4" [_thread_blocked, id=8296, stack(0x0000000028a70000,0x0000000028b70000)]
  0x000000001ece3000 JavaThread "pool-25-thread-3" [_thread_blocked, id=11328, stack(0x0000000028970000,0x0000000028a70000)]
  0x000000001ece1800 JavaThread "pool-25-thread-2" [_thread_blocked, id=10096, stack(0x0000000028870000,0x0000000028970000)]
  0x000000001ecdf000 JavaThread "pool-26-thread-1" [_thread_blocked, id=11120, stack(0x0000000028570000,0x0000000028670000)]
  0x000000001ecde800 JavaThread "pool-25-thread-1" [_thread_blocked, id=14028, stack(0x0000000028470000,0x0000000028570000)]
  0x000000001ece0000 JavaThread "pool-5-thread-4" [_thread_blocked, id=748, stack(0x0000000027070000,0x0000000027170000)]
  0x000000001ecd7000 JavaThread "pool-5-thread-3" [_thread_in_native, id=10488, stack(0x0000000026f70000,0x0000000027070000)]
  0x000000001ecdd800 JavaThread "pool-5-thread-2" [_thread_blocked, id=7544, stack(0x0000000026870000,0x0000000026970000)]
  0x000000001ecdc000 JavaThread "pool-5-thread-1" [_thread_in_native, id=9236, stack(0x0000000026770000,0x0000000026870000)]
  0x000000001ecdb800 JavaThread "pool-3-thread-4" [_thread_blocked, id=9332, stack(0x0000000026670000,0x0000000026770000)]
  0x000000001ecda800 JavaThread "pool-3-thread-3" [_thread_blocked, id=10352, stack(0x0000000026570000,0x0000000026670000)]
  0x000000001ecda000 JavaThread "pool-3-thread-2" [_thread_blocked, id=9404, stack(0x0000000026470000,0x0000000026570000)]
  0x000000001ecd8800 JavaThread "pool-3-thread-1" [_thread_blocked, id=1648, stack(0x0000000026370000,0x0000000026470000)]
  0x000000001ecd7800 JavaThread "Cache update executor" [_thread_blocked, id=13372, stack(0x0000000025a70000,0x0000000025b70000)]
  0x000000001eced000 JavaThread "Stdin handler" [_thread_blocked, id=16380, stack(0x0000000025970000,0x0000000025a70000)]
  0x000000001ece8800 JavaThread "Asynchronous log dispatcher for DefaultDaemonConnection: socket connection from /127.0.0.1:59785 to /127.0.0.1:59814" [_thread_blocked, id=3380, stack(0x0000000025870000,0x0000000025970000)]
  0x000000001ecea800 JavaThread "Cancel handler" [_thread_blocked, id=10732, stack(0x0000000025770000,0x0000000025870000)]
  0x000000001ece9000 JavaThread "Handler for socket connection from /127.0.0.1:59785 to /127.0.0.1:59814" [_thread_in_native, id=13008, stack(0x0000000025670000,0x0000000025770000)]
  0x000000001eced800 JavaThread "File lock request listener" [_thread_in_native, id=3524, stack(0x0000000021970000,0x0000000021a70000)]
  0x000000001c487000 JavaThread "Daemon worker" [_thread_blocked, id=3532, stack(0x000000001da60000,0x000000001db60000)]
  0x000000001c058000 JavaThread "pool-1-thread-1" [_thread_blocked, id=14244, stack(0x000000001d860000,0x000000001d960000)]
  0x000000001c3f0000 JavaThread "Daemon" [_thread_blocked, id=16228, stack(0x000000001d660000,0x000000001d760000)]
  0x000000001c220800 JavaThread "Incoming local TCP Connector on port 59785" [_thread_in_native, id=6656, stack(0x000000001cca0000,0x000000001cda0000)]
  0x000000001acd1000 JavaThread "Service Thread" daemon [_thread_blocked, id=14160, stack(0x000000001b0b0000,0x000000001b1b0000)]
  0x0000000019344000 JavaThread "C1 CompilerThread2" daemon [_thread_blocked, id=17304, stack(0x000000001abb0000,0x000000001acb0000)]
  0x000000001933d000 JavaThread "C2 CompilerThread1" daemon [_thread_in_native, id=13684, stack(0x000000001aab0000,0x000000001abb0000)]
=>0x000000001934b000 JavaThread "C2 CompilerThread0" daemon [_thread_in_native, id=12356, stack(0x000000001a9b0000,0x000000001aab0000)]
  0x0000000019349800 JavaThread "Attach Listener" daemon [_thread_blocked, id=12136, stack(0x000000001a8b0000,0x000000001a9b0000)]
  0x0000000019348000 JavaThread "Signal Dispatcher" daemon [_thread_blocked, id=3496, stack(0x000000001a7b0000,0x000000001a8b0000)]
  0x000000001932e000 JavaThread "Finalizer" daemon [_thread_blocked, id=3560, stack(0x000000001a590000,0x000000001a690000)]
  0x0000000004672000 JavaThread "Reference Handler" daemon [_thread_blocked, id=8444, stack(0x000000001a490000,0x000000001a590000)]
  0x0000000004582800 JavaThread "main" [_thread_blocked, id=12520, stack(0x0000000004440000,0x0000000004540000)]

Other Threads:
  0x0000000019305800 VMThread [stack: 0x000000001a390000,0x000000001a490000] [id=8440]
  0x000000001acd2000 WatcherThread [stack: 0x000000001b1b0000,0x000000001b2b0000] [id=15532]

VM state:not at safepoint (normal execution)

VM Mutex/Monitor currently owned by a thread: None

Heap:
 PSYoungGen      total 226304K, used 114927K [0x00000000d5580000, 0x00000000e4900000, 0x0000000100000000)
  eden space 205312K, 45% used [0x00000000d5580000,0x00000000db13c6f0,0x00000000e1e00000)
  from space 20992K, 99% used [0x00000000e3400000,0x00000000e487f8a8,0x00000000e4880000)
  to   space 22016K, 0% used [0x00000000e1e00000,0x00000000e1e00000,0x00000000e3380000)
 ParOldGen       total 134656K, used 80979K [0x0000000080000000, 0x0000000088380000, 0x00000000d5580000)
  object space 134656K, 60% used [0x0000000080000000,0x0000000084f14ea8,0x0000000088380000)
 Metaspace       used 63620K, capacity 65546K, committed 65664K, reserved 1105920K
  class space    used 8182K, capacity 8557K, committed 8576K, reserved 1048576K

Card table byte_map: [0x0000000013ae0000,0x0000000013ef0000] byte_map_base: 0x00000000136e0000

Marking Bits: (ParMarkBitMap*) 0x000000005da418f0
 Begin Bits: [0x00000000145a0000, 0x00000000165a0000)
 End Bits:   [0x00000000165a0000, 0x00000000185a0000)

Polling page: 0x0000000004540000

CodeCache: size=245760Kb used=31314Kb max_used=31314Kb free=214445Kb
 bounds [0x0000000004720000, 0x00000000065e0000, 0x0000000013720000]
 total_blobs=10122 nmethods=9339 adapters=693
 compilation: enabled

Compilation events (10 events):
Event: 35.734 Thread 0x0000000019344000 11040   !   3       java.util.concurrent.ConcurrentHashMap::putVal (362 bytes)
Event: 35.735 Thread 0x0000000019344000 nmethod 11040 0x00000000065c5010 code [0x00000000065c52c0, 0x00000000065c6bb8]
Event: 35.742 Thread 0x0000000019344000 11041       2       java.util.HashMap::getNode (148 bytes)
Event: 35.743 Thread 0x0000000019344000 nmethod 11041 0x00000000065c7750 code [0x00000000065c7900, 0x00000000065c7d68]
Event: 35.746 Thread 0x0000000019344000 11042       2       java.util.HashMap::get (23 bytes)
Event: 35.746 Thread 0x0000000019344000 nmethod 11042 0x00000000065c8110 code [0x00000000065c8280, 0x00000000065c8478]
Event: 35.749 Thread 0x0000000019344000 11043       2       com.android.dx.rop.code.Rops::opPutStatic (97 bytes)
Event: 35.750 Thread 0x0000000019344000 nmethod 11043 0x00000000065c8590 code [0x00000000065c8760, 0x00000000065c8cd8]
Event: 35.756 Thread 0x0000000019344000 11044       2       com.android.dx.ssa.back.FirstFitLocalCombiningAllocator$Alignment$1::nextClearBit (26 bytes)
Event: 35.757 Thread 0x0000000019344000 nmethod 11044 0x0000000004ada710 code [0x0000000004ada880, 0x0000000004adaa98]

GC Heap History (10 events):
Event: 27.015 GC heap before
{Heap before GC invocations=13 (full 2):
 PSYoungGen      total 163328K, used 20878K [0x00000000d5580000, 0x00000000e0b00000, 0x0000000100000000)
  eden space 146944K, 3% used [0x00000000d5580000,0x00000000d59e4050,0x00000000de500000)
  from space 16384K, 99% used [0x00000000df900000,0x00000000e08ff828,0x00000000e0900000)
  to   space 19456K, 0% used [0x00000000de500000,0x00000000de500000,0x00000000df800000)
 ParOldGen       total 105984K, used 27155K [0x0000000080000000, 0x0000000086780000, 0x00000000d5580000)
  object space 105984K, 25% used [0x0000000080000000,0x0000000081a84e48,0x0000000086780000)
 Metaspace       used 57437K, capacity 59004K, committed 59136K, reserved 1099776K
  class space    used 7530K, capacity 7864K, committed 7936K, reserved 1048576K
Event: 27.032 GC heap after
Heap after GC invocations=13 (full 2):
 PSYoungGen      total 166400K, used 16462K [0x00000000d5580000, 0x00000000e4880000, 0x0000000100000000)
  eden space 146944K, 0% used [0x00000000d5580000,0x00000000d5580000,0x00000000de500000)
  from space 19456K, 84% used [0x00000000de500000,0x00000000df513818,0x00000000df800000)
  to   space 20992K, 0% used [0x00000000e3400000,0x00000000e3400000,0x00000000e4880000)
 ParOldGen       total 105984K, used 27163K [0x0000000080000000, 0x0000000086780000, 0x00000000d5580000)
  object space 105984K, 25% used [0x0000000080000000,0x0000000081a86e48,0x0000000086780000)
 Metaspace       used 57437K, capacity 59004K, committed 59136K, reserved 1099776K
  class space    used 7530K, capacity 7864K, committed 7936K, reserved 1048576K
}
Event: 27.032 GC heap before
{Heap before GC invocations=14 (full 3):
 PSYoungGen      total 166400K, used 16462K [0x00000000d5580000, 0x00000000e4880000, 0x0000000100000000)
  eden space 146944K, 0% used [0x00000000d5580000,0x00000000d5580000,0x00000000de500000)
  from space 19456K, 84% used [0x00000000de500000,0x00000000df513818,0x00000000df800000)
  to   space 20992K, 0% used [0x00000000e3400000,0x00000000e3400000,0x00000000e4880000)
 ParOldGen       total 105984K, used 27163K [0x0000000080000000, 0x0000000086780000, 0x00000000d5580000)
  object space 105984K, 25% used [0x0000000080000000,0x0000000081a86e48,0x0000000086780000)
 Metaspace       used 57437K, capacity 59004K, committed 59136K, reserved 1099776K
  class space    used 7530K, capacity 7864K, committed 7936K, reserved 1048576K
Event: 27.226 GC heap after
Heap after GC invocations=14 (full 3):
 PSYoungGen      total 166400K, used 0K [0x00000000d5580000, 0x00000000e4880000, 0x0000000100000000)
  eden space 146944K, 0% used [0x00000000d5580000,0x00000000d5580000,0x00000000de500000)
  from space 19456K, 0% used [0x00000000de500000,0x00000000de500000,0x00000000df800000)
  to   space 20992K, 0% used [0x00000000e3400000,0x00000000e3400000,0x00000000e4880000)
 ParOldGen       total 134656K, used 29310K [0x0000000080000000, 0x0000000088380000, 0x00000000d5580000)
  object space 134656K, 21% used [0x0000000080000000,0x0000000081c9f948,0x0000000088380000)
 Metaspace       used 57437K, capacity 59004K, committed 59136K, reserved 1099776K
  class space    used 7530K, capacity 7864K, committed 7936K, reserved 1048576K
}
Event: 33.221 GC heap before
{Heap before GC invocations=15 (full 3):
 PSYoungGen      total 166400K, used 146944K [0x00000000d5580000, 0x00000000e4880000, 0x0000000100000000)
  eden space 146944K, 100% used [0x00000000d5580000,0x00000000de500000,0x00000000de500000)
  from space 19456K, 0% used [0x00000000de500000,0x00000000de500000,0x00000000df800000)
  to   space 20992K, 0% used [0x00000000e3400000,0x00000000e3400000,0x00000000e4880000)
 ParOldGen       total 134656K, used 29310K [0x0000000080000000, 0x0000000088380000, 0x00000000d5580000)
  object space 134656K, 21% used [0x0000000080000000,0x0000000081c9f948,0x0000000088380000)
 Metaspace       used 63056K, capacity 65034K, committed 65152K, reserved 1105920K
  class space    used 8176K, capacity 8557K, committed 8576K, reserved 1048576K
Event: 33.247 GC heap after
Heap after GC invocations=15 (full 3):
 PSYoungGen      total 226304K, used 16304K [0x00000000d5580000, 0x00000000e4900000, 0x0000000100000000)
  eden space 205312K, 0% used [0x00000000d5580000,0x00000000d5580000,0x00000000e1e00000)
  from space 20992K, 77% used [0x00000000e3400000,0x00000000e43ec100,0x00000000e4880000)
  to   space 22016K, 0% used [0x00000000e1e00000,0x00000000e1e00000,0x00000000e3380000)
 ParOldGen       total 134656K, used 29318K [0x0000000080000000, 0x0000000088380000, 0x00000000d5580000)
  object space 134656K, 21% used [0x0000000080000000,0x0000000081ca1948,0x0000000088380000)
 Metaspace       used 63056K, capacity 65034K, committed 65152K, reserved 1105920K
  class space    used 8176K, capacity 8557K, committed 8576K, reserved 1048576K
}
Event: 34.289 GC heap before
{Heap before GC invocations=16 (full 3):
 PSYoungGen      total 226304K, used 221616K [0x00000000d5580000, 0x00000000e4900000, 0x0000000100000000)
  eden space 205312K, 100% used [0x00000000d5580000,0x00000000e1e00000,0x00000000e1e00000)
  from space 20992K, 77% used [0x00000000e3400000,0x00000000e43ec100,0x00000000e4880000)
  to   space 22016K, 0% used [0x00000000e1e00000,0x00000000e1e00000,0x00000000e3380000)
 ParOldGen       total 134656K, used 29318K [0x0000000080000000, 0x0000000088380000, 0x00000000d5580000)
  object space 134656K, 21% used [0x0000000080000000,0x0000000081ca1948,0x0000000088380000)
 Metaspace       used 63511K, capacity 65418K, committed 65664K, reserved 1105920K
  class space    used 8181K, capacity 8557K, committed 8576K, reserved 1048576K
Event: 34.381 GC heap after
Heap after GC invocations=16 (full 3):
 PSYoungGen      total 227328K, used 21995K [0x00000000d5580000, 0x00000000e4900000, 0x0000000100000000)
  eden space 205312K, 0% used [0x00000000d5580000,0x00000000d5580000,0x00000000e1e00000)
  from space 22016K, 99% used [0x00000000e1e00000,0x00000000e337ad30,0x00000000e3380000)
  to   space 20992K, 0% used [0x00000000e3400000,0x00000000e3400000,0x00000000e4880000)
 ParOldGen       total 134656K, used 51391K [0x0000000080000000, 0x0000000088380000, 0x00000000d5580000)
  object space 134656K, 38% used [0x0000000080000000,0x000000008322fd28,0x0000000088380000)
 Metaspace       used 63511K, capacity 65418K, committed 65664K, reserved 1105920K
  class space    used 8181K, capacity 8557K, committed 8576K, reserved 1048576K
}
Event: 35.432 GC heap before
{Heap before GC invocations=17 (full 3):
 PSYoungGen      total 227328K, used 227307K [0x00000000d5580000, 0x00000000e4900000, 0x0000000100000000)
  eden space 205312K, 100% used [0x00000000d5580000,0x00000000e1e00000,0x00000000e1e00000)
  from space 22016K, 99% used [0x00000000e1e00000,0x00000000e337ad30,0x00000000e3380000)
  to   space 20992K, 0% used [0x00000000e3400000,0x00000000e3400000,0x00000000e4880000)
 ParOldGen       total 134656K, used 51391K [0x0000000080000000, 0x0000000088380000, 0x00000000d5580000)
  object space 134656K, 38% used [0x0000000080000000,0x000000008322fd28,0x0000000088380000)
 Metaspace       used 63592K, capacity 65546K, committed 65664K, reserved 1105920K
  class space    used 8181K, capacity 8557K, committed 8576K, reserved 1048576K
Event: 35.494 GC heap after
Heap after GC invocations=17 (full 3):
 PSYoungGen      total 226304K, used 20990K [0x00000000d5580000, 0x00000000e4900000, 0x0000000100000000)
  eden space 205312K, 0% used [0x00000000d5580000,0x00000000d5580000,0x00000000e1e00000)
  from space 20992K, 99% used [0x00000000e3400000,0x00000000e487f8a8,0x00000000e4880000)
  to   space 22016K, 0% used [0x00000000e1e00000,0x00000000e1e00000,0x00000000e3380000)
 ParOldGen       total 134656K, used 80979K [0x0000000080000000, 0x0000000088380000, 0x00000000d5580000)
  object space 134656K, 60% used [0x0000000080000000,0x0000000084f14ea8,0x0000000088380000)
 Metaspace       used 63592K, capacity 65546K, committed 65664K, reserved 1105920K
  class space    used 8181K, capacity 8557K, committed 8576K, reserved 1048576K
}

Deoptimization events (10 events):
Event: 34.938 Thread 0x000000001ece2000 Uncommon trap: reason=bimorphic action=maybe_recompile pc=0x000000000651bfa8 method=com.android.dx.cf.code.RopperMachine.run(Lcom/android/dx/cf/code/Frame;II)V @ 988
Event: 34.938 Thread 0x000000001ece2000 Uncommon trap: reason=bimorphic action=maybe_recompile pc=0x000000000651bfa8 method=com.android.dx.cf.code.RopperMachine.run(Lcom/android/dx/cf/code/Frame;II)V @ 988
Event: 34.954 Thread 0x000000001ece6000 Uncommon trap: reason=bimorphic action=maybe_recompile pc=0x0000000006471740 method=com.android.dx.ssa.LiteralOpUpgrader.tryReplacingWithConstant(Lcom/android/dx/ssa/NormalSsaInsn;)Z @ 62
Event: 34.957 Thread 0x000000001ece6000 Uncommon trap: reason=bimorphic action=maybe_recompile pc=0x0000000006471740 method=com.android.dx.ssa.LiteralOpUpgrader.tryReplacingWithConstant(Lcom/android/dx/ssa/NormalSsaInsn;)Z @ 62
Event: 35.033 Thread 0x000000001ece5000 Uncommon trap: reason=bimorphic action=maybe_recompile pc=0x000000000651bfa8 method=com.android.dx.cf.code.RopperMachine.run(Lcom/android/dx/cf/code/Frame;II)V @ 988
Event: 35.099 Thread 0x000000001ece2000 Uncommon trap: reason=bimorphic action=maybe_recompile pc=0x000000000655dd68 method=com.android.dx.cf.code.BytecodeArray.parseInstruction(ILcom/android/dx/cf/code/BytecodeArray$Visitor;)I @ 971
Event: 35.099 Thread 0x000000001ece2000 Uncommon trap: reason=bimorphic action=maybe_recompile pc=0x000000000655dd68 method=com.android.dx.cf.code.BytecodeArray.parseInstruction(ILcom/android/dx/cf/code/BytecodeArray$Visitor;)I @ 971
Event: 35.534 Thread 0x000000001ece6000 Uncommon trap: reason=unstable_if action=reinterpret pc=0x000000000627b98c method=java.util.concurrent.ConcurrentHashMap.putVal(Ljava/lang/Object;Ljava/lang/Object;Z)Ljava/lang/Object; @ 331
Event: 35.742 Thread 0x000000001ece5000 Uncommon trap: reason=unstable_if action=reinterpret pc=0x0000000004e9e7ac method=java.util.HashMap.getNode(ILjava/lang/Object;)Ljava/util/HashMap$Node; @ 84
Event: 35.744 Thread 0x000000001ece5000 Uncommon trap: reason=unstable_if action=reinterpret pc=0x0000000004ec519c method=java.util.HashMap.getNode(ILjava/lang/Object;)Ljava/util/HashMap$Node; @ 84

Internal exceptions (10 events):
Event: 28.117 Thread 0x000000001c487000 Exception <a 'java/lang/NoSuchMethodError': java.lang.Object.lambda$negate$1(Ljava/lang/Object;)Z> (0x00000000d77b6a30) thrown at [C:\src\android\AOSP-openjdk\external\jetbrains\jdk\hotspot\src\share\vm\interpreter\linkResolver.cpp, line 582]
Event: 31.727 Thread 0x000000001ecd8800 Implicit null exception at 0x000000000605aa4d to 0x000000000605adb5
Event: 31.727 Thread 0x000000001ecd8800 Exception <a 'sun/nio/fs/WindowsException'> (0x00000000d8df28b8) thrown at [C:\src\android\AOSP-openjdk\external\jetbrains\jdk\hotspot\src\share\vm\prims\jni.cpp, line 709]
Event: 31.727 Thread 0x000000001ecd8800 Implicit null exception at 0x0000000005ddc012 to 0x0000000005ddc1b5
Event: 31.738 Thread 0x000000001ecd8800 Exception <a 'sun/nio/fs/WindowsException'> (0x00000000d8df38b8) thrown at [C:\src\android\AOSP-openjdk\external\jetbrains\jdk\hotspot\src\share\vm\prims\jni.cpp, line 709]
Event: 31.798 Thread 0x000000001ecd7800 Exception <a 'java/lang/NoSuchMethodError': <clinit>> (0x00000000d8ec9ed8) thrown at [C:\src\android\AOSP-openjdk\external\jetbrains\jdk\hotspot\src\share\vm\prims\jni.cpp, line 1613]
Event: 32.608 Thread 0x000000001ecd8800 Exception <a 'sun/nio/fs/WindowsException'> (0x00000000d8e37108) thrown at [C:\src\android\AOSP-openjdk\external\jetbrains\jdk\hotspot\src\share\vm\prims\jni.cpp, line 709]
Event: 32.644 Thread 0x000000001ecdb800 Exception <a 'sun/nio/fs/WindowsException'> (0x00000000da38f820) thrown at [C:\src\android\AOSP-openjdk\external\jetbrains\jdk\hotspot\src\share\vm\prims\jni.cpp, line 709]
Event: 32.905 Thread 0x000000001ecdd800 Implicit null exception at 0x00000000060eebd2 to 0x00000000060f0529
Event: 35.166 Thread 0x000000001ecdb800 Exception <a 'sun/nio/fs/WindowsException'> (0x00000000dc994d70) thrown at [C:\src\android\AOSP-openjdk\external\jetbrains\jdk\hotspot\src\share\vm\prims\jni.cpp, line 709]

Events (10 events):
Event: 35.753 Executing VM operation: RevokeBias done
Event: 35.754 Executing VM operation: RevokeBias
Event: 35.754 Executing VM operation: RevokeBias done
Event: 35.754 Thread 0x000000001ece6000 Thread exited: 0x000000001ece6000
Event: 35.754 Thread 0x000000001ece2000 Thread exited: 0x000000001ece2000
Event: 35.758 Executing VM operation: BulkRevokeBias
Event: 35.758 Executing VM operation: BulkRevokeBias done
Event: 35.758 Thread 0x000000001ece5000 Thread exited: 0x000000001ece5000
Event: 35.759 Thread 0x000000001ecdd000 Thread exited: 0x000000001ecdd000
Event: 35.759 Thread 0x000000001e9b6000 Thread added: 0x000000001e9b6000


Dynamic libraries:
0x00007ff70e550000 - 0x00007ff70e581000 	C:\Program Files\Android\Android Studio\jre\bin\java.exe
0x00007ffc0c5d0000 - 0x00007ffc0c7b0000 	C:\WINDOWS\SYSTEM32\ntdll.dll
0x00007ffc0c440000 - 0x00007ffc0c4ee000 	C:\WINDOWS\System32\KERNEL32.DLL
0x00007ffc08a50000 - 0x00007ffc08cb6000 	C:\WINDOWS\System32\KERNELBASE.dll
0x00007ffc0a390000 - 0x00007ffc0a431000 	C:\WINDOWS\System32\ADVAPI32.dll
0x00007ffc0a2f0000 - 0x00007ffc0a38d000 	C:\WINDOWS\System32\msvcrt.dll
0x00007ffc0c150000 - 0x00007ffc0c1ab000 	C:\WINDOWS\System32\sechost.dll
0x00007ffc0c240000 - 0x00007ffc0c35f000 	C:\WINDOWS\System32\RPCRT4.dll
0x00007ffc0a760000 - 0x00007ffc0a8ef000 	C:\WINDOWS\System32\USER32.dll
0x00007ffc09600000 - 0x00007ffc09620000 	C:\WINDOWS\System32\win32u.dll
0x00007ffc0c370000 - 0x00007ffc0c398000 	C:\WINDOWS\System32\GDI32.dll
0x00007ffc09620000 - 0x00007ffc097b3000 	C:\WINDOWS\System32\gdi32full.dll
0x00007ffc09460000 - 0x00007ffc094fb000 	C:\WINDOWS\System32\msvcp_win.dll
0x00007ffc09500000 - 0x00007ffc095f6000 	C:\WINDOWS\System32\ucrtbase.dll
0x00007ffbfd640000 - 0x00007ffbfd8a9000 	C:\WINDOWS\WinSxS\amd64_microsoft.windows.common-controls_6595b64144ccf1df_6.0.16299.431_none_15c7d3ee93659e73\COMCTL32.dll
0x00007ffc0be40000 - 0x00007ffc0c148000 	C:\WINDOWS\System32\combase.dll
0x00007ffc089d0000 - 0x00007ffc08a42000 	C:\WINDOWS\System32\bcryptPrimitives.dll
0x00007ffc0c1b0000 - 0x00007ffc0c1dd000 	C:\WINDOWS\System32\IMM32.DLL
0x000000005e500000 - 0x000000005e5d2000 	C:\Program Files\Android\Android Studio\jre\jre\bin\msvcr100.dll
0x000000005d280000 - 0x000000005dabc000 	C:\Program Files\Android\Android Studio\jre\jre\bin\server\jvm.dll
0x00007ffc0a1e0000 - 0x00007ffc0a1e8000 	C:\WINDOWS\System32\PSAPI.DLL
0x00007ffc00d90000 - 0x00007ffc00d9a000 	C:\WINDOWS\SYSTEM32\VERSION.dll
0x00007ffc075b0000 - 0x00007ffc075b9000 	C:\WINDOWS\SYSTEM32\WSOCK32.dll
0x00007ffc067c0000 - 0x00007ffc067e3000 	C:\WINDOWS\SYSTEM32\WINMM.dll
0x00007ffc0c3a0000 - 0x00007ffc0c40c000 	C:\WINDOWS\System32\WS2_32.dll
0x00007ffc06760000 - 0x00007ffc0678a000 	C:\WINDOWS\SYSTEM32\winmmbase.dll
0x00007ffc09410000 - 0x00007ffc0945a000 	C:\WINDOWS\System32\cfgmgr32.dll
0x00007ffbfa120000 - 0x00007ffbfa12f000 	C:\Program Files\Android\Android Studio\jre\jre\bin\verify.dll
0x00007ffbda0a0000 - 0x00007ffbda0c9000 	C:\Program Files\Android\Android Studio\jre\jre\bin\java.dll
0x00007ffbe4d70000 - 0x00007ffbe4d86000 	C:\Program Files\Android\Android Studio\jre\jre\bin\zip.dll
0x00007ffc0aa00000 - 0x00007ffc0be38000 	C:\WINDOWS\System32\SHELL32.dll
0x00007ffc0c4f0000 - 0x00007ffc0c596000 	C:\WINDOWS\System32\shcore.dll
0x00007ffc08cc0000 - 0x00007ffc09407000 	C:\WINDOWS\System32\windows.storage.dll
0x00007ffc0a700000 - 0x00007ffc0a751000 	C:\WINDOWS\System32\shlwapi.dll
0x00007ffc089b0000 - 0x00007ffc089c1000 	C:\WINDOWS\System32\kernel.appcore.dll
0x00007ffc08940000 - 0x00007ffc0898c000 	C:\WINDOWS\System32\powrprof.dll
0x00007ffc08920000 - 0x00007ffc0893b000 	C:\WINDOWS\System32\profapi.dll
0x00007ffbda010000 - 0x00007ffbda02a000 	C:\Program Files\Android\Android Studio\jre\jre\bin\net.dll
0x0000000180000000 - 0x0000000180096000 	C:\WINDOWS\SYSTEM32\pcapwsp.dll
0x00007ffc081b0000 - 0x00007ffc08216000 	C:\WINDOWS\system32\mswsock.dll
0x00007ffbd55a0000 - 0x00007ffbd55b1000 	C:\Program Files\Android\Android Studio\jre\jre\bin\nio.dll
0x00007ffbd1ba0000 - 0x00007ffbd1bbe000 	C:\Users\CFAPAG\.gradle\native\23\windows-amd64\native-platform.dll
0x00007ffc08380000 - 0x00007ffc08397000 	C:\WINDOWS\SYSTEM32\CRYPTSP.dll
0x00007ffc07db0000 - 0x00007ffc07de3000 	C:\WINDOWS\system32\rsaenh.dll
0x00007ffc08480000 - 0x00007ffc084a5000 	C:\WINDOWS\SYSTEM32\bcrypt.dll
0x00007ffc08820000 - 0x00007ffc08849000 	C:\WINDOWS\SYSTEM32\USERENV.dll
0x00007ffc08370000 - 0x00007ffc0837b000 	C:\WINDOWS\SYSTEM32\CRYPTBASE.dll
0x00007ffc07f40000 - 0x00007ffc07f79000 	C:\WINDOWS\SYSTEM32\IPHLPAPI.DLL
0x00007ffc0c360000 - 0x00007ffc0c368000 	C:\WINDOWS\System32\NSI.dll
0x00007ffbfe710000 - 0x00007ffbfe726000 	C:\WINDOWS\SYSTEM32\dhcpcsvc6.DLL
0x00007ffbfee00000 - 0x00007ffbfee1a000 	C:\WINDOWS\SYSTEM32\dhcpcsvc.DLL
0x00007ffbfab00000 - 0x00007ffbfab0d000 	C:\Program Files\Android\Android Studio\jre\jre\bin\management.dll
0x00007ffc07b60000 - 0x00007ffc07b91000 	C:\WINDOWS\SYSTEM32\ntmarta.dll

VM Arguments:
jvm_args: -XX:MaxPermSize=512m -XX:+HeapDumpOnOutOfMemoryError -Xmx2048m -Dfile.encoding=UTF-8 -Duser.country=FR -Duser.language=fr -Duser.variant 
java_command: org.gradle.launcher.daemon.bootstrap.GradleDaemon 3.3
java_class_path (initial): C:\Users\CFAPAG\.gradle\wrapper\dists\gradle-3.3-all\55gk2rcmfc6p2dg9u9ohc3hw9\gradle-3.3\lib\gradle-launcher-3.3.jar
Launcher Type: SUN_STANDARD

Environment Variables:
PATH=C:\ProgramData\Oracle\Java\javapath;C:\Program Files (x86)\Intel\iCLS Client\;C:\Program Files\Intel\iCLS Client\;C:\Windows\system32;C:\Windows;C:\Windows\System32\Wbem;C:\Windows\System32\WindowsPowerShell\v1.0\;C:\Program Files (x86)\Intel\Intel(R) Management Engine Components\DAL;C:\Program Files\Intel\Intel(R) Management Engine Components\DAL;C:\Program Files (x86)\Intel\Intel(R) Management Engine Components\IPT;C:\Program Files\Intel\Intel(R) Management Engine Components\IPT;C:\Program Files (x86)\NVIDIA Corporation\PhysX\Common;C:\WINDOWS\system32;C:\WINDOWS;C:\WINDOWS\System32\Wbem;C:\WINDOWS\System32\WindowsPowerShell\v1.0\;C:\Program Files (x86)\Microsoft SQL Server\Client SDK\ODBC\130\Tools\Binn\;C:\Program Files (x86)\Microsoft SQL Server\130\Tools\Binn\;C:\Program Files (x86)\Microsoft SQL Server\130\DTS\Binn\;C:\Program Files (x86)\Microsoft SQL Server\130\Tools\Binn\ManagementStudio\;C:\Program Files\Microsoft SQL Server\110\Tools\Binn\;C:\Program Files (x86)\Microsoft SDKs\TypeScript\1.0\;C:\Program Files\Microsoft SQL Server\120\Tools\Binn\;C:\Program Files\Microsoft SQL Server\Client SDK\ODBC\130\Tools\Binn\;C:\Program Files\Microsoft SQL Server\130\Tools\Binn\;C:\Program Files\Microsoft SQL Server\130\DTS\Binn\;C:\Program Files\nodejs\;C:\Program Files\Git\cmd;C:\Program Files (x86)\GtkSharp\2.12\bin;C:\Program Files (x86)\Windows Kits\8.1\Windows Performance Toolkit\;C:\Users\CFAPAG\AppData\Local\Microsoft\WindowsApps;C:\Users\CFAPAG\AppData\Roaming\npm;C:\Program Files\SDCC\bin;C:\Users\CFAPAG\AppData\Local\Programs\Python\Python36-32;
USERNAME=CFAPAG
OS=Windows_NT
PROCESSOR_IDENTIFIER=Intel64 Family 6 Model 142 Stepping 9, GenuineIntel



---------------  S Y S T E M  ---------------

OS: Windows 10.0 , 64 bit Build 16299 (10.0.16299.431)

CPU:total 4 (2 cores per cpu, 2 threads per core) family 6 model 142 stepping 9, cmov, cx8, fxsr, mmx, sse, sse2, sse3, ssse3, sse4.1, sse4.2, popcnt, avx, avx2, aes, clmul, erms, 3dnowpref, lzcnt, ht, tsc, tscinvbit, bmi1, bmi2, adx

Memory: 4k page, physical 8268828k(357512k free), swap 12876828k(7188k free)

vm_info: OpenJDK 64-Bit Server VM (25.112-b06) for windows-amd64 JRE (1.8.0_112-release-b06), built on Dec  8 2016 00:54:26 by "builder" with MS VC++ 10.0 (VS2010)

time: Fri Jun 01 07:49:49 2018
elapsed time: 35 seconds (0d 0h 0m 35s)

