#
# There is insufficient memory for the Java Runtime Environment to continue.
# Native memory allocation (malloc) failed to allocate 1713136 bytes for Chunk::new
# Possible reasons:
#   The system is out of physical RAM or swap space
#   In 32 bit mode, the process size limit was hit
# Possible solutions:
#   Reduce memory load on the system
#   Increase physical memory or swap space
#   Check if swap backing store is full
#   Use 64 bit Java on a 64 bit OS
#   Decrease Java heap size (-Xmx/-Xms)
#   Decrease number of Java threads
#   Decrease Java thread stack sizes (-Xss)
#   Set larger code cache with -XX:ReservedCodeCacheSize=
# This output file may be truncated or incomplete.
#
#  Out of Memory Error (allocation.cpp:390), pid=12068, tid=0x00000000000040f8
#
# JRE version: OpenJDK Runtime Environment (8.0_112-b06) (build 1.8.0_112-release-b06)
# Java VM: OpenJDK 64-Bit Server VM (25.112-b06 mixed mode windows-amd64 compressed oops)
# Failed to write core dump. Minidumps are not enabled by default on client versions of Windows
#

---------------  T H R E A D  ---------------

Current thread (0x0000000019919800):  JavaThread "C2 CompilerThread0" daemon [_thread_in_native, id=16632, stack(0x000000001af90000,0x000000001b090000)]

Stack: [0x000000001af90000,0x000000001b090000]
[error occurred during error reporting (printing stack bounds), id 0xc0000005]

Native frames: (J=compiled Java code, j=interpreted, Vv=VM code, C=native code)


Current CompileTask:
C2:  27139 9606   !   4       com.android.dx.cf.cst.ConstantPoolParser::parse0 (731 bytes)


---------------  P R O C E S S  ---------------

Java Threads: ( => current thread )
  0x000000001fd26800 JavaThread "pool-31-thread-1" [_thread_new, id=15260, stack(0x0000000000000000,0x0000000000000000)]
  0x000000001fd1f800 JavaThread "pool-26-thread-4" [_thread_in_vm, id=13056, stack(0x0000000029070000,0x0000000029170000)]
  0x000000001fd28000 JavaThread "pool-26-thread-3" [_thread_blocked, id=11940, stack(0x0000000028d70000,0x0000000028e70000)]
  0x000000001fd23800 JavaThread "pool-26-thread-2" [_thread_blocked, id=11916, stack(0x0000000028970000,0x0000000028a70000)]
  0x000000001fd25800 JavaThread "pool-27-thread-1" [_thread_blocked, id=196, stack(0x0000000028670000,0x0000000028770000)]
  0x000000001fd20800 JavaThread "pool-26-thread-1" [_thread_blocked, id=11376, stack(0x0000000028570000,0x0000000028670000)]
  0x000000001fd25000 JavaThread "pool-20-thread-4" [_thread_in_Java, id=9372, stack(0x0000000028370000,0x0000000028470000)]
  0x000000001fbdd000 JavaThread "pool-20-thread-3" [_thread_blocked, id=9984, stack(0x0000000028270000,0x0000000028370000)]
  0x000000001fbdc800 JavaThread "pool-20-thread-2" [_thread_blocked, id=72, stack(0x0000000028170000,0x0000000028270000)]
  0x0000000022899000 JavaThread "pool-21-thread-1" [_thread_blocked, id=13896, stack(0x0000000028070000,0x0000000028170000)]
  0x0000000022895000 JavaThread "pool-20-thread-1" [_thread_blocked, id=12568, stack(0x0000000027f70000,0x0000000028070000)]
  0x000000001fbd5000 JavaThread "pool-6-thread-3" [_thread_in_native, id=11812, stack(0x0000000027670000,0x0000000027770000)]
  0x000000001fbdb800 JavaThread "pool-6-thread-4" [_thread_blocked, id=12352, stack(0x0000000027570000,0x0000000027670000)]
  0x000000001fbd4000 JavaThread "pool-6-thread-2" [_thread_blocked, id=11748, stack(0x0000000026e70000,0x0000000026f70000)]
  0x000000001fbdb000 JavaThread "pool-6-thread-1" [_thread_blocked, id=13696, stack(0x0000000026d70000,0x0000000026e70000)]
  0x000000001fbd3800 JavaThread "pool-4-thread-4" [_thread_blocked, id=17328, stack(0x0000000026c70000,0x0000000026d70000)]
  0x000000001fbda000 JavaThread "pool-4-thread-3" [_thread_blocked, id=15816, stack(0x0000000026b70000,0x0000000026c70000)]
  0x000000001fbd2800 JavaThread "pool-4-thread-2" [_thread_blocked, id=17188, stack(0x0000000026a70000,0x0000000026b70000)]
  0x000000001fbd9800 JavaThread "pool-4-thread-1" [_thread_in_native, id=13128, stack(0x0000000026970000,0x0000000026a70000)]
  0x000000001fbd8000 JavaThread "Cache update executor" [_thread_blocked, id=10736, stack(0x0000000026270000,0x0000000026370000)]
  0x000000001fbd7000 JavaThread "Stdin handler" [_thread_blocked, id=12144, stack(0x0000000026170000,0x0000000026270000)]
  0x000000001fbd8800 JavaThread "Asynchronous log dispatcher for DefaultDaemonConnection: socket connection from /127.0.0.1:59960 to /127.0.0.1:60005" [_thread_blocked, id=4504, stack(0x0000000026070000,0x0000000026170000)]
  0x000000001fbd5800 JavaThread "Cancel handler" [_thread_blocked, id=16176, stack(0x0000000025f70000,0x0000000026070000)]
  0x0000000022896800 JavaThread "Handler for socket connection from /127.0.0.1:59960 to /127.0.0.1:60005" [_thread_in_native, id=4428, stack(0x0000000025e70000,0x0000000025f70000)]
  0x000000002289a800 JavaThread "File lock request listener" [_thread_in_native, id=14800, stack(0x0000000021c60000,0x0000000021d60000)]
  0x000000001cf38800 JavaThread "Daemon worker" [_thread_blocked, id=15696, stack(0x000000001efc0000,0x000000001f0c0000)]
  0x000000001caa9000 JavaThread "pool-1-thread-1" [_thread_blocked, id=15884, stack(0x000000001edc0000,0x000000001eec0000)]
  0x000000001ca53800 JavaThread "Daemon" [_thread_blocked, id=12484, stack(0x000000001ebc0000,0x000000001ecc0000)]
  0x000000001c6db800 JavaThread "Incoming local TCP Connector on port 59960" [_thread_in_native, id=13580, stack(0x000000001d230000,0x000000001d330000)]
  0x000000001996b000 JavaThread "Service Thread" daemon [_thread_blocked, id=14344, stack(0x000000001b690000,0x000000001b790000)]
  0x000000001990f000 JavaThread "C1 CompilerThread2" daemon [_thread_blocked, id=372, stack(0x000000001b190000,0x000000001b290000)]
  0x000000001990b800 JavaThread "C2 CompilerThread1" daemon [_thread_in_native, id=2116, stack(0x000000001b090000,0x000000001b190000)]
=>0x0000000019919800 JavaThread "C2 CompilerThread0" daemon [_thread_in_native, id=16632, stack(0x000000001af90000,0x000000001b090000)]
  0x0000000019918800 JavaThread "Attach Listener" daemon [_thread_blocked, id=15156, stack(0x000000001ae90000,0x000000001af90000)]
  0x0000000019917800 JavaThread "Signal Dispatcher" daemon [_thread_blocked, id=14040, stack(0x000000001ad90000,0x000000001ae90000)]
  0x00000000198f8800 JavaThread "Finalizer" daemon [_thread_blocked, id=10720, stack(0x000000001ab60000,0x000000001ac60000)]
  0x0000000004ca4000 JavaThread "Reference Handler" daemon [_thread_blocked, id=2252, stack(0x000000001aa60000,0x000000001ab60000)]
  0x0000000004bb2800 JavaThread "main" [_thread_blocked, id=11248, stack(0x0000000004a80000,0x0000000004b80000)]

Other Threads:
  0x00000000198d5800 VMThread [stack: 0x000000001a960000,0x000000001aa60000] [id=14548]
  0x000000001996c000 WatcherThread [stack: 0x000000001b790000,0x000000001b890000] [id=7284]

VM state:not at safepoint (normal execution)

VM Mutex/Monitor currently owned by a thread: None

Heap:
 PSYoungGen      total 155136K, used 138373K [0x00000000d5580000, 0x00000000e2600000, 0x0000000100000000)
  eden space 136192K, 87% used [0x00000000d5580000,0x00000000dca28df8,0x00000000dda80000)
  from space 18944K, 99% used [0x00000000dda80000,0x00000000decf88d0,0x00000000ded00000)
  to   space 24576K, 0% used [0x00000000e0e00000,0x00000000e0e00000,0x00000000e2600000)
 ParOldGen       total 107008K, used 42117K [0x0000000080000000, 0x0000000086880000, 0x00000000d5580000)
  object space 107008K, 39% used [0x0000000080000000,0x0000000082921650,0x0000000086880000)
 Metaspace       used 57332K, capacity 59224K, committed 59648K, reserved 1101824K
  class space    used 7475K, capacity 7826K, committed 7936K, reserved 1048576K

Card table byte_map: [0x0000000014080000,0x0000000014490000] byte_map_base: 0x0000000013c80000

Marking Bits: (ParMarkBitMap*) 0x000000005da418f0
 Begin Bits: [0x0000000014b40000, 0x0000000016b40000)
 End Bits:   [0x0000000016b40000, 0x0000000018b40000)

Polling page: 0x0000000004b80000

CodeCache: size=245760Kb used=26957Kb max_used=26957Kb free=218802Kb
 bounds [0x0000000004cc0000, 0x0000000006740000, 0x0000000013cc0000]
 total_blobs=9029 nmethods=8271 adapters=670
 compilation: enabled

Compilation events (10 events):
Event: 27.057 Thread 0x000000001990f000 9717       2       com.android.dx.ssa.LiteralOpUpgrader$1::visitNonMoveInsn (203 bytes)
Event: 27.058 Thread 0x000000001990f000 nmethod 9717 0x0000000006728750 code [0x0000000006728aa0, 0x00000000067298e8]
Event: 27.059 Thread 0x000000001990f000 9718       2       com.android.dx.rop.cst.CstLiteral64::equals (36 bytes)
Event: 27.059 Thread 0x000000001990f000 nmethod 9718 0x000000000672ad90 code [0x000000000672aee0, 0x000000000672b0b0]
Event: 27.060 Thread 0x000000001990f000 9719       2       com.android.dx.rop.cst.CstLiteral64::hashCode (15 bytes)
Event: 27.060 Thread 0x000000001990f000 nmethod 9719 0x000000000672b190 code [0x000000000672b2e0, 0x000000000672b450]
Event: 27.067 Thread 0x000000001990f000 9721       2       com.android.dx.rop.code.SwitchInsn::withNewRegisters (22 bytes)
Event: 27.067 Thread 0x000000001990f000 nmethod 9721 0x000000000672b4d0 code [0x000000000672b640, 0x000000000672b828]
Event: 27.092 Thread 0x000000001990f000 9722       2       com.android.dx.ssa.back.FirstFitLocalCombiningAllocator::access$100 (5 bytes)
Event: 27.092 Thread 0x000000001990f000 nmethod 9722 0x000000000672b910 code [0x000000000672ba60, 0x000000000672bbb0]

GC Heap History (10 events):
Event: 23.026 GC heap before
{Heap before GC invocations=12 (full 2):
 PSYoungGen      total 127488K, used 127456K [0x00000000d5580000, 0x00000000dfd80000, 0x0000000100000000)
  eden space 115200K, 100% used [0x00000000d5580000,0x00000000dc600000,0x00000000dc600000)
  from space 12288K, 99% used [0x00000000dc600000,0x00000000dd1f8018,0x00000000dd200000)
  to   space 16384K, 0% used [0x00000000ded80000,0x00000000ded80000,0x00000000dfd80000)
 ParOldGen       total 107008K, used 23483K [0x0000000080000000, 0x0000000086880000, 0x00000000d5580000)
  object space 107008K, 21% used [0x0000000080000000,0x00000000816eefc0,0x0000000086880000)
 Metaspace       used 53423K, capacity 55072K, committed 55424K, reserved 1097728K
  class space    used 7109K, capacity 7434K, committed 7552K, reserved 1048576K
Event: 23.047 GC heap after
Heap after GC invocations=12 (full 2):
 PSYoungGen      total 152576K, used 16364K [0x00000000d5580000, 0x00000000dff80000, 0x0000000100000000)
  eden space 136192K, 0% used [0x00000000d5580000,0x00000000d5580000,0x00000000dda80000)
  from space 16384K, 99% used [0x00000000ded80000,0x00000000dfd7b1a0,0x00000000dfd80000)
  to   space 18944K, 0% used [0x00000000dda80000,0x00000000dda80000,0x00000000ded00000)
 ParOldGen       total 107008K, used 25192K [0x0000000080000000, 0x0000000086880000, 0x00000000d5580000)
  object space 107008K, 23% used [0x0000000080000000,0x000000008189a118,0x0000000086880000)
 Metaspace       used 53423K, capacity 55072K, committed 55424K, reserved 1097728K
  class space    used 7109K, capacity 7434K, committed 7552K, reserved 1048576K
}
Event: 25.434 GC heap before
{Heap before GC invocations=13 (full 2):
 PSYoungGen      total 152576K, used 152556K [0x00000000d5580000, 0x00000000dff80000, 0x0000000100000000)
  eden space 136192K, 100% used [0x00000000d5580000,0x00000000dda80000,0x00000000dda80000)
  from space 16384K, 99% used [0x00000000ded80000,0x00000000dfd7b1a0,0x00000000dfd80000)
  to   space 18944K, 0% used [0x00000000dda80000,0x00000000dda80000,0x00000000ded00000)
 ParOldGen       total 107008K, used 25192K [0x0000000080000000, 0x0000000086880000, 0x00000000d5580000)
  object space 107008K, 23% used [0x0000000080000000,0x000000008189a118,0x0000000086880000)
 Metaspace       used 56955K, capacity 58854K, committed 59136K, reserved 1099776K
  class space    used 7471K, capacity 7829K, committed 7936K, reserved 1048576K
Event: 25.467 GC heap after
Heap after GC invocations=13 (full 2):
 PSYoungGen      total 155136K, used 18928K [0x00000000d5580000, 0x00000000e2600000, 0x0000000100000000)
  eden space 136192K, 0% used [0x00000000d5580000,0x00000000d5580000,0x00000000dda80000)
  from space 18944K, 99% used [0x00000000dda80000,0x00000000decfc048,0x00000000ded00000)
  to   space 24576K, 0% used [0x00000000e0e00000,0x00000000e0e00000,0x00000000e2600000)
 ParOldGen       total 107008K, used 33970K [0x0000000080000000, 0x0000000086880000, 0x00000000d5580000)
  object space 107008K, 31% used [0x0000000080000000,0x000000008212c938,0x0000000086880000)
 Metaspace       used 56955K, capacity 58854K, committed 59136K, reserved 1099776K
  class space    used 7471K, capacity 7829K, committed 7936K, reserved 1048576K
}
Event: 25.519 GC heap before
{Heap before GC invocations=14 (full 2):
 PSYoungGen      total 155136K, used 27465K [0x00000000d5580000, 0x00000000e2600000, 0x0000000100000000)
  eden space 136192K, 6% used [0x00000000d5580000,0x00000000d5dd6468,0x00000000dda80000)
  from space 18944K, 99% used [0x00000000dda80000,0x00000000decfc048,0x00000000ded00000)
  to   space 24576K, 0% used [0x00000000e0e00000,0x00000000e0e00000,0x00000000e2600000)
 ParOldGen       total 107008K, used 33970K [0x0000000080000000, 0x0000000086880000, 0x00000000d5580000)
  object space 107008K, 31% used [0x0000000080000000,0x000000008212c938,0x0000000086880000)
 Metaspace       used 57037K, capacity 58918K, committed 59136K, reserved 1099776K
  class space    used 7472K, capacity 7829K, committed 7936K, reserved 1048576K
Event: 25.563 GC heap after
Heap after GC invocations=14 (full 2):
 PSYoungGen      total 160768K, used 15520K [0x00000000d5580000, 0x00000000e2600000, 0x0000000100000000)
  eden space 136192K, 0% used [0x00000000d5580000,0x00000000d5580000,0x00000000dda80000)
  from space 24576K, 63% used [0x00000000e0e00000,0x00000000e1d28030,0x00000000e2600000)
  to   space 18944K, 0% used [0x00000000dda80000,0x00000000dda80000,0x00000000ded00000)
 ParOldGen       total 107008K, used 37890K [0x0000000080000000, 0x0000000086880000, 0x00000000d5580000)
  object space 107008K, 35% used [0x0000000080000000,0x0000000082500940,0x0000000086880000)
 Metaspace       used 57037K, capacity 58918K, committed 59136K, reserved 1099776K
  class space    used 7472K, capacity 7829K, committed 7936K, reserved 1048576K
}
Event: 25.563 GC heap before
{Heap before GC invocations=15 (full 3):
 PSYoungGen      total 160768K, used 15520K [0x00000000d5580000, 0x00000000e2600000, 0x0000000100000000)
  eden space 136192K, 0% used [0x00000000d5580000,0x00000000d5580000,0x00000000dda80000)
  from space 24576K, 63% used [0x00000000e0e00000,0x00000000e1d28030,0x00000000e2600000)
  to   space 18944K, 0% used [0x00000000dda80000,0x00000000dda80000,0x00000000ded00000)
 ParOldGen       total 107008K, used 37890K [0x0000000080000000, 0x0000000086880000, 0x00000000d5580000)
  object space 107008K, 35% used [0x0000000080000000,0x0000000082500940,0x0000000086880000)
 Metaspace       used 57037K, capacity 58918K, committed 59136K, reserved 1099776K
  class space    used 7472K, capacity 7829K, committed 7936K, reserved 1048576K
Event: 25.833 GC heap after
Heap after GC invocations=15 (full 3):
 PSYoungGen      total 160768K, used 0K [0x00000000d5580000, 0x00000000e2600000, 0x0000000100000000)
  eden space 136192K, 0% used [0x00000000d5580000,0x00000000d5580000,0x00000000dda80000)
  from space 24576K, 0% used [0x00000000e0e00000,0x00000000e0e00000,0x00000000e2600000)
  to   space 18944K, 0% used [0x00000000dda80000,0x00000000dda80000,0x00000000ded00000)
 ParOldGen       total 107008K, used 37073K [0x0000000080000000, 0x0000000086880000, 0x00000000d5580000)
  object space 107008K, 34% used [0x0000000080000000,0x00000000824345b8,0x0000000086880000)
 Metaspace       used 57032K, capacity 58904K, committed 59136K, reserved 1099776K
  class space    used 7471K, capacity 7826K, committed 7936K, reserved 1048576K
}
Event: 26.546 GC heap before
{Heap before GC invocations=16 (full 3):
 PSYoungGen      total 160768K, used 136192K [0x00000000d5580000, 0x00000000e2600000, 0x0000000100000000)
  eden space 136192K, 100% used [0x00000000d5580000,0x00000000dda80000,0x00000000dda80000)
  from space 24576K, 0% used [0x00000000e0e00000,0x00000000e0e00000,0x00000000e2600000)
  to   space 18944K, 0% used [0x00000000dda80000,0x00000000dda80000,0x00000000ded00000)
 ParOldGen       total 107008K, used 37073K [0x0000000080000000, 0x0000000086880000, 0x00000000d5580000)
  object space 107008K, 34% used [0x0000000080000000,0x00000000824345b8,0x0000000086880000)
 Metaspace       used 57253K, capacity 59160K, committed 59392K, reserved 1101824K
  class space    used 7475K, capacity 7826K, committed 7936K, reserved 1048576K
Event: 26.580 GC heap after
Heap after GC invocations=16 (full 3):
 PSYoungGen      total 155136K, used 18914K [0x00000000d5580000, 0x00000000e2600000, 0x0000000100000000)
  eden space 136192K, 0% used [0x00000000d5580000,0x00000000d5580000,0x00000000dda80000)
  from space 18944K, 99% used [0x00000000dda80000,0x00000000decf88d0,0x00000000ded00000)
  to   space 24576K, 0% used [0x00000000e0e00000,0x00000000e0e00000,0x00000000e2600000)
 ParOldGen       total 107008K, used 42117K [0x0000000080000000, 0x0000000086880000, 0x00000000d5580000)
  object space 107008K, 39% used [0x0000000080000000,0x0000000082921650,0x0000000086880000)
 Metaspace       used 57253K, capacity 59160K, committed 59392K, reserved 1101824K
  class space    used 7475K, capacity 7826K, committed 7936K, reserved 1048576K
}

Deoptimization events (10 events):
Event: 26.101 Thread 0x000000001fd26800 Uncommon trap: reason=unstable_if action=reinterpret pc=0x00000000063ed98c method=com.android.dx.cf.code.LineNumberList.pcToLine(I)I @ 43
Event: 26.748 Thread 0x0000000022895000 Uncommon trap: reason=bimorphic action=maybe_recompile pc=0x00000000066976dc method=com.android.dx.cf.code.BytecodeArray.parseInstruction(ILcom/android/dx/cf/code/BytecodeArray$Visitor;)I @ 2281
Event: 26.748 Thread 0x0000000022895000 Uncommon trap: reason=bimorphic action=maybe_recompile pc=0x00000000066976dc method=com.android.dx.cf.code.BytecodeArray.parseInstruction(ILcom/android/dx/cf/code/BytecodeArray$Visitor;)I @ 2281
Event: 26.944 Thread 0x000000001fd25000 Uncommon trap: reason=bimorphic action=maybe_recompile pc=0x0000000006698810 method=com.android.dx.cf.code.BytecodeArray.parseInstruction(ILcom/android/dx/cf/code/BytecodeArray$Visitor;)I @ 1161
Event: 26.944 Thread 0x000000001fd25000 Uncommon trap: reason=bimorphic action=maybe_recompile pc=0x0000000006698810 method=com.android.dx.cf.code.BytecodeArray.parseInstruction(ILcom/android/dx/cf/code/BytecodeArray$Visitor;)I @ 1161
Event: 26.958 Thread 0x000000001fbdc800 Uncommon trap: reason=unstable_if action=reinterpret pc=0x0000000006471284 method=com.android.dx.ssa.SCCP.simulateStmt(Lcom/android/dx/ssa/SsaInsn;)V @ 53
Event: 26.974 Thread 0x000000001fd25000 Uncommon trap: reason=unstable_if action=reinterpret pc=0x00000000064d09cc method=com.android.dx.ssa.MoveParamCombiner$1.visitNonMoveInsn(Lcom/android/dx/ssa/NormalSsaInsn;)V @ 27
Event: 27.057 Thread 0x000000001fd25000 Uncommon trap: reason=bimorphic action=maybe_recompile pc=0x000000000662aacc method=com.android.dx.ssa.LiteralOpUpgrader.tryReplacingWithConstant(Lcom/android/dx/ssa/NormalSsaInsn;)Z @ 62
Event: 27.057 Thread 0x000000001fd25000 Uncommon trap: reason=unstable_if action=reinterpret pc=0x000000000662e788 method=com.android.dx.ssa.LiteralOpUpgrader$1.visitNonMoveInsn(Lcom/android/dx/ssa/NormalSsaInsn;)V @ 24
Event: 27.061 Thread 0x000000001fd25000 Uncommon trap: reason=bimorphic action=maybe_recompile pc=0x000000000662aacc method=com.android.dx.ssa.LiteralOpUpgrader.tryReplacingWithConstant(Lcom/android/dx/ssa/NormalSsaInsn;)Z @ 62

Internal exceptions (10 events):
Event: 23.187 Thread 0x000000001cf38800 Exception <a 'java/lang/ClassNotFoundException': com/android/build/gradle/tasks/fd/GenerateInstantRunAppInfoTaskCustomizer> (0x00000000d5d53f60) thrown at [C:\src\android\AOSP-openjdk\external\jetbrains\jdk\hotspot\src\share\vm\classfile\systemDictionary.cæ„@-07@
Event: 23.188 Thread 0x000000001cf38800 Exception <a 'java/lang/ClassNotFoundException': com/android/build/gradle/tasks/fd/GenerateInstantRunAppInfoTask_DecoratedCustomizer> (0x00000000d5d801e0) thrown at [C:\src\android\AOSP-openjdk\external\jetbrains\jdk\hotspot\src\share\vm\classfile\systemDi@»TÈF7@
Event: 23.276 Thread 0x000000001cf38800 Implicit null exception at 0x00000000060d7dfc to 0x00000000060d801d
Event: 23.277 Thread 0x000000001cf38800 Implicit null exception at 0x00000000054dce1a to 0x00000000054dce6d
Event: 24.663 Thread 0x000000001fbda000 Implicit null exception at 0x00000000062e3abd to 0x00000000062e4165
Event: 24.664 Thread 0x000000001fbda000 Implicit null exception at 0x000000000563f5f2 to 0x000000000563f7c1
Event: 24.700 Thread 0x000000001fbda000 Exception <a 'sun/nio/fs/WindowsException'> (0x00000000d9131848) thrown at [C:\src\android\AOSP-openjdk\external\jetbrains\jdk\hotspot\src\share\vm\prims\jni.cpp, line 709]
Event: 24.825 Thread 0x000000001fbd3800 Implicit null exception at 0x000000000563fe92 to 0x000000000563ffc9
Event: 24.857 Thread 0x000000001fbd3800 Exception <a 'sun/nio/fs/WindowsException'> (0x00000000d90a6e08) thrown at [C:\src\android\AOSP-openjdk\external\jetbrains\jdk\hotspot\src\share\vm\prims\jni.cpp, line 709]
Event: 24.983 Thread 0x000000001fbe1000 Implicit null exception at 0x0000000004fcbca7 to 0x0000000004fcd5c9

Events (10 events):
Event: 27.057 Thread 0x000000001fd25000 Uncommon trap: trap_request=0xffffffc6 fr.pc=0x000000000662aacc
Event: 27.057 Thread 0x000000001fd25000 DEOPT PACKING pc=0x000000000662aacc sp=0x000000002846e430
Event: 27.057 Thread 0x000000001fd25000 DEOPT UNPACKING pc=0x0000000004d0556a sp=0x000000002846e3e0 mode 2
Event: 27.057 Thread 0x000000001fd25000 Uncommon trap: trap_request=0xffffff65 fr.pc=0x000000000662e788
Event: 27.057 Thread 0x000000001fd25000 DEOPT PACKING pc=0x000000000662e788 sp=0x000000002846e4b0
Event: 27.057 Thread 0x000000001fd25000 DEOPT UNPACKING pc=0x0000000004d0556a sp=0x000000002846e460 mode 2
Event: 27.061 Thread 0x000000001fd25000 Uncommon trap: trap_request=0xffffffc6 fr.pc=0x000000000662aacc
Event: 27.061 Thread 0x000000001fd25000 DEOPT PACKING pc=0x000000000662aacc sp=0x000000002846e270
Event: 27.061 Thread 0x000000001fd25000 DEOPT UNPACKING pc=0x0000000004d0556a sp=0x000000002846e220 mode 2
Event: 27.097 Executing VM operation: RevokeBias


Dynamic libraries:
0x00007ff70e550000 - 0x00007ff70e581000 	C:\Program Files\Android\Android Studio\jre\bin\java.exe
0x00007ffc0c5d0000 - 0x00007ffc0c7b0000 	C:\WINDOWS\SYSTEM32\ntdll.dll
0x00007ffc0c440000 - 0x00007ffc0c4ee000 	C:\WINDOWS\System32\KERNEL32.DLL
0x00007ffc08a50000 - 0x00007ffc08cb6000 	C:\WINDOWS\System32\KERNELBASE.dll
0x00007ffc0a390000 - 0x00007ffc0a431000 	C:\WINDOWS\System32\ADVAPI32.dll
0x00007ffc0a2f0000 - 0x00007ffc0a38d000 	C:\WINDOWS\System32\msvcrt.dll
0x00007ffc0c150000 - 0x00007ffc0c1ab000 	C:\WINDOWS\System32\sechost.dll
0x00007ffc0c240000 - 0x00007ffc0c35f000 	C:\WINDOWS\System32\RPCRT4.dll
0x00007ffc0a760000 - 0x00007ffc0a8ef000 	C:\WINDOWS\System32\USER32.dll
0x00007ffc09600000 - 0x00007ffc09620000 	C:\WINDOWS\System32\win32u.dll
0x00007ffc0c370000 - 0x00007ffc0c398000 	C:\WINDOWS\System32\GDI32.dll
0x00007ffc09620000 - 0x00007ffc097b3000 	C:\WINDOWS\System32\gdi32full.dll
0x00007ffc09460000 - 0x00007ffc094fb000 	C:\WINDOWS\System32\msvcp_win.dll
0x00007ffc09500000 - 0x00007ffc095f6000 	C:\WINDOWS\System32\ucrtbase.dll
0x00007ffbfd640000 - 0x00007ffbfd8a9000 	C:\WINDOWS\WinSxS\amd64_microsoft.windows.common-controls_6595b64144ccf1df_6.0.16299.431_none_15c7d3ee93659e73\COMCTL32.dll
0x00007ffc0be40000 - 0x00007ffc0c148000 	C:\WINDOWS\System32\combase.dll
0x00007ffc089d0000 - 0x00007ffc08a42000 	C:\WINDOWS\System32\bcryptPrimitives.dll
0x00007ffc0c1b0000 - 0x00007ffc0c1dd000 	C:\WINDOWS\System32\IMM32.DLL
0x000000005e500000 - 0x000000005e5d2000 	C:\Program Files\Android\Android Studio\jre\jre\bin\msvcr100.dll
0x000000005d280000 - 0x000000005dabc000 	C:\Program Files\Android\Android Studio\jre\jre\bin\server\jvm.dll
0x00007ffc0a1e0000 - 0x00007ffc0a1e8000 	C:\WINDOWS\System32\PSAPI.DLL
0x00007ffc067c0000 - 0x00007ffc067e3000 	C:\WINDOWS\SYSTEM32\WINMM.dll
0x00007ffc075b0000 - 0x00007ffc075b9000 	C:\WINDOWS\SYSTEM32\WSOCK32.dll
0x00007ffc00d90000 - 0x00007ffc00d9a000 	C:\WINDOWS\SYSTEM32\VERSION.dll
0x00007ffc0c3a0000 - 0x00007ffc0c40c000 	C:\WINDOWS\System32\WS2_32.dll
0x00007ffc06760000 - 0x00007ffc0678a000 	C:\WINDOWS\SYSTEM32\WINMMBASE.dll
0x00007ffc09410000 - 0x00007ffc0945a000 	C:\WINDOWS\System32\cfgmgr32.dll
0x00007ffbfa120000 - 0x00007ffbfa12f000 	C:\Program Files\Android\Android Studio\jre\jre\bin\verify.dll
0x00007ffbda0a0000 - 0x00007ffbda0c9000 	C:\Program Files\Android\Android Studio\jre\jre\bin\java.dll
0x00007ffbe4d70000 - 0x00007ffbe4d86000 	C:\Program Files\Android\Android Studio\jre\jre\bin\zip.dll
0x00007ffc0aa00000 - 0x00007ffc0be38000 	C:\WINDOWS\System32\SHELL32.dll
0x00007ffc0c4f0000 - 0x00007ffc0c596000 	C:\WINDOWS\System32\shcore.dll
0x00007ffc08cc0000 - 0x00007ffc09407000 	C:\WINDOWS\System32\windows.storage.dll
0x00007ffc0a700000 - 0x00007ffc0a751000 	C:\WINDOWS\System32\shlwapi.dll
0x00007ffc089b0000 - 0x00007ffc089c1000 	C:\WINDOWS\System32\kernel.appcore.dll
0x00007ffc08940000 - 0x00007ffc0898c000 	C:\WINDOWS\System32\powrprof.dll
0x00007ffc08920000 - 0x00007ffc0893b000 	C:\WINDOWS\System32\profapi.dll
0x00007ffbda010000 - 0x00007ffbda02a000 	C:\Program Files\Android\Android Studio\jre\jre\bin\net.dll
0x0000000180000000 - 0x0000000180096000 	C:\WINDOWS\SYSTEM32\pcapwsp.dll
0x00007ffc081b0000 - 0x00007ffc08216000 	C:\WINDOWS\system32\mswsock.dll
0x00007ffbd55a0000 - 0x00007ffbd55b1000 	C:\Program Files\Android\Android Studio\jre\jre\bin\nio.dll
0x00007ffbd1ba0000 - 0x00007ffbd1bbe000 	C:\Users\CFAPAG\.gradle\native\23\windows-amd64\native-platform.dll
0x00007ffc08380000 - 0x00007ffc08397000 	C:\WINDOWS\SYSTEM32\CRYPTSP.dll
0x00007ffc07db0000 - 0x00007ffc07de3000 	C:\WINDOWS\system32\rsaenh.dll
0x00007ffc08480000 - 0x00007ffc084a5000 	C:\WINDOWS\SYSTEM32\bcrypt.dll
0x00007ffc08820000 - 0x00007ffc08849000 	C:\WINDOWS\SYSTEM32\USERENV.dll
0x00007ffc08370000 - 0x00007ffc0837b000 	C:\WINDOWS\SYSTEM32\CRYPTBASE.dll
0x00007ffc07f40000 - 0x00007ffc07f79000 	C:\WINDOWS\SYSTEM32\IPHLPAPI.DLL
0x00007ffc0c360000 - 0x00007ffc0c368000 	C:\WINDOWS\System32\NSI.dll
0x00007ffbfe710000 - 0x00007ffbfe726000 	C:\WINDOWS\SYSTEM32\dhcpcsvc6.DLL
0x00007ffbfee00000 - 0x00007ffbfee1a000 	C:\WINDOWS\SYSTEM32\dhcpcsvc.DLL
0x00007ffbfab00000 - 0x00007ffbfab0d000 	C:\Program Files\Android\Android Studio\jre\jre\bin\management.dll
0x00007ffc07b60000 - 0x00007ffc07b91000 	C:\WINDOWS\SYSTEM32\ntmarta.dll

VM Arguments:
jvm_args: -XX:MaxPermSize=512m -XX:+HeapDumpOnOutOfMemoryError -Xmx2048m -Dfile.encoding=UTF-8 -Duser.country=FR -Duser.language=fr -Duser.variant 
java_command: org.gradle.launcher.daemon.bootstrap.GradleDaemon 3.3
java_class_path (initial): C:\Users\CFAPAG\.gradle\wrapper\dists\gradle-3.3-all\55gk2rcmfc6p2dg9u9ohc3hw9\gradle-3.3\lib\gradle-launcher-3.3.jar
Launcher Type: SUN_STANDARD

Environment Variables:
PATH=C:\ProgramData\Oracle\Java\javapath;C:\Program Files (x86)\Intel\iCLS Client\;C:\Program Files\Intel\iCLS Client\;C:\Windows\system32;C:\Windows;C:\Windows\System32\Wbem;C:\Windows\System32\WindowsPowerShell\v1.0\;C:\Program Files (x86)\Intel\Intel(R) Management Engine Components\DAL;C:\Program Files\Intel\Intel(R) Management Engine Components\DAL;C:\Program Files (x86)\Intel\Intel(R) Management Engine Components\IPT;C:\Program Files\Intel\Intel(R) Management Engine Components\IPT;C:\Program Files (x86)\NVIDIA Corporation\PhysX\Common;C:\WINDOWS\system32;C:\WINDOWS;C:\WINDOWS\System32\Wbem;C:\WINDOWS\System32\WindowsPowerShell\v1.0\;C:\Program Files (x86)\Microsoft SQL Server\Client SDK\ODBC\130\Tools\Binn\;C:\Program Files (x86)\Microsoft SQL Server\130\Tools\Binn\;C:\Program Files (x86)\Microsoft SQL Server\130\DTS\Binn\;C:\Program Files (x86)\Microsoft SQL Server\130\Tools\Binn\ManagementStudio\;C:\Program Files\Microsoft SQL Server\110\Tools\Binn\;C:\Program Files (x86)\Microsoft SDKs\TypeScript\1.0\;C:\Program Files\Microsoft SQL Server\120\Tools\Binn\;C:\Program Files\Microsoft SQL Server\Client SDK\ODBC\130\Tools\Binn\;C:\Program Files\Microsoft SQL Server\130\Tools\Binn\;C:\Program Files\Microsoft SQL Server\130\DTS\Binn\;C:\Program Files\nodejs\;C:\Program Files\Git\cmd;C:\Program Files (x86)\GtkSharp\2.12\bin;C:\Program Files (x86)\Windows Kits\8.1\Windows Performance Toolkit\;C:\Users\CFAPAG\AppData\Local\Microsoft\WindowsApps;C:\Users\CFAPAG\AppData\Roaming\npm;C:\Program Files\SDCC\bin;C:\Users\CFAPAG\AppData\Local\Programs\Python\Python36-32;
USERNAME=CFAPAG
OS=Windows_NT
PROCESSOR_IDENTIFIER=Intel64 Family 6 Model 142 Stepping 9, GenuineIntel



---------------  S Y S T E M  ---------------

OS: Windows 10.0 , 64 bit Build 16299 (10.0.16299.431)

CPU:total 4 (2 cores per cpu, 2 threads per core) family 6 model 142 stepping 9, cmov, cx8, fxsr, mmx, sse, sse2, sse3, ssse3, sse4.1, sse4.2, popcnt, avx, avx2, aes, clmul, erms, 3dnowpref, lzcnt, ht, tsc, tscinvbit, bmi1, bmi2, adx

Memory: 4k page, physical 8268828k(386504k free), swap 12876828k(4296k free)

vm_info: OpenJDK 64-Bit Server VM (25.112-b06) for windows-amd64 JRE (1.8.0_112-release-b06), built on Dec  8 2016 00:54:26 by "builder" with MS VC++ 10.0 (VS2010)

time: Fri Jun 01 07:51:58 2018
elapsed time: 27 seconds (0d 0h 0m 27s)

