#
# There is insufficient memory for the Java Runtime Environment to continue.
# Native memory allocation (malloc) failed to allocate 369456 bytes for Chunk::new
# Possible reasons:
#   The system is out of physical RAM or swap space
#   In 32 bit mode, the process size limit was hit
# Possible solutions:
#   Reduce memory load on the system
#   Increase physical memory or swap space
#   Check if swap backing store is full
#   Use 64 bit Java on a 64 bit OS
#   Decrease Java heap size (-Xmx/-Xms)
#   Decrease number of Java threads
#   Decrease Java thread stack sizes (-Xss)
#   Set larger code cache with -XX:ReservedCodeCacheSize=
# This output file may be truncated or incomplete.
#
#  Out of Memory Error (allocation.cpp:390), pid=15196, tid=0x0000000000002a08
#
# JRE version: OpenJDK Runtime Environment (8.0_112-b06) (build 1.8.0_112-release-b06)
# Java VM: OpenJDK 64-Bit Server VM (25.112-b06 mixed mode windows-amd64 compressed oops)
# Failed to write core dump. Minidumps are not enabled by default on client versions of Windows
#

---------------  T H R E A D  ---------------

Current thread (0x00000000190ec000):  JavaThread "C2 CompilerThread1" daemon [_thread_in_native, id=10760, stack(0x000000001a880000,0x000000001a980000)]

Stack: [0x000000001a880000,0x000000001a980000]
[error occurred during error reporting (printing stack bounds), id 0xc0000005]

Native frames: (J=compiled Java code, j=interpreted, Vv=VM code, C=native code)


Current CompileTask:
C2:   8395 3055   !   4       java.net.URLClassLoader$1::run (63 bytes)


---------------  P R O C E S S  ---------------

Java Threads: ( => current thread )
  0x000000001fc2a800 JavaThread "File lock request listener" [_thread_in_native, id=1868, stack(0x0000000020f10000,0x0000000021010000)]
  0x000000001c2a7800 JavaThread "Stdin handler" [_thread_blocked, id=12880, stack(0x000000001ea70000,0x000000001eb70000)]
  0x000000001c2b3800 JavaThread "Asynchronous log dispatcher for DefaultDaemonConnection: socket connection from /127.0.0.1:60473 to /127.0.0.1:60474" [_thread_blocked, id=9028, stack(0x000000001e970000,0x000000001ea70000)]
  0x000000001c467800 JavaThread "Daemon worker" [_thread_in_native, id=11144, stack(0x000000001e870000,0x000000001e970000)]
  0x000000001c44c800 JavaThread "Cancel handler" [_thread_blocked, id=15872, stack(0x000000001e770000,0x000000001e870000)]
  0x000000001c29a000 JavaThread "pool-1-thread-1" [_thread_blocked, id=11232, stack(0x000000001e670000,0x000000001e770000)]
  0x000000001becf800 JavaThread "Handler for socket connection from /127.0.0.1:60473 to /127.0.0.1:60474" [_thread_in_native, id=9276, stack(0x000000001e570000,0x000000001e670000)]
  0x000000001bf9e000 JavaThread "Daemon" [_thread_blocked, id=15100, stack(0x000000001cf10000,0x000000001d010000)]
  0x000000001c832000 JavaThread "Incoming local TCP Connector on port 60473" [_thread_in_native, id=4888, stack(0x000000001cac0000,0x000000001cbc0000)]
  0x000000001aaa0800 JavaThread "Service Thread" daemon [_thread_blocked, id=14504, stack(0x000000001ae80000,0x000000001af80000)]
  0x00000000190ef000 JavaThread "C1 CompilerThread2" daemon [_thread_blocked, id=10996, stack(0x000000001a980000,0x000000001aa80000)]
=>0x00000000190ec000 JavaThread "C2 CompilerThread1" daemon [_thread_in_native, id=10760, stack(0x000000001a880000,0x000000001a980000)]
  0x00000000190f9800 JavaThread "C2 CompilerThread0" daemon [_thread_in_native, id=12416, stack(0x000000001a780000,0x000000001a880000)]
  0x00000000190f8800 JavaThread "Attach Listener" daemon [_thread_blocked, id=16432, stack(0x000000001a680000,0x000000001a780000)]
  0x00000000190f7800 JavaThread "Signal Dispatcher" daemon [_thread_blocked, id=14580, stack(0x000000001a580000,0x000000001a680000)]
  0x00000000190d8800 JavaThread "Finalizer" daemon [_thread_blocked, id=14116, stack(0x000000001a350000,0x000000001a450000)]
  0x0000000004484000 JavaThread "Reference Handler" daemon [_thread_blocked, id=7196, stack(0x000000001a250000,0x000000001a350000)]
  0x0000000004392800 JavaThread "main" [_thread_blocked, id=9460, stack(0x0000000004260000,0x0000000004360000)]

Other Threads:
  0x00000000190b5800 VMThread [stack: 0x000000001a150000,0x000000001a250000] [id=9552]
  0x000000001914c800 WatcherThread [stack: 0x000000001af80000,0x000000001b080000] [id=12788]

VM state:not at safepoint (normal execution)

VM Mutex/Monitor currently owned by a thread: None

Heap:
 PSYoungGen      total 66560K, used 24473K [0x00000000d5580000, 0x00000000dc280000, 0x0000000100000000)
  eden space 61440K, 31% used [0x00000000d5580000,0x00000000d686a748,0x00000000d9180000)
  from space 5120K, 99% used [0x00000000d9b80000,0x00000000da07c040,0x00000000da080000)
  to   space 10240K, 0% used [0x00000000d9180000,0x00000000d9180000,0x00000000d9b80000)
 ParOldGen       total 66560K, used 13105K [0x0000000080000000, 0x0000000084100000, 0x00000000d5580000)
  object space 66560K, 19% used [0x0000000080000000,0x0000000080ccc548,0x0000000084100000)
 Metaspace       used 32868K, capacity 33488K, committed 33792K, reserved 1079296K
  class space    used 4396K, capacity 4579K, committed 4608K, reserved 1048576K

Card table byte_map: [0x0000000013860000,0x0000000013c70000] byte_map_base: 0x0000000013460000

Marking Bits: (ParMarkBitMap*) 0x000000005da418f0
 Begin Bits: [0x0000000014320000, 0x0000000016320000)
 End Bits:   [0x0000000016320000, 0x0000000018320000)

Polling page: 0x0000000004360000

CodeCache: size=245760Kb used=12045Kb max_used=12045Kb free=233714Kb
 bounds [0x00000000044a0000, 0x0000000005070000, 0x00000000134a0000]
 total_blobs=3817 nmethods=3123 adapters=607
 compilation: enabled

Compilation events (10 events):
Event: 8.337 Thread 0x00000000190ef000 3137       3       java.lang.invoke.MethodType::insertParameterTypes (106 bytes)
Event: 8.338 Thread 0x00000000190ef000 nmethod 3137 0x00000000050681d0 code [0x0000000005068480, 0x0000000005069788]
Event: 8.359 Thread 0x00000000190ef000 3138       3       java.lang.invoke.LambdaForm$Name::<init> (54 bytes)
Event: 8.360 Thread 0x00000000190ef000 nmethod 3138 0x000000000506a210 code [0x000000000506a380, 0x000000000506a590]
Event: 8.360 Thread 0x00000000190ef000 3139       3       jdk.internal.org.objectweb.asm.Label::<init> (5 bytes)
Event: 8.360 Thread 0x00000000190ef000 nmethod 3139 0x000000000506a650 code [0x000000000506a7a0, 0x000000000506a950]
Event: 8.360 Thread 0x00000000190ef000 3140       3       jdk.internal.org.objectweb.asm.ClassWriter::newNameType (10 bytes)
Event: 8.360 Thread 0x00000000190ef000 nmethod 3140 0x000000000506aa10 code [0x000000000506ab80, 0x000000000506ad28]
Event: 8.360 Thread 0x00000000190ef000 3141       3       jdk.internal.org.objectweb.asm.ClassWriter::newNameTypeItem (71 bytes)
Event: 8.361 Thread 0x00000000190ef000 nmethod 3141 0x000000000506ae10 code [0x000000000506b000, 0x000000000506b538]

GC Heap History (10 events):
Event: 2.195 GC heap before
{Heap before GC invocations=3 (full 0):
 PSYoungGen      total 38400K, used 38393K [0x00000000d5580000, 0x00000000d8000000, 0x0000000100000000)
  eden space 33280K, 100% used [0x00000000d5580000,0x00000000d7600000,0x00000000d7600000)
  from space 5120K, 99% used [0x00000000d7b00000,0x00000000d7ffe6f0,0x00000000d8000000)
  to   space 5120K, 0% used [0x00000000d7600000,0x00000000d7600000,0x00000000d7b00000)
 ParOldGen       total 87552K, used 907K [0x0000000080000000, 0x0000000085580000, 0x00000000d5580000)
  object space 87552K, 1% used [0x0000000080000000,0x00000000800e2c88,0x0000000085580000)
 Metaspace       used 16830K, capacity 17138K, committed 17280K, reserved 1064960K
  class space    used 2336K, capacity 2419K, committed 2432K, reserved 1048576K
Event: 2.206 GC heap after
Heap after GC invocations=3 (full 0):
 PSYoungGen      total 38400K, used 5106K [0x00000000d5580000, 0x00000000da080000, 0x0000000100000000)
  eden space 33280K, 0% used [0x00000000d5580000,0x00000000d5580000,0x00000000d7600000)
  from space 5120K, 99% used [0x00000000d7600000,0x00000000d7afc8d0,0x00000000d7b00000)
  to   space 5120K, 0% used [0x00000000d9b80000,0x00000000d9b80000,0x00000000da080000)
 ParOldGen       total 87552K, used 3893K [0x0000000080000000, 0x0000000085580000, 0x00000000d5580000)
  object space 87552K, 4% used [0x0000000080000000,0x00000000803cd4e8,0x0000000085580000)
 Metaspace       used 16830K, capacity 17138K, committed 17280K, reserved 1064960K
  class space    used 2336K, capacity 2419K, committed 2432K, reserved 1048576K
}
Event: 2.822 GC heap before
{Heap before GC invocations=4 (full 0):
 PSYoungGen      total 38400K, used 24190K [0x00000000d5580000, 0x00000000da080000, 0x0000000100000000)
  eden space 33280K, 57% used [0x00000000d5580000,0x00000000d6823058,0x00000000d7600000)
  from space 5120K, 99% used [0x00000000d7600000,0x00000000d7afc8d0,0x00000000d7b00000)
  to   space 5120K, 0% used [0x00000000d9b80000,0x00000000d9b80000,0x00000000da080000)
 ParOldGen       total 87552K, used 3893K [0x0000000080000000, 0x0000000085580000, 0x00000000d5580000)
  object space 87552K, 4% used [0x0000000080000000,0x00000000803cd4e8,0x0000000085580000)
 Metaspace       used 20813K, capacity 21112K, committed 21296K, reserved 1067008K
  class space    used 2754K, capacity 2869K, committed 2944K, reserved 1048576K
Event: 2.832 GC heap after
Heap after GC invocations=4 (full 0):
 PSYoungGen      total 71680K, used 5099K [0x00000000d5580000, 0x00000000da080000, 0x0000000100000000)
  eden space 66560K, 0% used [0x00000000d5580000,0x00000000d5580000,0x00000000d9680000)
  from space 5120K, 99% used [0x00000000d9b80000,0x00000000da07afe0,0x00000000da080000)
  to   space 5120K, 0% used [0x00000000d9680000,0x00000000d9680000,0x00000000d9b80000)
 ParOldGen       total 87552K, used 7770K [0x0000000080000000, 0x0000000085580000, 0x00000000d5580000)
  object space 87552K, 8% used [0x0000000080000000,0x0000000080796ba0,0x0000000085580000)
 Metaspace       used 20813K, capacity 21112K, committed 21296K, reserved 1067008K
  class space    used 2754K, capacity 2869K, committed 2944K, reserved 1048576K
}
Event: 2.832 GC heap before
{Heap before GC invocations=5 (full 1):
 PSYoungGen      total 71680K, used 5099K [0x00000000d5580000, 0x00000000da080000, 0x0000000100000000)
  eden space 66560K, 0% used [0x00000000d5580000,0x00000000d5580000,0x00000000d9680000)
  from space 5120K, 99% used [0x00000000d9b80000,0x00000000da07afe0,0x00000000da080000)
  to   space 5120K, 0% used [0x00000000d9680000,0x00000000d9680000,0x00000000d9b80000)
 ParOldGen       total 87552K, used 7770K [0x0000000080000000, 0x0000000085580000, 0x00000000d5580000)
  object space 87552K, 8% used [0x0000000080000000,0x0000000080796ba0,0x0000000085580000)
 Metaspace       used 20813K, capacity 21112K, committed 21296K, reserved 1067008K
  class space    used 2754K, capacity 2869K, committed 2944K, reserved 1048576K
Event: 2.873 GC heap after
Heap after GC invocations=5 (full 1):
 PSYoungGen      total 71680K, used 0K [0x00000000d5580000, 0x00000000da080000, 0x0000000100000000)
  eden space 66560K, 0% used [0x00000000d5580000,0x00000000d5580000,0x00000000d9680000)
  from space 5120K, 0% used [0x00000000d9b80000,0x00000000d9b80000,0x00000000da080000)
  to   space 5120K, 0% used [0x00000000d9680000,0x00000000d9680000,0x00000000d9b80000)
 ParOldGen       total 66560K, used 8844K [0x0000000080000000, 0x0000000084100000, 0x00000000d5580000)
  object space 66560K, 13% used [0x0000000080000000,0x00000000808a3388,0x0000000084100000)
 Metaspace       used 20813K, capacity 21112K, committed 21296K, reserved 1067008K
  class space    used 2754K, capacity 2869K, committed 2944K, reserved 1048576K
}
Event: 4.102 GC heap before
{Heap before GC invocations=6 (full 1):
 PSYoungGen      total 71680K, used 66560K [0x00000000d5580000, 0x00000000da080000, 0x0000000100000000)
  eden space 66560K, 100% used [0x00000000d5580000,0x00000000d9680000,0x00000000d9680000)
  from space 5120K, 0% used [0x00000000d9b80000,0x00000000d9b80000,0x00000000da080000)
  to   space 5120K, 0% used [0x00000000d9680000,0x00000000d9680000,0x00000000d9b80000)
 ParOldGen       total 66560K, used 8844K [0x0000000080000000, 0x0000000084100000, 0x00000000d5580000)
  object space 66560K, 13% used [0x0000000080000000,0x00000000808a3388,0x0000000084100000)
 Metaspace       used 25974K, capacity 26380K, committed 26496K, reserved 1073152K
  class space    used 3587K, capacity 3697K, committed 3712K, reserved 1048576K
Event: 4.112 GC heap after
Heap after GC invocations=6 (full 1):
 PSYoungGen      total 71680K, used 5112K [0x00000000d5580000, 0x00000000da080000, 0x0000000100000000)
  eden space 66560K, 0% used [0x00000000d5580000,0x00000000d5580000,0x00000000d9680000)
  from space 5120K, 99% used [0x00000000d9680000,0x00000000d9b7e0e0,0x00000000d9b80000)
  to   space 5120K, 0% used [0x00000000d9b80000,0x00000000d9b80000,0x00000000da080000)
 ParOldGen       total 66560K, used 11671K [0x0000000080000000, 0x0000000084100000, 0x00000000d5580000)
  object space 66560K, 17% used [0x0000000080000000,0x0000000080b65d58,0x0000000084100000)
 Metaspace       used 25974K, capacity 26380K, committed 26496K, reserved 1073152K
  class space    used 3587K, capacity 3697K, committed 3712K, reserved 1048576K
}
Event: 7.948 GC heap before
{Heap before GC invocations=7 (full 1):
 PSYoungGen      total 71680K, used 71672K [0x00000000d5580000, 0x00000000da080000, 0x0000000100000000)
  eden space 66560K, 100% used [0x00000000d5580000,0x00000000d9680000,0x00000000d9680000)
  from space 5120K, 99% used [0x00000000d9680000,0x00000000d9b7e0e0,0x00000000d9b80000)
  to   space 5120K, 0% used [0x00000000d9b80000,0x00000000d9b80000,0x00000000da080000)
 ParOldGen       total 66560K, used 11671K [0x0000000080000000, 0x0000000084100000, 0x00000000d5580000)
  object space 66560K, 17% used [0x0000000080000000,0x0000000080b65d58,0x0000000084100000)
 Metaspace       used 29315K, capacity 29738K, committed 29952K, reserved 1075200K
  class space    used 3977K, capacity 4090K, committed 4096K, reserved 1048576K
Event: 7.960 GC heap after
Heap after GC invocations=7 (full 1):
 PSYoungGen      total 66560K, used 5104K [0x00000000d5580000, 0x00000000dc280000, 0x0000000100000000)
  eden space 61440K, 0% used [0x00000000d5580000,0x00000000d5580000,0x00000000d9180000)
  from space 5120K, 99% used [0x00000000d9b80000,0x00000000da07c040,0x00000000da080000)
  to   space 10240K, 0% used [0x00000000d9180000,0x00000000d9180000,0x00000000d9b80000)
 ParOldGen       total 66560K, used 13105K [0x0000000080000000, 0x0000000084100000, 0x00000000d5580000)
  object space 66560K, 19% used [0x0000000080000000,0x0000000080ccc548,0x0000000084100000)
 Metaspace       used 29315K, capacity 29738K, committed 29952K, reserved 1075200K
  class space    used 3977K, capacity 4090K, committed 4096K, reserved 1048576K
}

Deoptimization events (10 events):
Event: 6.193 Thread 0x000000001c467800 Uncommon trap: reason=unstable_if action=reinterpret pc=0x0000000004eb7b04 method=com.sun.org.apache.xerces.internal.impl.XMLDocumentFragmentScannerImpl$FragmentContentDriver.next()I @ 815
Event: 7.947 Thread 0x000000001c467800 Uncommon trap: reason=bimorphic action=maybe_recompile pc=0x0000000004bb39c0 method=java.lang.ClassLoader.getPackage(Ljava/lang/String;)Ljava/lang/Package; @ 47
Event: 7.969 Thread 0x000000001c467800 Uncommon trap: reason=bimorphic action=maybe_recompile pc=0x0000000004bb39c0 method=java.lang.ClassLoader.getPackage(Ljava/lang/String;)Ljava/lang/Package; @ 47
Event: 7.971 Thread 0x000000001c467800 Uncommon trap: reason=bimorphic action=maybe_recompile pc=0x0000000004bb39c0 method=java.lang.ClassLoader.getPackage(Ljava/lang/String;)Ljava/lang/Package; @ 47
Event: 7.971 Thread 0x000000001c467800 Uncommon trap: reason=bimorphic action=maybe_recompile pc=0x0000000004bb39c0 method=java.lang.ClassLoader.getPackage(Ljava/lang/String;)Ljava/lang/Package; @ 47
Event: 7.972 Thread 0x000000001c467800 Uncommon trap: reason=bimorphic action=maybe_recompile pc=0x0000000004b886a4 method=java.lang.ClassLoader.getPackage(Ljava/lang/String;)Ljava/lang/Package; @ 47
Event: 8.036 Thread 0x000000001c467800 Uncommon trap: reason=unstable_if action=reinterpret pc=0x0000000004cf9290 method=java.lang.Integer.valueOf(I)Ljava/lang/Integer; @ 3
Event: 8.324 Thread 0x000000001c467800 Uncommon trap: reason=bimorphic action=maybe_recompile pc=0x0000000004fc367c method=java.security.MessageDigest$Delegate.engineUpdate([BII)V @ 7
Event: 8.324 Thread 0x000000001c467800 Uncommon trap: reason=bimorphic action=maybe_recompile pc=0x0000000004fc367c method=java.security.MessageDigest$Delegate.engineUpdate([BII)V @ 7
Event: 8.324 Thread 0x000000001c467800 Uncommon trap: reason=bimorphic action=maybe_recompile pc=0x0000000004fc94c4 method=sun.security.provider.DigestBase.engineUpdate([BII)V @ 128

Internal exceptions (10 events):
Event: 7.802 Thread 0x000000001c467800 Exception <a 'java/security/PrivilegedActionException'> (0x00000000d9323b50) thrown at [C:\src\android\AOSP-openjdk\external\jetbrains\jdk\hotspot\src\share\vm\prims\jvm.cpp, line 1390]
Event: 7.802 Thread 0x000000001c467800 Exception <a 'java/security/PrivilegedActionException'> (0x00000000d9324130) thrown at [C:\src\android\AOSP-openjdk\external\jetbrains\jdk\hotspot\src\share\vm\prims\jvm.cpp, line 1390]
Event: 7.806 Thread 0x000000001c467800 Exception <a 'java/lang/ClassNotFoundException': build_d4kibyr8uf89o2xo2nco24mhuBeanInfo> (0x00000000d9372850) thrown at [C:\src\android\AOSP-openjdk\external\jetbrains\jdk\hotspot\src\share\vm\classfile\systemDictionary.cpp, line 210]
Event: 7.806 Thread 0x000000001c467800 Exception <a 'java/lang/ClassNotFoundException': build_d4kibyr8uf89o2xo2nco24mhuCustomizer> (0x00000000d9381648) thrown at [C:\src\android\AOSP-openjdk\external\jetbrains\jdk\hotspot\src\share\vm\classfile\systemDictionary.cpp, line 210]
Event: 7.933 Thread 0x000000001c467800 Exception <a 'java/lang/ClassNotFoundException': build_d7je6ffon8y81j60atf7a4yuvBeanInfo> (0x00000000d94faa28) thrown at [C:\src\android\AOSP-openjdk\external\jetbrains\jdk\hotspot\src\share\vm\classfile\systemDictionary.cpp, line 210]
Event: 7.934 Thread 0x000000001c467800 Exception <a 'java/lang/ClassNotFoundException': build_d7je6ffon8y81j60atf7a4yuvCustomizer> (0x00000000d950ac58) thrown at [C:\src\android\AOSP-openjdk\external\jetbrains\jdk\hotspot\src\share\vm\classfile\systemDictionary.cpp, line 210]
Event: 7.941 Thread 0x000000001c467800 Exception <a 'java/lang/ClassNotFoundException': org/gradle/api/internal/plugins/DefaultObjectConfigurationActionBeanInfo> (0x00000000d95840c8) thrown at [C:\src\android\AOSP-openjdk\external\jetbrains\jdk\hotspot\src\share\vm\classfile\systemDictionary.cp!S“Ω√@
Event: 7.941 Thread 0x000000001c467800 Exception <a 'java/lang/ClassNotFoundException': org/gradle/api/internal/plugins/DefaultObjectConfigurationActionCustomizer> (0x00000000d95b3a80) thrown at [C:\src\android\AOSP-openjdk\external\jetbrains\jdk\hotspot\src\share\vm\classfile\systemDictionary.XÌ#,u≈@
Event: 7.943 Thread 0x000000001c467800 Exception <a 'java/lang/ClassNotFoundException': org/gradle/api/plugins/ObjectConfigurationActionBeanInfo> (0x00000000d95fd3b8) thrown at [C:\src\android\AOSP-openjdk\external\jetbrains\jdk\hotspot\src\share\vm\classfile\systemDictionary.cpp, line 210]
Event: 7.943 Thread 0x000000001c467800 Exception <a 'java/lang/ClassNotFoundException': org/gradle/api/plugins/ObjectConfigurationActionCustomizer> (0x00000000d9625548) thrown at [C:\src\android\AOSP-openjdk\external\jetbrains\jdk\hotspot\src\share\vm\classfile\systemDictionary.cpp, line 210]

Events (10 events):
Event: 8.388 loading class com/google/gson/JsonSerializer
Event: 8.388 loading class com/google/gson/JsonSerializer done
Event: 8.389 loading class com/google/gson/JsonDeserializer
Event: 8.389 loading class com/google/gson/JsonDeserializer done
Event: 8.389 loading class com/google/gson/InstanceCreator
Event: 8.389 loading class com/google/gson/InstanceCreator done
Event: 8.389 loading class com/google/gson/internal/bind/TypeAdapters$27
Event: 8.389 loading class com/google/gson/internal/bind/TypeAdapters$27 done
Event: 8.389 loading class com/android/ide/common/blame/SourcePosition
Event: 8.389 loading class com/android/ide/common/blame/SourcePosition done


Dynamic libraries:
0x00007ff70e550000 - 0x00007ff70e581000 	C:\Program Files\Android\Android Studio\jre\bin\java.exe
0x00007ffc0c5d0000 - 0x00007ffc0c7b0000 	C:\WINDOWS\SYSTEM32\ntdll.dll
0x00007ffc0c440000 - 0x00007ffc0c4ee000 	C:\WINDOWS\System32\KERNEL32.DLL
0x00007ffc08a50000 - 0x00007ffc08cb6000 	C:\WINDOWS\System32\KERNELBASE.dll
0x00007ffc0a390000 - 0x00007ffc0a431000 	C:\WINDOWS\System32\ADVAPI32.dll
0x00007ffc0a2f0000 - 0x00007ffc0a38d000 	C:\WINDOWS\System32\msvcrt.dll
0x00007ffc0c150000 - 0x00007ffc0c1ab000 	C:\WINDOWS\System32\sechost.dll
0x00007ffc0c240000 - 0x00007ffc0c35f000 	C:\WINDOWS\System32\RPCRT4.dll
0x00007ffc0a760000 - 0x00007ffc0a8ef000 	C:\WINDOWS\System32\USER32.dll
0x00007ffc09600000 - 0x00007ffc09620000 	C:\WINDOWS\System32\win32u.dll
0x00007ffc0c370000 - 0x00007ffc0c398000 	C:\WINDOWS\System32\GDI32.dll
0x00007ffc09620000 - 0x00007ffc097b3000 	C:\WINDOWS\System32\gdi32full.dll
0x00007ffc09460000 - 0x00007ffc094fb000 	C:\WINDOWS\System32\msvcp_win.dll
0x00007ffc09500000 - 0x00007ffc095f6000 	C:\WINDOWS\System32\ucrtbase.dll
0x00007ffbfd640000 - 0x00007ffbfd8a9000 	C:\WINDOWS\WinSxS\amd64_microsoft.windows.common-controls_6595b64144ccf1df_6.0.16299.431_none_15c7d3ee93659e73\COMCTL32.dll
0x00007ffc0be40000 - 0x00007ffc0c148000 	C:\WINDOWS\System32\combase.dll
0x00007ffc089d0000 - 0x00007ffc08a42000 	C:\WINDOWS\System32\bcryptPrimitives.dll
0x00007ffc0c1b0000 - 0x00007ffc0c1dd000 	C:\WINDOWS\System32\IMM32.DLL
0x000000005e500000 - 0x000000005e5d2000 	C:\Program Files\Android\Android Studio\jre\jre\bin\msvcr100.dll
0x000000005d280000 - 0x000000005dabc000 	C:\Program Files\Android\Android Studio\jre\jre\bin\server\jvm.dll
0x00007ffc0a1e0000 - 0x00007ffc0a1e8000 	C:\WINDOWS\System32\PSAPI.DLL
0x00007ffc075b0000 - 0x00007ffc075b9000 	C:\WINDOWS\SYSTEM32\WSOCK32.dll
0x00007ffc00d90000 - 0x00007ffc00d9a000 	C:\WINDOWS\SYSTEM32\VERSION.dll
0x00007ffc067c0000 - 0x00007ffc067e3000 	C:\WINDOWS\SYSTEM32\WINMM.dll
0x00007ffc0c3a0000 - 0x00007ffc0c40c000 	C:\WINDOWS\System32\WS2_32.dll
0x00007ffc06760000 - 0x00007ffc0678a000 	C:\WINDOWS\SYSTEM32\WINMMBASE.dll
0x00007ffc09410000 - 0x00007ffc0945a000 	C:\WINDOWS\System32\cfgmgr32.dll
0x00007ffbfa120000 - 0x00007ffbfa12f000 	C:\Program Files\Android\Android Studio\jre\jre\bin\verify.dll
0x00007ffbda0a0000 - 0x00007ffbda0c9000 	C:\Program Files\Android\Android Studio\jre\jre\bin\java.dll
0x00007ffbe4d70000 - 0x00007ffbe4d86000 	C:\Program Files\Android\Android Studio\jre\jre\bin\zip.dll
0x00007ffc0aa00000 - 0x00007ffc0be38000 	C:\WINDOWS\System32\SHELL32.dll
0x00007ffc0c4f0000 - 0x00007ffc0c596000 	C:\WINDOWS\System32\shcore.dll
0x00007ffc08cc0000 - 0x00007ffc09407000 	C:\WINDOWS\System32\windows.storage.dll
0x00007ffc0a700000 - 0x00007ffc0a751000 	C:\WINDOWS\System32\shlwapi.dll
0x00007ffc089b0000 - 0x00007ffc089c1000 	C:\WINDOWS\System32\kernel.appcore.dll
0x00007ffc08940000 - 0x00007ffc0898c000 	C:\WINDOWS\System32\powrprof.dll
0x00007ffc08920000 - 0x00007ffc0893b000 	C:\WINDOWS\System32\profapi.dll
0x00007ffbda010000 - 0x00007ffbda02a000 	C:\Program Files\Android\Android Studio\jre\jre\bin\net.dll
0x0000000180000000 - 0x0000000180096000 	C:\WINDOWS\SYSTEM32\pcapwsp.dll
0x00007ffc081b0000 - 0x00007ffc08216000 	C:\WINDOWS\system32\mswsock.dll
0x00007ffbd55a0000 - 0x00007ffbd55b1000 	C:\Program Files\Android\Android Studio\jre\jre\bin\nio.dll
0x00007ffbd1ba0000 - 0x00007ffbd1bbe000 	C:\Users\CFAPAG\.gradle\native\23\windows-amd64\native-platform.dll
0x00007ffc08380000 - 0x00007ffc08397000 	C:\WINDOWS\SYSTEM32\CRYPTSP.dll
0x00007ffc07db0000 - 0x00007ffc07de3000 	C:\WINDOWS\system32\rsaenh.dll
0x00007ffc08480000 - 0x00007ffc084a5000 	C:\WINDOWS\SYSTEM32\bcrypt.dll
0x00007ffc08820000 - 0x00007ffc08849000 	C:\WINDOWS\SYSTEM32\USERENV.dll
0x00007ffc08370000 - 0x00007ffc0837b000 	C:\WINDOWS\SYSTEM32\CRYPTBASE.dll
0x00007ffc07f40000 - 0x00007ffc07f79000 	C:\WINDOWS\SYSTEM32\IPHLPAPI.DLL
0x00007ffc0c360000 - 0x00007ffc0c368000 	C:\WINDOWS\System32\NSI.dll
0x00007ffbfe710000 - 0x00007ffbfe726000 	C:\WINDOWS\SYSTEM32\dhcpcsvc6.DLL
0x00007ffbfee00000 - 0x00007ffbfee1a000 	C:\WINDOWS\SYSTEM32\dhcpcsvc.DLL
0x00007ffbfab00000 - 0x00007ffbfab0d000 	C:\Program Files\Android\Android Studio\jre\jre\bin\management.dll

VM Arguments:
jvm_args: -XX:MaxPermSize=512m -XX:+HeapDumpOnOutOfMemoryError -Xmx2048m -Dfile.encoding=UTF-8 -Duser.country=FR -Duser.language=fr -Duser.variant 
java_command: org.gradle.launcher.daemon.bootstrap.GradleDaemon 3.3
java_class_path (initial): C:\Users\CFAPAG\.gradle\wrapper\dists\gradle-3.3-all\55gk2rcmfc6p2dg9u9ohc3hw9\gradle-3.3\lib\gradle-launcher-3.3.jar
Launcher Type: SUN_STANDARD

Environment Variables:
PATH=C:\ProgramData\Oracle\Java\javapath;C:\Program Files (x86)\Intel\iCLS Client\;C:\Program Files\Intel\iCLS Client\;C:\Windows\system32;C:\Windows;C:\Windows\System32\Wbem;C:\Windows\System32\WindowsPowerShell\v1.0\;C:\Program Files (x86)\Intel\Intel(R) Management Engine Components\DAL;C:\Program Files\Intel\Intel(R) Management Engine Components\DAL;C:\Program Files (x86)\Intel\Intel(R) Management Engine Components\IPT;C:\Program Files\Intel\Intel(R) Management Engine Components\IPT;C:\Program Files (x86)\NVIDIA Corporation\PhysX\Common;C:\WINDOWS\system32;C:\WINDOWS;C:\WINDOWS\System32\Wbem;C:\WINDOWS\System32\WindowsPowerShell\v1.0\;C:\Program Files (x86)\Microsoft SQL Server\Client SDK\ODBC\130\Tools\Binn\;C:\Program Files (x86)\Microsoft SQL Server\130\Tools\Binn\;C:\Program Files (x86)\Microsoft SQL Server\130\DTS\Binn\;C:\Program Files (x86)\Microsoft SQL Server\130\Tools\Binn\ManagementStudio\;C:\Program Files\Microsoft SQL Server\110\Tools\Binn\;C:\Program Files (x86)\Microsoft SDKs\TypeScript\1.0\;C:\Program Files\Microsoft SQL Server\120\Tools\Binn\;C:\Program Files\Microsoft SQL Server\Client SDK\ODBC\130\Tools\Binn\;C:\Program Files\Microsoft SQL Server\130\Tools\Binn\;C:\Program Files\Microsoft SQL Server\130\DTS\Binn\;C:\Program Files\nodejs\;C:\Program Files\Git\cmd;C:\Program Files (x86)\GtkSharp\2.12\bin;C:\Program Files (x86)\Windows Kits\8.1\Windows Performance Toolkit\;C:\Users\CFAPAG\AppData\Local\Microsoft\WindowsApps;C:\Users\CFAPAG\AppData\Roaming\npm;C:\Program Files\SDCC\bin;C:\Users\CFAPAG\AppData\Local\Programs\Python\Python36-32;
USERNAME=CFAPAG
OS=Windows_NT
PROCESSOR_IDENTIFIER=Intel64 Family 6 Model 142 Stepping 9, GenuineIntel



---------------  S Y S T E M  ---------------

OS: Windows 10.0 , 64 bit Build 16299 (10.0.16299.431)

CPU:total 4 (2 cores per cpu, 2 threads per core) family 6 model 142 stepping 9, cmov, cx8, fxsr, mmx, sse, sse2, sse3, ssse3, sse4.1, sse4.2, popcnt, avx, avx2, aes, clmul, erms, 3dnowpref, lzcnt, ht, tsc, tscinvbit, bmi1, bmi2, adx

Memory: 4k page, physical 8268828k(490012k free), swap 12876828k(6996k free)

vm_info: OpenJDK 64-Bit Server VM (25.112-b06) for windows-amd64 JRE (1.8.0_112-release-b06), built on Dec  8 2016 00:54:26 by "builder" with MS VC++ 10.0 (VS2010)

time: Fri Jun 01 07:57:11 2018
elapsed time: 8 seconds (0d 0h 0m 8s)

