#
# There is insufficient memory for the Java Runtime Environment to continue.
# Native memory allocation (malloc) failed to allocate 463824 bytes for Chunk::new
# Possible reasons:
#   The system is out of physical RAM or swap space
#   In 32 bit mode, the process size limit was hit
# Possible solutions:
#   Reduce memory load on the system
#   Increase physical memory or swap space
#   Check if swap backing store is full
#   Use 64 bit Java on a 64 bit OS
#   Decrease Java heap size (-Xmx/-Xms)
#   Decrease number of Java threads
#   Decrease Java thread stack sizes (-Xss)
#   Set larger code cache with -XX:ReservedCodeCacheSize=
# This output file may be truncated or incomplete.
#
#  Out of Memory Error (allocation.cpp:390), pid=6476, tid=0x000000000000320c
#
# JRE version: OpenJDK Runtime Environment (8.0_112-b06) (build 1.8.0_112-release-b06)
# Java VM: OpenJDK 64-Bit Server VM (25.112-b06 mixed mode windows-amd64 compressed oops)
# Failed to write core dump. Minidumps are not enabled by default on client versions of Windows
#

---------------  T H R E A D  ---------------

Current thread (0x000000001730d000):  JavaThread "C2 CompilerThread0" daemon [_thread_in_native, id=12812, stack(0x00000000189c0000,0x0000000018ac0000)]

Stack: [0x00000000189c0000,0x0000000018ac0000]
[error occurred during error reporting (printing stack bounds), id 0xc0000005]

Native frames: (J=compiled Java code, j=interpreted, Vv=VM code, C=native code)


Current CompileTask:
C2:   2191 1112   !   4       com.android.dx.cf.code.BytecodeArray::parseInstruction (2764 bytes)


---------------  P R O C E S S  ---------------

Java Threads: ( => current thread )
  0x0000000018efa800 JavaThread "pool-2-thread-4" [_thread_blocked, id=16540, stack(0x00000000196c0000,0x00000000197c0000)]
  0x0000000018e2e000 JavaThread "pool-2-thread-3" [_thread_blocked, id=14744, stack(0x00000000195c0000,0x00000000196c0000)]
  0x0000000018e2d000 JavaThread "pool-2-thread-2" [_thread_blocked, id=9252, stack(0x00000000194c0000,0x00000000195c0000)]
  0x0000000018d0e000 JavaThread "pool-3-thread-1" [_thread_blocked, id=11256, stack(0x00000000193c0000,0x00000000194c0000)]
  0x0000000018d0b800 JavaThread "pool-2-thread-1" [_thread_blocked, id=6048, stack(0x00000000192c0000,0x00000000193c0000)]
  0x0000000018bc5000 JavaThread "Service Thread" daemon [_thread_blocked, id=9016, stack(0x00000000190c0000,0x00000000191c0000)]
  0x0000000018bc0800 JavaThread "C1 CompilerThread2" daemon [_thread_blocked, id=15588, stack(0x0000000018fc0000,0x00000000190c0000)]
  0x0000000017369800 JavaThread "C2 CompilerThread1" daemon [_thread_in_native, id=17160, stack(0x0000000018ac0000,0x0000000018bc0000)]
=>0x000000001730d000 JavaThread "C2 CompilerThread0" daemon [_thread_in_native, id=12812, stack(0x00000000189c0000,0x0000000018ac0000)]
  0x000000001730b800 JavaThread "Attach Listener" daemon [_thread_blocked, id=11544, stack(0x00000000188c0000,0x00000000189c0000)]
  0x0000000004c3e800 JavaThread "Signal Dispatcher" daemon [_thread_blocked, id=14312, stack(0x00000000187c0000,0x00000000188c0000)]
  0x0000000004c36000 JavaThread "Finalizer" daemon [_thread_blocked, id=8648, stack(0x00000000185a0000,0x00000000186a0000)]
  0x0000000004c31000 JavaThread "Reference Handler" daemon [_thread_blocked, id=16452, stack(0x00000000184a0000,0x00000000185a0000)]
  0x0000000004b3d800 JavaThread "main" [_thread_in_Java, id=6244, stack(0x00000000049b0000,0x0000000004ab0000)]

Other Threads:
  0x00000000172d6000 VMThread [stack: 0x00000000183a0000,0x00000000184a0000] [id=14924]
  0x0000000018bc7000 WatcherThread [stack: 0x00000000191c0000,0x00000000192c0000] [id=15124]

VM state:not at safepoint (normal execution)

VM Mutex/Monitor currently owned by a thread: None

Heap:
 PSYoungGen      total 38400K, used 20624K [0x00000000eab00000, 0x00000000ed580000, 0x0000000100000000)
  eden space 33280K, 46% used [0x00000000eab00000,0x00000000eba28b58,0x00000000ecb80000)
  from space 5120K, 99% used [0x00000000ecb80000,0x00000000ed07b698,0x00000000ed080000)
  to   space 5120K, 0% used [0x00000000ed080000,0x00000000ed080000,0x00000000ed580000)
 ParOldGen       total 87552K, used 5690K [0x00000000c0000000, 0x00000000c5580000, 0x00000000eab00000)
  object space 87552K, 6% used [0x00000000c0000000,0x00000000c058ead8,0x00000000c5580000)
 Metaspace       used 5661K, capacity 6832K, committed 7040K, reserved 1056768K
  class space    used 555K, capacity 616K, committed 640K, reserved 1048576K

Card table byte_map: [0x0000000014000000,0x0000000014210000] byte_map_base: 0x0000000013a00000

Marking Bits: (ParMarkBitMap*) 0x000000005da418f0
 Begin Bits: [0x0000000014770000, 0x0000000015770000)
 End Bits:   [0x0000000015770000, 0x0000000016770000)

Polling page: 0x0000000002de0000

CodeCache: size=245760Kb used=4750Kb max_used=4750Kb free=241009Kb
 bounds [0x0000000004c40000, 0x00000000050f0000, 0x0000000013c40000]
 total_blobs=1387 nmethods=1126 adapters=175
 compilation: enabled

Compilation events (10 events):
Event: 2.129 Thread 0x0000000018bc0800 1135       3       com.android.dx.util.ListIntSet::<init> (23 bytes)
Event: 2.130 Thread 0x0000000018bc0800 nmethod 1135 0x00000000050e42d0 code [0x00000000050e44a0, 0x00000000050e4b98]
Event: 2.132 Thread 0x0000000018bc0800 1137       3       com.android.dx.util.ListIntSet::has (17 bytes)
Event: 2.132 Thread 0x0000000018bc0800 nmethod 1137 0x00000000050e3cd0 code [0x00000000050e3e40, 0x00000000050e41c8]
Event: 2.132 Thread 0x0000000018bc0800 1138       3       com.android.dx.util.ListIntSet::add (26 bytes)
Event: 2.133 Thread 0x0000000018bc0800 nmethod 1138 0x00000000050e3750 code [0x00000000050e38c0, 0x00000000050e3bd8]
Event: 2.133 Thread 0x0000000018bc0800 1139       3       com.android.dx.util.IntList::insert (115 bytes)
Event: 2.133 Thread 0x0000000018bc0800 nmethod 1139 0x00000000050e2e50 code [0x00000000050e3000, 0x00000000050e3548]
Event: 2.177 Thread 0x0000000018bc0800 1140       3       com.android.dx.rop.code.Rop::<init> (15 bytes)
Event: 2.177 Thread 0x0000000018bc0800 nmethod 1140 0x00000000050e70d0 code [0x00000000050e7240, 0x00000000050e73e8]

GC Heap History (2 events):
Event: 1.809 GC heap before
{Heap before GC invocations=1 (full 0):
 PSYoungGen      total 38400K, used 33280K [0x00000000eab00000, 0x00000000ed580000, 0x0000000100000000)
  eden space 33280K, 100% used [0x00000000eab00000,0x00000000ecb80000,0x00000000ecb80000)
  from space 5120K, 0% used [0x00000000ed080000,0x00000000ed080000,0x00000000ed580000)
  to   space 5120K, 0% used [0x00000000ecb80000,0x00000000ecb80000,0x00000000ed080000)
 ParOldGen       total 87552K, used 0K [0x00000000c0000000, 0x00000000c5580000, 0x00000000eab00000)
  object space 87552K, 0% used [0x00000000c0000000,0x00000000c0000000,0x00000000c5580000)
 Metaspace       used 5640K, capacity 6832K, committed 7040K, reserved 1056768K
  class space    used 554K, capacity 616K, committed 640K, reserved 1048576K
Event: 2.095 GC heap after
Heap after GC invocations=1 (full 0):
 PSYoungGen      total 38400K, used 5101K [0x00000000eab00000, 0x00000000ed580000, 0x0000000100000000)
  eden space 33280K, 0% used [0x00000000eab00000,0x00000000eab00000,0x00000000ecb80000)
  from space 5120K, 99% used [0x00000000ecb80000,0x00000000ed07b698,0x00000000ed080000)
  to   space 5120K, 0% used [0x00000000ed080000,0x00000000ed080000,0x00000000ed580000)
 ParOldGen       total 87552K, used 5690K [0x00000000c0000000, 0x00000000c5580000, 0x00000000eab00000)
  object space 87552K, 6% used [0x00000000c0000000,0x00000000c058ead8,0x00000000c5580000)
 Metaspace       used 5640K, capacity 6832K, committed 7040K, reserved 1056768K
  class space    used 554K, capacity 616K, committed 640K, reserved 1048576K
}

Deoptimization events (8 events):
Event: 0.427 Thread 0x0000000004b3d800 Uncommon trap: reason=unstable_if action=reinterpret pc=0x0000000004d84354 method=java.lang.String.indexOf(II)I @ 49
Event: 0.658 Thread 0x0000000018e2d000 Uncommon trap: reason=unstable_if action=reinterpret pc=0x0000000004e24c78 method=java.util.HashMap.getNode(ILjava/lang/Object;)Ljava/util/HashMap$Node; @ 62
Event: 0.859 Thread 0x0000000018d0b800 Uncommon trap: reason=unstable_if action=reinterpret pc=0x0000000004e9d344 method=java.util.HashMap.getNode(ILjava/lang/Object;)Ljava/util/HashMap$Node; @ 129
Event: 0.917 Thread 0x0000000018e2e000 Uncommon trap: reason=unstable_if action=reinterpret pc=0x0000000004e99730 method=java.util.BitSet.nextSetBit(I)I @ 87
Event: 1.784 Thread 0x0000000018e2e000 Uncommon trap: reason=bimorphic action=maybe_recompile pc=0x0000000004fdbd3c method=com.android.dx.cf.code.BytecodeArray.parseInstruction(ILcom/android/dx/cf/code/BytecodeArray$Visitor;)I @ 907
Event: 1.785 Thread 0x0000000018e2e000 Uncommon trap: reason=bimorphic action=maybe_recompile pc=0x0000000004fdc214 method=com.android.dx.cf.code.BytecodeArray.parseInstruction(ILcom/android/dx/cf/code/BytecodeArray$Visitor;)I @ 1224
Event: 1.785 Thread 0x0000000018e2e000 Uncommon trap: reason=bimorphic action=maybe_recompile pc=0x0000000004fdbdc0 method=com.android.dx.cf.code.BytecodeArray.parseInstruction(ILcom/android/dx/cf/code/BytecodeArray$Visitor;)I @ 923
Event: 1.785 Thread 0x0000000018e2e000 Uncommon trap: reason=bimorphic action=maybe_recompile pc=0x0000000004fdc214 method=com.android.dx.cf.code.BytecodeArray.parseInstruction(ILcom/android/dx/cf/code/BytecodeArray$Visitor;)I @ 1224

Internal exceptions (2 events):
Event: 0.122 Thread 0x0000000004b3d800 Exception <a 'java/lang/NoSuchMethodError': Method sun.misc.Unsafe.defineClass(Ljava/lang/String;[BII)Ljava/lang/Class; name or signature does not match> (0x00000000eab07c78) thrown at [C:\src\android\AOSP-openjdk\external\jetbrains\jdk\hotspot\src\share\v+ö!Ò’Eø?
Event: 0.122 Thread 0x0000000004b3d800 Exception <a 'java/lang/NoSuchMethodError': Method sun.misc.Unsafe.prefetchRead(Ljava/lang/Object;J)V name or signature does not match> (0x00000000eab07f60) thrown at [C:\src\android\AOSP-openjdk\external\jetbrains\jdk\hotspot\src\share\vm\prims\jni.cpp, l

Events (10 events):
Event: 1.785 Thread 0x0000000018e2e000 DEOPT PACKING pc=0x0000000004fdc214 sp=0x00000000196be550
Event: 1.785 Thread 0x0000000018e2e000 DEOPT UNPACKING pc=0x0000000004c8556a sp=0x00000000196be4c8 mode 2
Event: 1.785 Executing VM operation: ParallelGCFailedAllocation
Event: 2.095 Executing VM operation: ParallelGCFailedAllocation done
Event: 2.128 loading class com/android/dx/util/ListIntSet
Event: 2.128 loading class com/android/dx/util/ListIntSet done
Event: 2.129 Executing VM operation: Deoptimize
Event: 2.129 Executing VM operation: Deoptimize done
Event: 2.136 loading class com/android/dx/util/ListIntSet$1
Event: 2.136 loading class com/android/dx/util/ListIntSet$1 done


Dynamic libraries:
0x00007ff70e550000 - 0x00007ff70e581000 	C:\Program Files\Android\Android Studio\jre\bin\java.exe
0x00007ffc0c5d0000 - 0x00007ffc0c7b0000 	C:\WINDOWS\SYSTEM32\ntdll.dll
0x00007ffc0c440000 - 0x00007ffc0c4ee000 	C:\WINDOWS\System32\KERNEL32.DLL
0x00007ffc08a50000 - 0x00007ffc08cb6000 	C:\WINDOWS\System32\KERNELBASE.dll
0x00007ffc0a390000 - 0x00007ffc0a431000 	C:\WINDOWS\System32\ADVAPI32.dll
0x00007ffc0a2f0000 - 0x00007ffc0a38d000 	C:\WINDOWS\System32\msvcrt.dll
0x00007ffc0c150000 - 0x00007ffc0c1ab000 	C:\WINDOWS\System32\sechost.dll
0x00007ffc0c240000 - 0x00007ffc0c35f000 	C:\WINDOWS\System32\RPCRT4.dll
0x00007ffc0a760000 - 0x00007ffc0a8ef000 	C:\WINDOWS\System32\USER32.dll
0x00007ffc09600000 - 0x00007ffc09620000 	C:\WINDOWS\System32\win32u.dll
0x00007ffc0c370000 - 0x00007ffc0c398000 	C:\WINDOWS\System32\GDI32.dll
0x00007ffc09620000 - 0x00007ffc097b3000 	C:\WINDOWS\System32\gdi32full.dll
0x00007ffc09460000 - 0x00007ffc094fb000 	C:\WINDOWS\System32\msvcp_win.dll
0x00007ffc09500000 - 0x00007ffc095f6000 	C:\WINDOWS\System32\ucrtbase.dll
0x00007ffbfd640000 - 0x00007ffbfd8a9000 	C:\WINDOWS\WinSxS\amd64_microsoft.windows.common-controls_6595b64144ccf1df_6.0.16299.431_none_15c7d3ee93659e73\COMCTL32.dll
0x00007ffc0be40000 - 0x00007ffc0c148000 	C:\WINDOWS\System32\combase.dll
0x00007ffc089d0000 - 0x00007ffc08a42000 	C:\WINDOWS\System32\bcryptPrimitives.dll
0x00007ffc0c1b0000 - 0x00007ffc0c1dd000 	C:\WINDOWS\System32\IMM32.DLL
0x000000005e500000 - 0x000000005e5d2000 	C:\Program Files\Android\Android Studio\jre\jre\bin\msvcr100.dll
0x000000005d280000 - 0x000000005dabc000 	C:\Program Files\Android\Android Studio\jre\jre\bin\server\jvm.dll
0x00007ffc0a1e0000 - 0x00007ffc0a1e8000 	C:\WINDOWS\System32\PSAPI.DLL
0x00007ffc075b0000 - 0x00007ffc075b9000 	C:\WINDOWS\SYSTEM32\WSOCK32.dll
0x00007ffc0c3a0000 - 0x00007ffc0c40c000 	C:\WINDOWS\System32\WS2_32.dll
0x00007ffc00d90000 - 0x00007ffc00d9a000 	C:\WINDOWS\SYSTEM32\VERSION.dll
0x00007ffc067c0000 - 0x00007ffc067e3000 	C:\WINDOWS\SYSTEM32\WINMM.dll
0x00007ffc06760000 - 0x00007ffc0678a000 	C:\WINDOWS\SYSTEM32\WINMMBASE.dll
0x00007ffc09410000 - 0x00007ffc0945a000 	C:\WINDOWS\System32\cfgmgr32.dll
0x00007ffbfa120000 - 0x00007ffbfa12f000 	C:\Program Files\Android\Android Studio\jre\jre\bin\verify.dll
0x00007ffbda0a0000 - 0x00007ffbda0c9000 	C:\Program Files\Android\Android Studio\jre\jre\bin\java.dll
0x00007ffbe4d70000 - 0x00007ffbe4d86000 	C:\Program Files\Android\Android Studio\jre\jre\bin\zip.dll
0x00007ffc0aa00000 - 0x00007ffc0be38000 	C:\WINDOWS\System32\SHELL32.dll
0x00007ffc0c4f0000 - 0x00007ffc0c596000 	C:\WINDOWS\System32\shcore.dll
0x00007ffc08cc0000 - 0x00007ffc09407000 	C:\WINDOWS\System32\windows.storage.dll
0x00007ffc0a700000 - 0x00007ffc0a751000 	C:\WINDOWS\System32\shlwapi.dll
0x00007ffc089b0000 - 0x00007ffc089c1000 	C:\WINDOWS\System32\kernel.appcore.dll
0x00007ffc08940000 - 0x00007ffc0898c000 	C:\WINDOWS\System32\powrprof.dll
0x00007ffc08920000 - 0x00007ffc0893b000 	C:\WINDOWS\System32\profapi.dll

VM Arguments:
jvm_args: -Djava.awt.headless=true -Xmx1024M -Dfile.encoding=windows-1252 -Duser.country=FR -Duser.language=fr -Duser.variant 
java_command: com.android.dx.command.Main --dex --force-jumbo --num-threads=4 --multi-dex --output C:\Users\CFAPAG\Desktop\arduino\Android source code\LED\app\build\intermediates\transforms\dex\debug\folders\1000\5\slice_9 C:\Users\CFAPAG\Desktop\arduino\Android source code\LED\app\build\intermediates\transforms\instantRunSlicer\debug\folders\1\5\slice_9
java_class_path (initial): C:\Users\CFAPAG\AppData\Local\Android\sdk\build-tools\25.0.0\lib\dx.jar
Launcher Type: SUN_STANDARD

Environment Variables:
PATH=C:\ProgramData\Oracle\Java\javapath;C:\Program Files (x86)\Intel\iCLS Client\;C:\Program Files\Intel\iCLS Client\;C:\Windows\system32;C:\Windows;C:\Windows\System32\Wbem;C:\Windows\System32\WindowsPowerShell\v1.0\;C:\Program Files (x86)\Intel\Intel(R) Management Engine Components\DAL;C:\Program Files\Intel\Intel(R) Management Engine Components\DAL;C:\Program Files (x86)\Intel\Intel(R) Management Engine Components\IPT;C:\Program Files\Intel\Intel(R) Management Engine Components\IPT;C:\Program Files (x86)\NVIDIA Corporation\PhysX\Common;C:\WINDOWS\system32;C:\WINDOWS;C:\WINDOWS\System32\Wbem;C:\WINDOWS\System32\WindowsPowerShell\v1.0\;C:\Program Files (x86)\Microsoft SQL Server\Client SDK\ODBC\130\Tools\Binn\;C:\Program Files (x86)\Microsoft SQL Server\130\Tools\Binn\;C:\Program Files (x86)\Microsoft SQL Server\130\DTS\Binn\;C:\Program Files (x86)\Microsoft SQL Server\130\Tools\Binn\ManagementStudio\;C:\Program Files\Microsoft SQL Server\110\Tools\Binn\;C:\Program Files (x86)\Microsoft SDKs\TypeScript\1.0\;C:\Program Files\Microsoft SQL Server\120\Tools\Binn\;C:\Program Files\Microsoft SQL Server\Client SDK\ODBC\130\Tools\Binn\;C:\Program Files\Microsoft SQL Server\130\Tools\Binn\;C:\Program Files\Microsoft SQL Server\130\DTS\Binn\;C:\Program Files\nodejs\;C:\Program Files\Git\cmd;C:\Program Files (x86)\GtkSharp\2.12\bin;C:\Program Files (x86)\Windows Kits\8.1\Windows Performance Toolkit\;C:\Users\CFAPAG\AppData\Local\Microsoft\WindowsApps;C:\Users\CFAPAG\AppData\Roaming\npm;C:\Program Files\SDCC\bin;C:\Users\CFAPAG\AppData\Local\Programs\Python\Python36-32;
USERNAME=CFAPAG
OS=Windows_NT
PROCESSOR_IDENTIFIER=Intel64 Family 6 Model 142 Stepping 9, GenuineIntel



---------------  S Y S T E M  ---------------

OS: Windows 10.0 , 64 bit Build 16299 (10.0.16299.431)

CPU:total 4 (2 cores per cpu, 2 threads per core) family 6 model 142 stepping 9, cmov, cx8, fxsr, mmx, sse, sse2, sse3, ssse3, sse4.1, sse4.2, popcnt, avx, avx2, aes, clmul, erms, 3dnowpref, lzcnt, ht, tsc, tscinvbit, bmi1, bmi2, adx

Memory: 4k page, physical 8268828k(553164k free), swap 12876828k(3856k free)

vm_info: OpenJDK 64-Bit Server VM (25.112-b06) for windows-amd64 JRE (1.8.0_112-release-b06), built on Dec  8 2016 00:54:26 by "builder" with MS VC++ 10.0 (VS2010)

time: Fri Jun 01 07:33:37 2018
elapsed time: 2 seconds (0d 0h 0m 2s)

